#
# A fatal error has been detected by the Java Runtime Environment:
#
#  EXCEPTION_ACCESS_VIOLATION (0xc0000005) at pc=0x00007fff3931560f, pid=9136, tid=9104
#
# JRE version: OpenJDK Runtime Environment Corretto-11.0.9.12.1 (11.0.9.1+12) (build 11.0.9.1+12-LTS)
# Java VM: OpenJDK 64-Bit Server VM Corretto-11.0.9.12.1 (11.0.9.1+12-LTS, mixed mode, tiered, compressed oops, g1 gc, windows-amd64)
# Problematic frame:
# V  [jvm.dll+0x62560f]
#
# No core dump will be written. Minidumps are not enabled by default on client versions of Windows
#
# If you would like to submit a bug report, please visit:
#   https://bugreport.java.com/bugreport/crash.jsp
#

---------------  S U M M A R Y ------------

Command Line: --add-opens=java.base/java.util=ALL-UNNAMED --add-opens=java.base/java.lang=ALL-UNNAMED --add-opens=java.base/java.lang.invoke=ALL-UNNAMED --add-opens=java.prefs/java.util.prefs=ALL-UNNAMED -XX:MaxMetaspaceSize=256m -XX:+HeapDumpOnOutOfMemoryError -Xms256m -Xmx512m -Dfile.encoding=windows-1252 -Duser.country=SG -Duser.language=en -Duser.variant org.gradle.launcher.daemon.bootstrap.GradleDaemon 6.2

Host: Intel(R) Core(TM) i7-8550U CPU @ 1.80GHz, 8 cores, 15G,  Windows 10 , 64 bit Build 19041 (10.0.19041.662)
Time: Sun Jan 31 02:25:21 2021 Malay Peninsula Standard Time elapsed time: 25.896962 seconds (0d 0h 0m 25s)

---------------  T H R E A D  ---------------

Current thread (0x00000207a4ea7800):  JavaThread "C2 CompilerThread2" daemon [_thread_in_native, id=9104, stack(0x0000000842700000,0x0000000842800000)]


Current CompileTask:
C2:  25897 6658       4       com.sun.tools.javac.util.UnsharedNameTable::fromUtf (232 bytes)

Stack: [0x0000000842700000,0x0000000842800000],  sp=0x00000008427fb740,  free space=1005k
Native frames: (J=compiled Java code, j=interpreted, Vv=VM code, C=native code)
V  [jvm.dll+0x62560f]
V  [jvm.dll+0x1996fd]
V  [jvm.dll+0x201212]
V  [jvm.dll+0x2002bf]
V  [jvm.dll+0x184fbc]
V  [jvm.dll+0x20f697]
V  [jvm.dll+0x20d87b]
V  [jvm.dll+0x741ca9]
V  [jvm.dll+0x73ad54]
V  [jvm.dll+0x5f3f76]
C  [ucrtbase.dll+0x214c2]
C  [KERNEL32.DLL+0x17034]
C  [ntdll.dll+0x4d0d1]


siginfo: EXCEPTION_ACCESS_VIOLATION (0xc0000005), reading address 0x000022079f183210


Register to memory mapping:

RIP=0x00007fff3931560f jvm.dll
RAX=0x00000008427fbd70 is pointing into the stack for thread: 0x00000207a4ea7800
RBX=0x0000000000000020 is an unknown value
RCX=0x000022079f1831e8 is an unknown value
RDX=0x0000000000000008 is an unknown value
RSP=0x00000008427fb740 is pointing into the stack for thread: 0x00000207a4ea7800
RBP=0x00000008427fb840 is pointing into the stack for thread: 0x00000207a4ea7800
RSI=0x0000000000000001 is an unknown value
RDI=0x000002079cb72c00 points into unknown readable memory: 28 9c 53 39 ff 7f 00 00
R8 =0x0000000000000006 is an unknown value
R9 =0x0000000000000008 is an unknown value
R10=0x00000008427fbe10 is pointing into the stack for thread: 0x00000207a4ea7800
R11=0x000002079cb735f0 points into unknown readable memory: 28 9c 53 39 ff 7f 00 00
R12=0x0000000000000001 is an unknown value
R13=0x0000000000000008 is an unknown value
R14=0x000002079cb735f0 points into unknown readable memory: 28 9c 53 39 ff 7f 00 00
R15=0x0000000000000001 is an unknown value


Registers:
RAX=0x00000008427fbd70, RBX=0x0000000000000020, RCX=0x000022079f1831e8, RDX=0x0000000000000008
RSP=0x00000008427fb740, RBP=0x00000008427fb840, RSI=0x0000000000000001, RDI=0x000002079cb72c00
R8 =0x0000000000000006, R9 =0x0000000000000008, R10=0x00000008427fbe10, R11=0x000002079cb735f0
R12=0x0000000000000001, R13=0x0000000000000008, R14=0x000002079cb735f0, R15=0x0000000000000001
RIP=0x00007fff3931560f, EFLAGS=0x0000000000010202

Top of Stack: (sp=0x00000008427fb740)
0x00000008427fb740:   0000000800000000 000002079f183228
0x00000008427fb750:   0000000800000001 000002079cb736e0
0x00000008427fb760:   00000207a1d68950 00000207a1d68910
0x00000008427fb770:   0000000000000201 00000207ffffffff
0x00000008427fb780:   0000020700000001 000002079cb735f0
0x00000008427fb790:   0000000000000000 0000002000000004
0x00000008427fb7a0:   0000000000000000 00007fff00000007
0x00000008427fb7b0:   00000207a0b0adc0 00000207a12a0570
0x00000008427fb7c0:   00007fff000000df 0000000000000169
0x00000008427fb7d0:   0000000000000000 0000000000000000
0x00000008427fb7e0:   0000000000000000 0000000000000000
0x00000008427fb7f0:   0000000000000000 0000000000000000
0x00000008427fb800:   0000000000000000 0000000000000000
0x00000008427fb810:   0000000000000000 0000000000000000
0x00000008427fb820:   0000000000000000 0000000000000000
0x00000008427fb830:   000002079cb736e0 00000207a129fbc0 

Instructions: (pc=0x00007fff3931560f)
0x00007fff3931550f:   00 48 8b 44 24 70 48 63 ca 4c 8d 04 c8 4d 85 c0
0x00007fff3931551f:   74 09 33 c0 49 89 00 8b 5c 24 5c ff c2 3b d3 7c
0x00007fff3931552f:   e0 48 8b 46 48 33 c9 89 4d 80 39 48 40 0f 86 dc
0x00007fff3931553f:   18 00 00 48 8b 40 30 41 bf 01 00 00 00 44 89 bd
0x00007fff3931554f:   60 01 00 00 4c 8b 34 c8 4c 89 74 24 48 45 8b 46
0x00007fff3931555f:   28 45 3b c7 76 39 45 8b 4e 18 41 8d 57 07 0f 1f
0x00007fff3931556f:   00 45 3b f9 73 0a 49 8b 46 20 48 8b 0c 02 eb 02
0x00007fff3931557f:   33 c9 0f b6 41 2c 24 0f 3c 0c 75 0c 41 ff c7 48
0x00007fff3931558f:   83 c2 08 45 3b f8 72 d9 44 89 bd 60 01 00 00 40
0x00007fff3931559f:   32 ff 45 33 e4 be 01 00 00 00 40 88 bd 58 01 00
0x00007fff393155af:   00 49 8b ce 4c 89 64 24 50 89 b5 68 01 00 00 e8
0x00007fff393155bf:   7d c5 ae ff 3b c6 0f 86 10 04 00 00 0f 1f 44 00
0x00007fff393155cf:   00 4c 8b 5c 24 48 41 83 7b 18 00 76 09 49 8b 43
0x00007fff393155df:   20 48 8b 08 eb 02 33 c9 4c 8b 95 50 01 00 00 41
0x00007fff393155ef:   bc 01 00 00 00 8b c6 44 89 64 24 40 4c 8d 2c c5
0x00007fff393155ff:   00 00 00 00 48 8b 41 08 4a 8b 0c 28 49 8b 42 48
0x00007fff3931560f:   8b 51 28 48 8b 48 78 4c 8b 0c d1 4c 89 4d f0 45
0x00007fff3931561f:   3b fc 0f 86 5c 01 00 00 b9 08 00 00 00 48 89 4d
0x00007fff3931562f:   88 45 3b 63 18 73 0a 49 8b 43 20 48 8b 3c 01 eb
0x00007fff3931563f:   02 33 ff 41 8b 41 4c 48 8b 4c 24 78 48 8b 34 c1
0x00007fff3931564f:   48 8b 4d f8 4c 8b 34 c1 48 8b 47 08 4a 8b 1c 28
0x00007fff3931565f:   49 8b 82 28 01 00 00 48 63 4b 28 8b 0c 88 49 8b
0x00007fff3931566f:   42 70 48 8d 14 89 48 8b 48 20 0f b7 43 2e 48 c1
0x00007fff3931567f:   e2 05 44 8b 7c 0a 30 83 e0 01 0f 84 c6 00 00 00
0x00007fff3931568f:   44 8b a5 68 01 00 00 66 66 0f 1f 84 00 00 00 00
0x00007fff3931569f:   00 8b c8 48 8b 43 08 48 8b 1c c8 48 85 db 75 30
0x00007fff393156af:   4c 8d 0d 92 ac 2a 00 ba f3 00 00 00 4c 8d 05 16
0x00007fff393156bf:   ad 2a 00 48 8d 0d bf ac 2a 00 e8 92 1e c2 ff e8
0x00007fff393156cf:   ed 7d fc ff 4c 8b 95 50 01 00 00 4c 8b 5c 24 48
0x00007fff393156df:   49 8b 82 28 01 00 00 48 63 4b 28 8b 0c 88 49 8b
0x00007fff393156ef:   42 70 48 8d 14 89 48 8b 48 20 48 c1 e2 05 44 39
0x00007fff393156ff:   7c 0a 30 75 43 48 89 74 24 30 4c 8b cb 4c 89 74 


Stack slot to memory mapping:
stack at sp + 0 slots: 0x0000000800000000 is an unknown value
stack at sp + 1 slots: 0x000002079f183228 points into unknown readable memory: 68 18 4f 39 ff 7f 00 00
stack at sp + 2 slots: 0x0000000800000001 is an unknown value
stack at sp + 3 slots: 0x000002079cb736e0 points into unknown readable memory: 28 9c 53 39 ff 7f 00 00
stack at sp + 4 slots: 0x00000207a1d68950 points into unknown readable memory: 00 0a 21 a4 07 02 00 00
stack at sp + 5 slots: 0x00000207a1d68910 points into unknown readable memory: 00 0a 21 a4 07 02 00 00
stack at sp + 6 slots: 0x0000000000000201 is an unknown value
stack at sp + 7 slots: 0x00000207ffffffff is an unknown value


---------------  P R O C E S S  ---------------

Threads class SMR info:
_java_thread_list=0x000002079dcaf6b0, length=56, elements={
0x00000207f989c000, 0x000002079be24800, 0x000002079be31800, 0x000002079be43800,
0x000002079be45800, 0x000002079be48000, 0x000002079c7a5800, 0x000002079c7ad800,
0x000002079c915800, 0x000002079c950800, 0x000002079dfff000, 0x000002079ca51000,
0x000002079d7ed000, 0x000002079d7a0800, 0x000002079e1c8000, 0x000002079e6b6000,
0x000002079e6b7000, 0x000002079e6b5000, 0x000002079e6b1000, 0x00000207a13e0800,
0x00000207a13e0000, 0x00000207a3eb7000, 0x00000207a3eb4000, 0x00000207a3eb4800,
0x00000207a3eb8000, 0x00000207a3eb8800, 0x00000207a3eb6800, 0x00000207a3eb2000,
0x00000207a3eb3000, 0x00000207a3eb5800, 0x00000207a3ebb000, 0x00000207a3ebd800,
0x00000207a3ebc000, 0x00000207a3ebd000, 0x00000207a3ebe800, 0x000002079dc72800,
0x00000207a4ea7800, 0x00000207a3ebf000, 0x00000207a3eb9800, 0x00000207a3eba800,
0x00000207a3ec0000, 0x00000207a3ec1000, 0x00000207a13da000, 0x00000207a13d7800,
0x00000207a13db000, 0x00000207a13dc800, 0x00000207a13dc000, 0x00000207a13d7000,
0x00000207a13dd800, 0x00000207a13de000, 0x00000207a13d8800, 0x00000207a13df000,
0x00000207a13d9800, 0x00000207a13e2800, 0x00000207a13e5800, 0x00000207a13e4000
}

Java Threads: ( => current thread )
  0x00000207f989c000 JavaThread "main" [_thread_blocked, id=8896, stack(0x000000083fb00000,0x000000083fc00000)]
  0x000002079be24800 JavaThread "Reference Handler" daemon [_thread_blocked, id=14212, stack(0x0000000840200000,0x0000000840300000)]
  0x000002079be31800 JavaThread "Finalizer" daemon [_thread_blocked, id=3296, stack(0x0000000840300000,0x0000000840400000)]
  0x000002079be43800 JavaThread "Signal Dispatcher" daemon [_thread_blocked, id=2900, stack(0x0000000840400000,0x0000000840500000)]
  0x000002079be45800 JavaThread "Attach Listener" daemon [_thread_blocked, id=3720, stack(0x0000000840500000,0x0000000840600000)]
  0x000002079be48000 JavaThread "C2 CompilerThread0" daemon [_thread_in_native, id=3228, stack(0x0000000840600000,0x0000000840700000)]
  0x000002079c7a5800 JavaThread "C1 CompilerThread0" daemon [_thread_in_native, id=4384, stack(0x0000000840700000,0x0000000840800000)]
  0x000002079c7ad800 JavaThread "Sweeper thread" daemon [_thread_blocked, id=16988, stack(0x0000000840800000,0x0000000840900000)]
  0x000002079c915800 JavaThread "Common-Cleaner" daemon [_thread_blocked, id=9632, stack(0x0000000840900000,0x0000000840a00000)]
  0x000002079c950800 JavaThread "Service Thread" daemon [_thread_blocked, id=5088, stack(0x0000000840a00000,0x0000000840b00000)]
  0x000002079dfff000 JavaThread "Daemon health stats" [_thread_blocked, id=5848, stack(0x0000000841200000,0x0000000841300000)]
  0x000002079ca51000 JavaThread "Incoming local TCP Connector on port 50597" [_thread_in_native, id=19888, stack(0x0000000840c00000,0x0000000840d00000)]
  0x000002079d7ed000 JavaThread "Daemon periodic checks" [_thread_blocked, id=11940, stack(0x0000000841300000,0x0000000841400000)]
  0x000002079d7a0800 JavaThread "Daemon" [_thread_blocked, id=9556, stack(0x0000000841400000,0x0000000841500000)]
  0x000002079e1c8000 JavaThread "Daemon worker" [_thread_blocked, id=8376, stack(0x0000000841700000,0x0000000841800000)]
  0x000002079e6b6000 JavaThread "Cache worker for journal cache (C:\Users\Nicholas\.gradle\caches\journal-1)" [_thread_blocked, id=13116, stack(0x0000000841c00000,0x0000000841d00000)]
  0x000002079e6b7000 JavaThread "File lock request listener" [_thread_in_native, id=19524, stack(0x0000000841d00000,0x0000000841e00000)]
  0x000002079e6b5000 JavaThread "Cache worker for file hash cache (C:\Users\Nicholas\.gradle\caches\6.2\fileHashes)" [_thread_blocked, id=12000, stack(0x0000000841e00000,0x0000000841f00000)]
  0x000002079e6b1000 JavaThread "Cache worker for execution history cache (C:\Users\Nicholas\.gradle\caches\6.2\executionHistory)" [_thread_blocked, id=16068, stack(0x0000000842600000,0x0000000842700000)]
  0x00000207a13e0800 JavaThread "Memory manager" [_thread_blocked, id=9240, stack(0x0000000843100000,0x0000000843200000)]
  0x00000207a13e0000 JavaThread "Cache worker for file content cache (C:\Users\Nicholas\.gradle\caches\6.2\fileContent)" [_thread_blocked, id=10916, stack(0x0000000843200000,0x0000000843300000)]
  0x00000207a3eb7000 JavaThread "Cache worker for Java compile cache (C:\Users\Nicholas\.gradle\caches\6.2\javaCompile)" [_thread_blocked, id=11836, stack(0x0000000843c00000,0x0000000843d00000)]
  0x00000207a3eb4000 JavaThread "Exec process" [_thread_blocked, id=4904, stack(0x0000000843e00000,0x0000000843f00000)]
  0x00000207a3eb4800 JavaThread "Exec process Thread 2" [_thread_blocked, id=17924, stack(0x0000000843f00000,0x0000000844000000)]
  0x00000207a3eb8000 JavaThread "Exec process Thread 3" [_thread_blocked, id=17772, stack(0x0000000844000000,0x0000000844100000)]
  0x00000207a3eb8800 JavaThread "Exec process Thread 4" [_thread_blocked, id=19340, stack(0x0000000844200000,0x0000000844300000)]
  0x00000207a3eb6800 JavaThread "Handler for socket connection from /127.0.0.1:50597 to /127.0.0.1:50605" [_thread_in_native, id=7232, stack(0x0000000841500000,0x0000000841600000)]
  0x00000207a3eb2000 JavaThread "Cancel handler" [_thread_blocked, id=13180, stack(0x0000000841600000,0x0000000841700000)]
  0x00000207a3eb3000 JavaThread "Asynchronous log dispatcher for DefaultDaemonConnection: socket connection from /127.0.0.1:50597 to /127.0.0.1:50605" [_thread_blocked, id=4856, stack(0x0000000841800000,0x0000000841900000)]
  0x00000207a3eb5800 JavaThread "Stdin handler" [_thread_blocked, id=8, stack(0x0000000841900000,0x0000000841a00000)]
  0x00000207a3ebb000 JavaThread "Thread-48" [_thread_blocked, id=20340, stack(0x0000000841a00000,0x0000000841b00000)]
  0x00000207a3ebd800 JavaThread "Cache worker for checksums cache (D:\NUS\Y3S2\CS2103 Software Engineering\ip\.gradle\checksums)" [_thread_blocked, id=1960, stack(0x0000000841b00000,0x0000000841c00000)]
  0x00000207a3ebc000 JavaThread "Cache worker for file hash cache (D:\NUS\Y3S2\CS2103 Software Engineering\ip\.gradle\6.2\fileHashes)" [_thread_blocked, id=11768, stack(0x0000000842200000,0x0000000842300000)]
  0x00000207a3ebd000 JavaThread "Cache worker for cache directory md-supplier (C:\Users\Nicholas\.gradle\caches\6.2\md-supplier)" [_thread_blocked, id=11696, stack(0x0000000842300000,0x0000000842400000)]
  0x00000207a3ebe800 JavaThread "Cache worker for cache directory md-rule (C:\Users\Nicholas\.gradle\caches\6.2\md-rule)" [_thread_blocked, id=6376, stack(0x0000000842400000,0x0000000842500000)]
  0x000002079dc72800 JavaThread "C2 CompilerThread1" daemon [_thread_in_native, id=18768, stack(0x0000000842500000,0x0000000842600000)]
=>0x00000207a4ea7800 JavaThread "C2 CompilerThread2" daemon [_thread_in_native, id=9104, stack(0x0000000842700000,0x0000000842800000)]
  0x00000207a3ebf000 JavaThread "Build operations" [_thread_blocked, id=4348, stack(0x0000000842800000,0x0000000842900000)]
  0x00000207a3eb9800 JavaThread "Build operations Thread 2" [_thread_blocked, id=10364, stack(0x0000000842900000,0x0000000842a00000)]
  0x00000207a3eba800 JavaThread "Build operations Thread 3" [_thread_blocked, id=18096, stack(0x0000000842a00000,0x0000000842b00000)]
  0x00000207a3ec0000 JavaThread "Build operations Thread 4" [_thread_blocked, id=9776, stack(0x0000000842b00000,0x0000000842c00000)]
  0x00000207a3ec1000 JavaThread "Build operations Thread 5" [_thread_blocked, id=5472, stack(0x0000000842c00000,0x0000000842d00000)]
  0x00000207a13da000 JavaThread "Build operations Thread 6" [_thread_blocked, id=7540, stack(0x0000000842d00000,0x0000000842e00000)]
  0x00000207a13d7800 JavaThread "Build operations Thread 7" [_thread_blocked, id=1088, stack(0x0000000842e00000,0x0000000842f00000)]
  0x00000207a13db000 JavaThread "Build operations Thread 8" [_thread_blocked, id=15468, stack(0x0000000842f00000,0x0000000843000000)]
  0x00000207a13dc800 JavaThread "Cache worker for Build Output Cleanup Cache (D:\NUS\Y3S2\CS2103 Software Engineering\ip\.gradle\buildOutputCleanup)" [_thread_blocked, id=10052, stack(0x0000000843000000,0x0000000843100000)]
  0x00000207a13dc000 JavaThread "Cache worker for file content cache (D:\NUS\Y3S2\CS2103 Software Engineering\ip\.gradle\6.2\fileContent)" [_thread_blocked, id=10868, stack(0x0000000843300000,0x0000000843400000)]
  0x00000207a13d7000 JavaThread "Execution worker for ':'" [_thread_in_Java, id=16260, stack(0x0000000843400000,0x0000000843500000)]
  0x00000207a13dd800 JavaThread "Execution worker for ':' Thread 2" [_thread_blocked, id=10692, stack(0x0000000843500000,0x0000000843600000)]
  0x00000207a13de000 JavaThread "Execution worker for ':' Thread 3" [_thread_blocked, id=13584, stack(0x0000000843600000,0x0000000843700000)]
  0x00000207a13d8800 JavaThread "Execution worker for ':' Thread 4" [_thread_blocked, id=5176, stack(0x0000000843700000,0x0000000843800000)]
  0x00000207a13df000 JavaThread "Execution worker for ':' Thread 5" [_thread_blocked, id=2168, stack(0x0000000843800000,0x0000000843900000)]
  0x00000207a13d9800 JavaThread "Execution worker for ':' Thread 6" [_thread_blocked, id=12736, stack(0x0000000843900000,0x0000000843a00000)]
  0x00000207a13e2800 JavaThread "Execution worker for ':' Thread 7" [_thread_blocked, id=4808, stack(0x0000000843a00000,0x0000000843b00000)]
  0x00000207a13e5800 JavaThread "Cache worker for execution history cache (D:\NUS\Y3S2\CS2103 Software Engineering\ip\.gradle\6.2\executionHistory)" [_thread_blocked, id=17980, stack(0x0000000843b00000,0x0000000843c00000)]
  0x00000207a13e4000 JavaThread "Cache worker for Java compile cache (D:\NUS\Y3S2\CS2103 Software Engineering\ip\.gradle\6.2\javaCompile)" [_thread_blocked, id=16636, stack(0x0000000843d00000,0x0000000843e00000)]

Other Threads:
  0x000002079be00800 VMThread "VM Thread" [stack: 0x0000000840100000,0x0000000840200000] [id=17100]
  0x000002079c953800 WatcherThread [stack: 0x0000000840b00000,0x0000000840c00000] [id=19676]
  0x00000207f98b6800 GCTaskThread "GC Thread#0" [stack: 0x000000083fc00000,0x000000083fd00000] [id=9564]
  0x000002079d22e800 GCTaskThread "GC Thread#1" [stack: 0x0000000840d00000,0x0000000840e00000] [id=3924]
  0x000002079d22f000 GCTaskThread "GC Thread#2" [stack: 0x0000000840e00000,0x0000000840f00000] [id=8252]
  0x000002079d186800 GCTaskThread "GC Thread#3" [stack: 0x0000000840f00000,0x0000000841000000] [id=5616]
  0x000002079d187000 GCTaskThread "GC Thread#4" [stack: 0x0000000841000000,0x0000000841100000] [id=1588]
  0x000002079d374800 GCTaskThread "GC Thread#5" [stack: 0x0000000841100000,0x0000000841200000] [id=9764]
  0x000002079e635800 GCTaskThread "GC Thread#6" [stack: 0x0000000841f00000,0x0000000842000000] [id=4276]
  0x000002079e7e2800 GCTaskThread "GC Thread#7" [stack: 0x0000000842000000,0x0000000842100000] [id=516]
  0x00000207f98c7800 ConcurrentGCThread "G1 Main Marker" [stack: 0x000000083fd00000,0x000000083fe00000] [id=11416]
  0x00000207f98ca000 ConcurrentGCThread "G1 Conc#0" [stack: 0x000000083fe00000,0x000000083ff00000] [id=9320]
  0x000002079e326800 ConcurrentGCThread "G1 Conc#1" [stack: 0x0000000842100000,0x0000000842200000] [id=4412]
  0x000002079bc9a800 ConcurrentGCThread "G1 Refine#0" [stack: 0x000000083ff00000,0x0000000840000000] [id=5368]
  0x000002079bc9b800 ConcurrentGCThread "G1 Young RemSet Sampling" [stack: 0x0000000840000000,0x0000000840100000] [id=17592]

Threads with active compile tasks:
C2 CompilerThread0  25982 6709   !   4       com.sun.tools.javac.jvm.ClassReader::classSigToType (498 bytes)
C2 CompilerThread1  25982 6701       4       java.lang.String::replace (149 bytes)
C2 CompilerThread2  25982 6658       4       com.sun.tools.javac.util.UnsharedNameTable::fromUtf (232 bytes)

VM state:not at safepoint (normal execution)

VM Mutex/Monitor currently owned by a thread:  ([mutex/lock_event])
[0x00000207f98996f0] Heap_lock - owner thread: 0x0000000000000000

Heap address: 0x00000000e0000000, size: 512 MB, Compressed Oops mode: 32-bit
Narrow klass base: 0x0000000000000000, Narrow klass shift: 3
Compressed class space size: 260046848 Address: 0x0000000100000000

Heap:
 garbage-first heap   total 262144K, used 118363K [0x00000000e0000000, 0x0000000100000000)
  region size 1024K, 81 young (82944K), 16 survivors (16384K)
 Metaspace       used 61014K, capacity 62707K, committed 62800K, reserved 309248K
  class space    used 8040K, capacity 8614K, committed 8704K, reserved 253952K
Heap Regions: E=young(eden), S=young(survivor), O=old, HS=humongous(starts), HC=humongous(continues), CS=collection set, F=free, A=archive, TAMS=top-at-mark-start (previous, next)
|   0|0x00000000e0000000, 0x00000000e0100000, 0x00000000e0100000|100%| O|  |TAMS 0x00000000e0100000, 0x00000000e0000000| Untracked 
|   1|0x00000000e0100000, 0x00000000e0200000, 0x00000000e0200000|100%| O|  |TAMS 0x00000000e0200000, 0x00000000e0100000| Untracked 
|   2|0x00000000e0200000, 0x00000000e0300000, 0x00000000e0300000|100%| O|  |TAMS 0x00000000e0300000, 0x00000000e0200000| Untracked 
|   3|0x00000000e0300000, 0x00000000e0400000, 0x00000000e0400000|100%|HS|  |TAMS 0x00000000e0400000, 0x00000000e0300000| Complete 
|   4|0x00000000e0400000, 0x00000000e0500000, 0x00000000e0500000|100%|HC|  |TAMS 0x00000000e0500000, 0x00000000e0400000| Complete 
|   5|0x00000000e0500000, 0x00000000e0600000, 0x00000000e0600000|100%|HC|  |TAMS 0x00000000e0600000, 0x00000000e0500000| Complete 
|   6|0x00000000e0600000, 0x00000000e0700000, 0x00000000e0700000|100%| O|  |TAMS 0x00000000e0700000, 0x00000000e0600000| Untracked 
|   7|0x00000000e0700000, 0x00000000e0800000, 0x00000000e0800000|100%| O|  |TAMS 0x00000000e0800000, 0x00000000e0700000| Untracked 
|   8|0x00000000e0800000, 0x00000000e0900000, 0x00000000e0900000|100%| O|  |TAMS 0x00000000e0900000, 0x00000000e0800000| Untracked 
|   9|0x00000000e0900000, 0x00000000e0a00000, 0x00000000e0a00000|100%| O|  |TAMS 0x00000000e0a00000, 0x00000000e0900000| Untracked 
|  10|0x00000000e0a00000, 0x00000000e0b00000, 0x00000000e0b00000|100%| O|  |TAMS 0x00000000e0b00000, 0x00000000e0a00000| Untracked 
|  11|0x00000000e0b00000, 0x00000000e0c00000, 0x00000000e0c00000|100%| O|  |TAMS 0x00000000e0c00000, 0x00000000e0b00000| Untracked 
|  12|0x00000000e0c00000, 0x00000000e0d00000, 0x00000000e0d00000|100%| O|  |TAMS 0x00000000e0d00000, 0x00000000e0c00000| Untracked 
|  13|0x00000000e0d00000, 0x00000000e0e00000, 0x00000000e0e00000|100%| O|  |TAMS 0x00000000e0e00000, 0x00000000e0d00000| Untracked 
|  14|0x00000000e0e00000, 0x00000000e0f00000, 0x00000000e0f00000|100%| O|  |TAMS 0x00000000e0f00000, 0x00000000e0e00000| Untracked 
|  15|0x00000000e0f00000, 0x00000000e1000000, 0x00000000e1000000|100%| O|  |TAMS 0x00000000e1000000, 0x00000000e0f00000| Untracked 
|  16|0x00000000e1000000, 0x00000000e1100000, 0x00000000e1100000|100%| O|  |TAMS 0x00000000e1100000, 0x00000000e1000000| Untracked 
|  17|0x00000000e1100000, 0x00000000e1200000, 0x00000000e1200000|100%| O|  |TAMS 0x00000000e1200000, 0x00000000e1100000| Untracked 
|  18|0x00000000e1200000, 0x00000000e1300000, 0x00000000e1300000|100%| O|  |TAMS 0x00000000e1300000, 0x00000000e1200000| Untracked 
|  19|0x00000000e1300000, 0x00000000e1400000, 0x00000000e1400000|100%| O|  |TAMS 0x00000000e1400000, 0x00000000e1300000| Untracked 
|  20|0x00000000e1400000, 0x00000000e1500000, 0x00000000e1500000|100%| O|  |TAMS 0x00000000e1500000, 0x00000000e1400000| Untracked 
|  21|0x00000000e1500000, 0x00000000e1600000, 0x00000000e1600000|100%| O|  |TAMS 0x00000000e1600000, 0x00000000e1500000| Untracked 
|  22|0x00000000e1600000, 0x00000000e1700000, 0x00000000e1700000|100%| O|  |TAMS 0x00000000e1700000, 0x00000000e1600000| Untracked 
|  23|0x00000000e1700000, 0x00000000e1800000, 0x00000000e1800000|100%| O|  |TAMS 0x00000000e1800000, 0x00000000e1700000| Untracked 
|  24|0x00000000e1800000, 0x00000000e1900000, 0x00000000e1900000|100%| O|  |TAMS 0x00000000e1900000, 0x00000000e1800000| Untracked 
|  25|0x00000000e1900000, 0x00000000e1a00000, 0x00000000e1a00000|100%| O|  |TAMS 0x00000000e1a00000, 0x00000000e1900000| Untracked 
|  26|0x00000000e1a00000, 0x00000000e1b00000, 0x00000000e1b00000|100%| O|  |TAMS 0x00000000e1b00000, 0x00000000e1a00000| Untracked 
|  27|0x00000000e1b00000, 0x00000000e1c00000, 0x00000000e1c00000|100%| O|  |TAMS 0x00000000e1c00000, 0x00000000e1b00000| Untracked 
|  28|0x00000000e1c00000, 0x00000000e1d00000, 0x00000000e1d00000|100%| O|  |TAMS 0x00000000e1d00000, 0x00000000e1c00000| Untracked 
|  29|0x00000000e1d00000, 0x00000000e1e00000, 0x00000000e1e00000|100%| O|  |TAMS 0x00000000e1e00000, 0x00000000e1d00000| Untracked 
|  30|0x00000000e1e00000, 0x00000000e1f00000, 0x00000000e1f00000|100%| O|  |TAMS 0x00000000e1f00000, 0x00000000e1e00000| Untracked 
|  31|0x00000000e1f00000, 0x00000000e2000000, 0x00000000e2000000|100%| O|  |TAMS 0x00000000e2000000, 0x00000000e1f00000| Untracked 
|  32|0x00000000e2000000, 0x00000000e2100000, 0x00000000e2100000|100%| O|  |TAMS 0x00000000e2100000, 0x00000000e2000000| Untracked 
|  33|0x00000000e2100000, 0x00000000e2200000, 0x00000000e2200000|100%| O|  |TAMS 0x00000000e2200000, 0x00000000e2100000| Untracked 
|  34|0x00000000e2200000, 0x00000000e2300000, 0x00000000e2300000|100%| O|  |TAMS 0x00000000e2300000, 0x00000000e2200000| Untracked 
|  35|0x00000000e2300000, 0x00000000e2400000, 0x00000000e2400000|100%| O|  |TAMS 0x00000000e2400000, 0x00000000e2300000| Untracked 
|  36|0x00000000e2400000, 0x00000000e2496e00, 0x00000000e2500000| 58%| O|  |TAMS 0x00000000e2496e00, 0x00000000e2400000| Untracked 
|  37|0x00000000e2500000, 0x00000000e2500000, 0x00000000e2600000|  0%| F|  |TAMS 0x00000000e2500000, 0x00000000e2500000| Untracked 
|  38|0x00000000e2600000, 0x00000000e2600000, 0x00000000e2700000|  0%| F|  |TAMS 0x00000000e2600000, 0x00000000e2600000| Untracked 
|  39|0x00000000e2700000, 0x00000000e2700000, 0x00000000e2800000|  0%| F|  |TAMS 0x00000000e2700000, 0x00000000e2700000| Untracked 
|  40|0x00000000e2800000, 0x00000000e2800000, 0x00000000e2900000|  0%| F|  |TAMS 0x00000000e2800000, 0x00000000e2800000| Untracked 
|  41|0x00000000e2900000, 0x00000000e2900000, 0x00000000e2a00000|  0%| F|  |TAMS 0x00000000e2900000, 0x00000000e2900000| Untracked 
|  42|0x00000000e2a00000, 0x00000000e2a00000, 0x00000000e2b00000|  0%| F|  |TAMS 0x00000000e2a00000, 0x00000000e2a00000| Untracked 
|  43|0x00000000e2b00000, 0x00000000e2b00000, 0x00000000e2c00000|  0%| F|  |TAMS 0x00000000e2b00000, 0x00000000e2b00000| Untracked 
|  44|0x00000000e2c00000, 0x00000000e2c00000, 0x00000000e2d00000|  0%| F|  |TAMS 0x00000000e2c00000, 0x00000000e2c00000| Untracked 
|  45|0x00000000e2d00000, 0x00000000e2d00000, 0x00000000e2e00000|  0%| F|  |TAMS 0x00000000e2d00000, 0x00000000e2d00000| Untracked 
|  46|0x00000000e2e00000, 0x00000000e2e00000, 0x00000000e2f00000|  0%| F|  |TAMS 0x00000000e2e00000, 0x00000000e2e00000| Untracked 
|  47|0x00000000e2f00000, 0x00000000e2f00000, 0x00000000e3000000|  0%| F|  |TAMS 0x00000000e2f00000, 0x00000000e2f00000| Untracked 
|  48|0x00000000e3000000, 0x00000000e3000000, 0x00000000e3100000|  0%| F|  |TAMS 0x00000000e3000000, 0x00000000e3000000| Untracked 
|  49|0x00000000e3100000, 0x00000000e3100000, 0x00000000e3200000|  0%| F|  |TAMS 0x00000000e3100000, 0x00000000e3100000| Untracked 
|  50|0x00000000e3200000, 0x00000000e3200000, 0x00000000e3300000|  0%| F|  |TAMS 0x00000000e3200000, 0x00000000e3200000| Untracked 
|  51|0x00000000e3300000, 0x00000000e3300000, 0x00000000e3400000|  0%| F|  |TAMS 0x00000000e3300000, 0x00000000e3300000| Untracked 
|  52|0x00000000e3400000, 0x00000000e3400000, 0x00000000e3500000|  0%| F|  |TAMS 0x00000000e3400000, 0x00000000e3400000| Untracked 
|  53|0x00000000e3500000, 0x00000000e3500000, 0x00000000e3600000|  0%| F|  |TAMS 0x00000000e3500000, 0x00000000e3500000| Untracked 
|  54|0x00000000e3600000, 0x00000000e3600000, 0x00000000e3700000|  0%| F|  |TAMS 0x00000000e3600000, 0x00000000e3600000| Untracked 
|  55|0x00000000e3700000, 0x00000000e3700000, 0x00000000e3800000|  0%| F|  |TAMS 0x00000000e3700000, 0x00000000e3700000| Untracked 
|  56|0x00000000e3800000, 0x00000000e3800000, 0x00000000e3900000|  0%| F|  |TAMS 0x00000000e3800000, 0x00000000e3800000| Untracked 
|  57|0x00000000e3900000, 0x00000000e3900000, 0x00000000e3a00000|  0%| F|  |TAMS 0x00000000e3900000, 0x00000000e3900000| Untracked 
|  58|0x00000000e3a00000, 0x00000000e3a00000, 0x00000000e3b00000|  0%| F|  |TAMS 0x00000000e3a00000, 0x00000000e3a00000| Untracked 
|  59|0x00000000e3b00000, 0x00000000e3b00000, 0x00000000e3c00000|  0%| F|  |TAMS 0x00000000e3b00000, 0x00000000e3b00000| Untracked 
|  60|0x00000000e3c00000, 0x00000000e3c00000, 0x00000000e3d00000|  0%| F|  |TAMS 0x00000000e3c00000, 0x00000000e3c00000| Untracked 
|  61|0x00000000e3d00000, 0x00000000e3d00000, 0x00000000e3e00000|  0%| F|  |TAMS 0x00000000e3d00000, 0x00000000e3d00000| Untracked 
|  62|0x00000000e3e00000, 0x00000000e3e00000, 0x00000000e3f00000|  0%| F|  |TAMS 0x00000000e3e00000, 0x00000000e3e00000| Untracked 
|  63|0x00000000e3f00000, 0x00000000e3f00000, 0x00000000e4000000|  0%| F|  |TAMS 0x00000000e3f00000, 0x00000000e3f00000| Untracked 
|  64|0x00000000e4000000, 0x00000000e4000000, 0x00000000e4100000|  0%| F|  |TAMS 0x00000000e4000000, 0x00000000e4000000| Untracked 
|  65|0x00000000e4100000, 0x00000000e4100000, 0x00000000e4200000|  0%| F|  |TAMS 0x00000000e4100000, 0x00000000e4100000| Untracked 
|  66|0x00000000e4200000, 0x00000000e4200000, 0x00000000e4300000|  0%| F|  |TAMS 0x00000000e4200000, 0x00000000e4200000| Untracked 
|  67|0x00000000e4300000, 0x00000000e4300000, 0x00000000e4400000|  0%| F|  |TAMS 0x00000000e4300000, 0x00000000e4300000| Untracked 
|  68|0x00000000e4400000, 0x00000000e4400000, 0x00000000e4500000|  0%| F|  |TAMS 0x00000000e4400000, 0x00000000e4400000| Untracked 
|  69|0x00000000e4500000, 0x00000000e4500000, 0x00000000e4600000|  0%| F|  |TAMS 0x00000000e4500000, 0x00000000e4500000| Untracked 
|  70|0x00000000e4600000, 0x00000000e4600000, 0x00000000e4700000|  0%| F|  |TAMS 0x00000000e4600000, 0x00000000e4600000| Untracked 
|  71|0x00000000e4700000, 0x00000000e4700000, 0x00000000e4800000|  0%| F|  |TAMS 0x00000000e4700000, 0x00000000e4700000| Untracked 
|  72|0x00000000e4800000, 0x00000000e4800000, 0x00000000e4900000|  0%| F|  |TAMS 0x00000000e4800000, 0x00000000e4800000| Untracked 
|  73|0x00000000e4900000, 0x00000000e4900000, 0x00000000e4a00000|  0%| F|  |TAMS 0x00000000e4900000, 0x00000000e4900000| Untracked 
|  74|0x00000000e4a00000, 0x00000000e4a00000, 0x00000000e4b00000|  0%| F|  |TAMS 0x00000000e4a00000, 0x00000000e4a00000| Untracked 
|  75|0x00000000e4b00000, 0x00000000e4b00000, 0x00000000e4c00000|  0%| F|  |TAMS 0x00000000e4b00000, 0x00000000e4b00000| Untracked 
|  76|0x00000000e4c00000, 0x00000000e4c00000, 0x00000000e4d00000|  0%| F|  |TAMS 0x00000000e4c00000, 0x00000000e4c00000| Untracked 
|  77|0x00000000e4d00000, 0x00000000e4d00000, 0x00000000e4e00000|  0%| F|  |TAMS 0x00000000e4d00000, 0x00000000e4d00000| Untracked 
|  78|0x00000000e4e00000, 0x00000000e4e00000, 0x00000000e4f00000|  0%| F|  |TAMS 0x00000000e4e00000, 0x00000000e4e00000| Untracked 
|  79|0x00000000e4f00000, 0x00000000e4f00000, 0x00000000e5000000|  0%| F|  |TAMS 0x00000000e4f00000, 0x00000000e4f00000| Untracked 
|  80|0x00000000e5000000, 0x00000000e5000000, 0x00000000e5100000|  0%| F|  |TAMS 0x00000000e5000000, 0x00000000e5000000| Untracked 
|  81|0x00000000e5100000, 0x00000000e5100000, 0x00000000e5200000|  0%| F|  |TAMS 0x00000000e5100000, 0x00000000e5100000| Untracked 
|  82|0x00000000e5200000, 0x00000000e5200000, 0x00000000e5300000|  0%| F|  |TAMS 0x00000000e5200000, 0x00000000e5200000| Untracked 
|  83|0x00000000e5300000, 0x00000000e5300000, 0x00000000e5400000|  0%| F|  |TAMS 0x00000000e5300000, 0x00000000e5300000| Untracked 
|  84|0x00000000e5400000, 0x00000000e5400000, 0x00000000e5500000|  0%| F|  |TAMS 0x00000000e5400000, 0x00000000e5400000| Untracked 
|  85|0x00000000e5500000, 0x00000000e5500000, 0x00000000e5600000|  0%| F|  |TAMS 0x00000000e5500000, 0x00000000e5500000| Untracked 
|  86|0x00000000e5600000, 0x00000000e5600000, 0x00000000e5700000|  0%| F|  |TAMS 0x00000000e5600000, 0x00000000e5600000| Untracked 
|  87|0x00000000e5700000, 0x00000000e5700000, 0x00000000e5800000|  0%| F|  |TAMS 0x00000000e5700000, 0x00000000e5700000| Untracked 
|  88|0x00000000e5800000, 0x00000000e5800000, 0x00000000e5900000|  0%| F|  |TAMS 0x00000000e5800000, 0x00000000e5800000| Untracked 
|  89|0x00000000e5900000, 0x00000000e5900000, 0x00000000e5a00000|  0%| F|  |TAMS 0x00000000e5900000, 0x00000000e5900000| Untracked 
|  90|0x00000000e5a00000, 0x00000000e5a00000, 0x00000000e5b00000|  0%| F|  |TAMS 0x00000000e5a00000, 0x00000000e5a00000| Untracked 
|  91|0x00000000e5b00000, 0x00000000e5b00000, 0x00000000e5c00000|  0%| F|  |TAMS 0x00000000e5b00000, 0x00000000e5b00000| Untracked 
|  92|0x00000000e5c00000, 0x00000000e5c00000, 0x00000000e5d00000|  0%| F|  |TAMS 0x00000000e5c00000, 0x00000000e5c00000| Untracked 
|  93|0x00000000e5d00000, 0x00000000e5d00000, 0x00000000e5e00000|  0%| F|  |TAMS 0x00000000e5d00000, 0x00000000e5d00000| Untracked 
|  94|0x00000000e5e00000, 0x00000000e5e00000, 0x00000000e5f00000|  0%| F|  |TAMS 0x00000000e5e00000, 0x00000000e5e00000| Untracked 
|  95|0x00000000e5f00000, 0x00000000e5f00000, 0x00000000e6000000|  0%| F|  |TAMS 0x00000000e5f00000, 0x00000000e5f00000| Untracked 
|  96|0x00000000e6000000, 0x00000000e6000000, 0x00000000e6100000|  0%| F|  |TAMS 0x00000000e6000000, 0x00000000e6000000| Untracked 
|  97|0x00000000e6100000, 0x00000000e6100000, 0x00000000e6200000|  0%| F|  |TAMS 0x00000000e6100000, 0x00000000e6100000| Untracked 
|  98|0x00000000e6200000, 0x00000000e6200000, 0x00000000e6300000|  0%| F|  |TAMS 0x00000000e6200000, 0x00000000e6200000| Untracked 
|  99|0x00000000e6300000, 0x00000000e6300000, 0x00000000e6400000|  0%| F|  |TAMS 0x00000000e6300000, 0x00000000e6300000| Untracked 
| 100|0x00000000e6400000, 0x00000000e6400000, 0x00000000e6500000|  0%| F|  |TAMS 0x00000000e6400000, 0x00000000e6400000| Untracked 
| 101|0x00000000e6500000, 0x00000000e6500000, 0x00000000e6600000|  0%| F|  |TAMS 0x00000000e6500000, 0x00000000e6500000| Untracked 
| 102|0x00000000e6600000, 0x00000000e6600000, 0x00000000e6700000|  0%| F|  |TAMS 0x00000000e6600000, 0x00000000e6600000| Untracked 
| 103|0x00000000e6700000, 0x00000000e6700000, 0x00000000e6800000|  0%| F|  |TAMS 0x00000000e6700000, 0x00000000e6700000| Untracked 
| 104|0x00000000e6800000, 0x00000000e6800000, 0x00000000e6900000|  0%| F|  |TAMS 0x00000000e6800000, 0x00000000e6800000| Untracked 
| 105|0x00000000e6900000, 0x00000000e6900000, 0x00000000e6a00000|  0%| F|  |TAMS 0x00000000e6900000, 0x00000000e6900000| Untracked 
| 106|0x00000000e6a00000, 0x00000000e6a00000, 0x00000000e6b00000|  0%| F|  |TAMS 0x00000000e6a00000, 0x00000000e6a00000| Untracked 
| 107|0x00000000e6b00000, 0x00000000e6b00000, 0x00000000e6c00000|  0%| F|  |TAMS 0x00000000e6b00000, 0x00000000e6b00000| Untracked 
| 108|0x00000000e6c00000, 0x00000000e6c00000, 0x00000000e6d00000|  0%| F|  |TAMS 0x00000000e6c00000, 0x00000000e6c00000| Untracked 
| 109|0x00000000e6d00000, 0x00000000e6d00000, 0x00000000e6e00000|  0%| F|  |TAMS 0x00000000e6d00000, 0x00000000e6d00000| Untracked 
| 110|0x00000000e6e00000, 0x00000000e6e00000, 0x00000000e6f00000|  0%| F|  |TAMS 0x00000000e6e00000, 0x00000000e6e00000| Untracked 
| 111|0x00000000e6f00000, 0x00000000e6f00000, 0x00000000e7000000|  0%| F|  |TAMS 0x00000000e6f00000, 0x00000000e6f00000| Untracked 
| 112|0x00000000e7000000, 0x00000000e7000000, 0x00000000e7100000|  0%| F|  |TAMS 0x00000000e7000000, 0x00000000e7000000| Untracked 
| 113|0x00000000e7100000, 0x00000000e7100000, 0x00000000e7200000|  0%| F|  |TAMS 0x00000000e7100000, 0x00000000e7100000| Untracked 
| 114|0x00000000e7200000, 0x00000000e7200000, 0x00000000e7300000|  0%| F|  |TAMS 0x00000000e7200000, 0x00000000e7200000| Untracked 
| 115|0x00000000e7300000, 0x00000000e7300000, 0x00000000e7400000|  0%| F|  |TAMS 0x00000000e7300000, 0x00000000e7300000| Untracked 
| 116|0x00000000e7400000, 0x00000000e7400000, 0x00000000e7500000|  0%| F|  |TAMS 0x00000000e7400000, 0x00000000e7400000| Untracked 
| 117|0x00000000e7500000, 0x00000000e7500000, 0x00000000e7600000|  0%| F|  |TAMS 0x00000000e7500000, 0x00000000e7500000| Untracked 
| 118|0x00000000e7600000, 0x00000000e7600000, 0x00000000e7700000|  0%| F|  |TAMS 0x00000000e7600000, 0x00000000e7600000| Untracked 
| 119|0x00000000e7700000, 0x00000000e7700000, 0x00000000e7800000|  0%| F|  |TAMS 0x00000000e7700000, 0x00000000e7700000| Untracked 
| 120|0x00000000e7800000, 0x00000000e7800000, 0x00000000e7900000|  0%| F|  |TAMS 0x00000000e7800000, 0x00000000e7800000| Untracked 
| 121|0x00000000e7900000, 0x00000000e7900000, 0x00000000e7a00000|  0%| F|  |TAMS 0x00000000e7900000, 0x00000000e7900000| Untracked 
| 122|0x00000000e7a00000, 0x00000000e7a00000, 0x00000000e7b00000|  0%| F|  |TAMS 0x00000000e7a00000, 0x00000000e7a00000| Untracked 
| 123|0x00000000e7b00000, 0x00000000e7b00000, 0x00000000e7c00000|  0%| F|  |TAMS 0x00000000e7b00000, 0x00000000e7b00000| Untracked 
| 124|0x00000000e7c00000, 0x00000000e7c00000, 0x00000000e7d00000|  0%| F|  |TAMS 0x00000000e7c00000, 0x00000000e7c00000| Untracked 
| 125|0x00000000e7d00000, 0x00000000e7d00000, 0x00000000e7e00000|  0%| F|  |TAMS 0x00000000e7d00000, 0x00000000e7d00000| Untracked 
| 126|0x00000000e7e00000, 0x00000000e7e00000, 0x00000000e7f00000|  0%| F|  |TAMS 0x00000000e7e00000, 0x00000000e7e00000| Untracked 
| 127|0x00000000e7f00000, 0x00000000e7f00000, 0x00000000e8000000|  0%| F|  |TAMS 0x00000000e7f00000, 0x00000000e7f00000| Untracked 
| 128|0x00000000e8000000, 0x00000000e8000000, 0x00000000e8100000|  0%| F|  |TAMS 0x00000000e8000000, 0x00000000e8000000| Untracked 
| 129|0x00000000e8100000, 0x00000000e8100000, 0x00000000e8200000|  0%| F|  |TAMS 0x00000000e8100000, 0x00000000e8100000| Untracked 
| 130|0x00000000e8200000, 0x00000000e8200000, 0x00000000e8300000|  0%| F|  |TAMS 0x00000000e8200000, 0x00000000e8200000| Untracked 
| 131|0x00000000e8300000, 0x00000000e8300000, 0x00000000e8400000|  0%| F|  |TAMS 0x00000000e8300000, 0x00000000e8300000| Untracked 
| 132|0x00000000e8400000, 0x00000000e8400000, 0x00000000e8500000|  0%| F|  |TAMS 0x00000000e8400000, 0x00000000e8400000| Untracked 
| 133|0x00000000e8500000, 0x00000000e8500000, 0x00000000e8600000|  0%| F|  |TAMS 0x00000000e8500000, 0x00000000e8500000| Untracked 
| 134|0x00000000e8600000, 0x00000000e8600000, 0x00000000e8700000|  0%| F|  |TAMS 0x00000000e8600000, 0x00000000e8600000| Untracked 
| 135|0x00000000e8700000, 0x00000000e8700000, 0x00000000e8800000|  0%| F|  |TAMS 0x00000000e8700000, 0x00000000e8700000| Untracked 
| 136|0x00000000e8800000, 0x00000000e8800000, 0x00000000e8900000|  0%| F|  |TAMS 0x00000000e8800000, 0x00000000e8800000| Untracked 
| 137|0x00000000e8900000, 0x00000000e8900000, 0x00000000e8a00000|  0%| F|  |TAMS 0x00000000e8900000, 0x00000000e8900000| Untracked 
| 138|0x00000000e8a00000, 0x00000000e8a00000, 0x00000000e8b00000|  0%| F|  |TAMS 0x00000000e8a00000, 0x00000000e8a00000| Untracked 
| 139|0x00000000e8b00000, 0x00000000e8b00000, 0x00000000e8c00000|  0%| F|  |TAMS 0x00000000e8b00000, 0x00000000e8b00000| Untracked 
| 140|0x00000000e8c00000, 0x00000000e8c00000, 0x00000000e8d00000|  0%| F|  |TAMS 0x00000000e8c00000, 0x00000000e8c00000| Untracked 
| 141|0x00000000e8d00000, 0x00000000e8d00000, 0x00000000e8e00000|  0%| F|  |TAMS 0x00000000e8d00000, 0x00000000e8d00000| Untracked 
| 142|0x00000000e8e00000, 0x00000000e8e00000, 0x00000000e8f00000|  0%| F|  |TAMS 0x00000000e8e00000, 0x00000000e8e00000| Untracked 
| 143|0x00000000e8f00000, 0x00000000e8f00000, 0x00000000e9000000|  0%| F|  |TAMS 0x00000000e8f00000, 0x00000000e8f00000| Untracked 
| 144|0x00000000e9000000, 0x00000000e9000000, 0x00000000e9100000|  0%| F|  |TAMS 0x00000000e9000000, 0x00000000e9000000| Untracked 
| 145|0x00000000e9100000, 0x00000000e9100000, 0x00000000e9200000|  0%| F|  |TAMS 0x00000000e9100000, 0x00000000e9100000| Untracked 
| 146|0x00000000e9200000, 0x00000000e9200000, 0x00000000e9300000|  0%| F|  |TAMS 0x00000000e9200000, 0x00000000e9200000| Untracked 
| 147|0x00000000e9300000, 0x00000000e9300000, 0x00000000e9400000|  0%| F|  |TAMS 0x00000000e9300000, 0x00000000e9300000| Untracked 
| 148|0x00000000e9400000, 0x00000000e9400000, 0x00000000e9500000|  0%| F|  |TAMS 0x00000000e9400000, 0x00000000e9400000| Untracked 
| 149|0x00000000e9500000, 0x00000000e9500000, 0x00000000e9600000|  0%| F|  |TAMS 0x00000000e9500000, 0x00000000e9500000| Untracked 
| 150|0x00000000e9600000, 0x00000000e9600000, 0x00000000e9700000|  0%| F|  |TAMS 0x00000000e9600000, 0x00000000e9600000| Untracked 
| 151|0x00000000e9700000, 0x00000000e9700000, 0x00000000e9800000|  0%| F|  |TAMS 0x00000000e9700000, 0x00000000e9700000| Untracked 
| 152|0x00000000e9800000, 0x00000000e9800000, 0x00000000e9900000|  0%| F|  |TAMS 0x00000000e9800000, 0x00000000e9800000| Untracked 
| 153|0x00000000e9900000, 0x00000000e9900000, 0x00000000e9a00000|  0%| F|  |TAMS 0x00000000e9900000, 0x00000000e9900000| Untracked 
| 154|0x00000000e9a00000, 0x00000000e9a00000, 0x00000000e9b00000|  0%| F|  |TAMS 0x00000000e9a00000, 0x00000000e9a00000| Untracked 
| 155|0x00000000e9b00000, 0x00000000e9b00000, 0x00000000e9c00000|  0%| F|  |TAMS 0x00000000e9b00000, 0x00000000e9b00000| Untracked 
| 156|0x00000000e9c00000, 0x00000000e9c00000, 0x00000000e9d00000|  0%| F|  |TAMS 0x00000000e9c00000, 0x00000000e9c00000| Untracked 
| 157|0x00000000e9d00000, 0x00000000e9d00000, 0x00000000e9e00000|  0%| F|  |TAMS 0x00000000e9d00000, 0x00000000e9d00000| Untracked 
| 158|0x00000000e9e00000, 0x00000000e9e00000, 0x00000000e9f00000|  0%| F|  |TAMS 0x00000000e9e00000, 0x00000000e9e00000| Untracked 
| 159|0x00000000e9f00000, 0x00000000e9f00000, 0x00000000ea000000|  0%| F|  |TAMS 0x00000000e9f00000, 0x00000000e9f00000| Untracked 
| 160|0x00000000ea000000, 0x00000000ea000000, 0x00000000ea100000|  0%| F|  |TAMS 0x00000000ea000000, 0x00000000ea000000| Untracked 
| 161|0x00000000ea100000, 0x00000000ea100000, 0x00000000ea200000|  0%| F|  |TAMS 0x00000000ea100000, 0x00000000ea100000| Untracked 
| 162|0x00000000ea200000, 0x00000000ea200000, 0x00000000ea300000|  0%| F|  |TAMS 0x00000000ea200000, 0x00000000ea200000| Untracked 
| 163|0x00000000ea300000, 0x00000000ea300000, 0x00000000ea400000|  0%| F|  |TAMS 0x00000000ea300000, 0x00000000ea300000| Untracked 
| 164|0x00000000ea400000, 0x00000000ea400000, 0x00000000ea500000|  0%| F|  |TAMS 0x00000000ea400000, 0x00000000ea400000| Untracked 
| 165|0x00000000ea500000, 0x00000000ea500000, 0x00000000ea600000|  0%| F|  |TAMS 0x00000000ea500000, 0x00000000ea500000| Untracked 
| 166|0x00000000ea600000, 0x00000000ea600000, 0x00000000ea700000|  0%| F|  |TAMS 0x00000000ea600000, 0x00000000ea600000| Untracked 
| 167|0x00000000ea700000, 0x00000000ea700000, 0x00000000ea800000|  0%| F|  |TAMS 0x00000000ea700000, 0x00000000ea700000| Untracked 
| 168|0x00000000ea800000, 0x00000000ea800000, 0x00000000ea900000|  0%| F|  |TAMS 0x00000000ea800000, 0x00000000ea800000| Untracked 
| 169|0x00000000ea900000, 0x00000000ea900000, 0x00000000eaa00000|  0%| F|  |TAMS 0x00000000ea900000, 0x00000000ea900000| Untracked 
| 170|0x00000000eaa00000, 0x00000000eaa00000, 0x00000000eab00000|  0%| F|  |TAMS 0x00000000eaa00000, 0x00000000eaa00000| Untracked 
| 171|0x00000000eab00000, 0x00000000eab00000, 0x00000000eac00000|  0%| F|  |TAMS 0x00000000eab00000, 0x00000000eab00000| Untracked 
| 172|0x00000000eac00000, 0x00000000ead00000, 0x00000000ead00000|100%| S|CS|TAMS 0x00000000eac00000, 0x00000000eac00000| Complete 
| 173|0x00000000ead00000, 0x00000000eae00000, 0x00000000eae00000|100%| S|CS|TAMS 0x00000000ead00000, 0x00000000ead00000| Complete 
| 174|0x00000000eae00000, 0x00000000eaf00000, 0x00000000eaf00000|100%| S|CS|TAMS 0x00000000eae00000, 0x00000000eae00000| Complete 
| 175|0x00000000eaf00000, 0x00000000eb000000, 0x00000000eb000000|100%| S|CS|TAMS 0x00000000eaf00000, 0x00000000eaf00000| Complete 
| 176|0x00000000eb000000, 0x00000000eb100000, 0x00000000eb100000|100%| S|CS|TAMS 0x00000000eb000000, 0x00000000eb000000| Complete 
| 177|0x00000000eb100000, 0x00000000eb200000, 0x00000000eb200000|100%| S|CS|TAMS 0x00000000eb100000, 0x00000000eb100000| Complete 
| 178|0x00000000eb200000, 0x00000000eb300000, 0x00000000eb300000|100%| S|CS|TAMS 0x00000000eb200000, 0x00000000eb200000| Complete 
| 179|0x00000000eb300000, 0x00000000eb400000, 0x00000000eb400000|100%| S|CS|TAMS 0x00000000eb300000, 0x00000000eb300000| Complete 
| 180|0x00000000eb400000, 0x00000000eb500000, 0x00000000eb500000|100%| S|CS|TAMS 0x00000000eb400000, 0x00000000eb400000| Complete 
| 181|0x00000000eb500000, 0x00000000eb600000, 0x00000000eb600000|100%| S|CS|TAMS 0x00000000eb500000, 0x00000000eb500000| Complete 
| 182|0x00000000eb600000, 0x00000000eb700000, 0x00000000eb700000|100%| S|CS|TAMS 0x00000000eb600000, 0x00000000eb600000| Complete 
| 183|0x00000000eb700000, 0x00000000eb800000, 0x00000000eb800000|100%| S|CS|TAMS 0x00000000eb700000, 0x00000000eb700000| Complete 
| 184|0x00000000eb800000, 0x00000000eb900000, 0x00000000eb900000|100%| S|CS|TAMS 0x00000000eb800000, 0x00000000eb800000| Complete 
| 185|0x00000000eb900000, 0x00000000eba00000, 0x00000000eba00000|100%| S|CS|TAMS 0x00000000eb900000, 0x00000000eb900000| Complete 
| 186|0x00000000eba00000, 0x00000000ebb00000, 0x00000000ebb00000|100%| S|CS|TAMS 0x00000000eba00000, 0x00000000eba00000| Complete 
| 187|0x00000000ebb00000, 0x00000000ebc00000, 0x00000000ebc00000|100%| S|CS|TAMS 0x00000000ebb00000, 0x00000000ebb00000| Complete 
| 188|0x00000000ebc00000, 0x00000000ebc00000, 0x00000000ebd00000|  0%| F|  |TAMS 0x00000000ebc00000, 0x00000000ebc00000| Untracked 
| 189|0x00000000ebd00000, 0x00000000ebd00000, 0x00000000ebe00000|  0%| F|  |TAMS 0x00000000ebd00000, 0x00000000ebd00000| Untracked 
| 190|0x00000000ebe00000, 0x00000000ebe00000, 0x00000000ebf00000|  0%| F|  |TAMS 0x00000000ebe00000, 0x00000000ebe00000| Untracked 
| 191|0x00000000ebf00000, 0x00000000ebfad0d8, 0x00000000ec000000| 67%| E|  |TAMS 0x00000000ebf00000, 0x00000000ebf00000| Complete 
| 192|0x00000000ec000000, 0x00000000ec100000, 0x00000000ec100000|100%| E|CS|TAMS 0x00000000ec000000, 0x00000000ec000000| Complete 
| 193|0x00000000ec100000, 0x00000000ec200000, 0x00000000ec200000|100%| E|CS|TAMS 0x00000000ec100000, 0x00000000ec100000| Complete 
| 194|0x00000000ec200000, 0x00000000ec300000, 0x00000000ec300000|100%| E|CS|TAMS 0x00000000ec200000, 0x00000000ec200000| Complete 
| 195|0x00000000ec300000, 0x00000000ec400000, 0x00000000ec400000|100%| E|CS|TAMS 0x00000000ec300000, 0x00000000ec300000| Complete 
| 196|0x00000000ec400000, 0x00000000ec500000, 0x00000000ec500000|100%| E|CS|TAMS 0x00000000ec400000, 0x00000000ec400000| Complete 
| 197|0x00000000ec500000, 0x00000000ec600000, 0x00000000ec600000|100%| E|CS|TAMS 0x00000000ec500000, 0x00000000ec500000| Complete 
| 198|0x00000000ec600000, 0x00000000ec700000, 0x00000000ec700000|100%| E|CS|TAMS 0x00000000ec600000, 0x00000000ec600000| Complete 
| 199|0x00000000ec700000, 0x00000000ec800000, 0x00000000ec800000|100%| E|CS|TAMS 0x00000000ec700000, 0x00000000ec700000| Complete 
| 200|0x00000000ec800000, 0x00000000ec900000, 0x00000000ec900000|100%| E|CS|TAMS 0x00000000ec800000, 0x00000000ec800000| Complete 
| 201|0x00000000ec900000, 0x00000000eca00000, 0x00000000eca00000|100%| E|CS|TAMS 0x00000000ec900000, 0x00000000ec900000| Complete 
| 202|0x00000000eca00000, 0x00000000ecb00000, 0x00000000ecb00000|100%| E|CS|TAMS 0x00000000eca00000, 0x00000000eca00000| Complete 
| 203|0x00000000ecb00000, 0x00000000ecc00000, 0x00000000ecc00000|100%| E|CS|TAMS 0x00000000ecb00000, 0x00000000ecb00000| Complete 
| 204|0x00000000ecc00000, 0x00000000ecd00000, 0x00000000ecd00000|100%| E|CS|TAMS 0x00000000ecc00000, 0x00000000ecc00000| Complete 
| 205|0x00000000ecd00000, 0x00000000ece00000, 0x00000000ece00000|100%| E|CS|TAMS 0x00000000ecd00000, 0x00000000ecd00000| Complete 
| 206|0x00000000ece00000, 0x00000000ecf00000, 0x00000000ecf00000|100%| E|CS|TAMS 0x00000000ece00000, 0x00000000ece00000| Complete 
| 207|0x00000000ecf00000, 0x00000000ed000000, 0x00000000ed000000|100%| E|CS|TAMS 0x00000000ecf00000, 0x00000000ecf00000| Complete 
| 208|0x00000000ed000000, 0x00000000ed100000, 0x00000000ed100000|100%| E|CS|TAMS 0x00000000ed000000, 0x00000000ed000000| Complete 
| 209|0x00000000ed100000, 0x00000000ed200000, 0x00000000ed200000|100%| E|  |TAMS 0x00000000ed100000, 0x00000000ed100000| Complete 
| 210|0x00000000ed200000, 0x00000000ed300000, 0x00000000ed300000|100%| E|CS|TAMS 0x00000000ed200000, 0x00000000ed200000| Complete 
| 211|0x00000000ed300000, 0x00000000ed400000, 0x00000000ed400000|100%| E|CS|TAMS 0x00000000ed300000, 0x00000000ed300000| Complete 
| 212|0x00000000ed400000, 0x00000000ed500000, 0x00000000ed500000|100%| E|CS|TAMS 0x00000000ed400000, 0x00000000ed400000| Complete 
| 213|0x00000000ed500000, 0x00000000ed600000, 0x00000000ed600000|100%| E|CS|TAMS 0x00000000ed500000, 0x00000000ed500000| Complete 
| 214|0x00000000ed600000, 0x00000000ed700000, 0x00000000ed700000|100%| E|CS|TAMS 0x00000000ed600000, 0x00000000ed600000| Complete 
| 215|0x00000000ed700000, 0x00000000ed800000, 0x00000000ed800000|100%| E|CS|TAMS 0x00000000ed700000, 0x00000000ed700000| Complete 
| 216|0x00000000ed800000, 0x00000000ed900000, 0x00000000ed900000|100%| E|CS|TAMS 0x00000000ed800000, 0x00000000ed800000| Complete 
| 217|0x00000000ed900000, 0x00000000eda00000, 0x00000000eda00000|100%| E|CS|TAMS 0x00000000ed900000, 0x00000000ed900000| Complete 
| 218|0x00000000eda00000, 0x00000000edb00000, 0x00000000edb00000|100%| E|CS|TAMS 0x00000000eda00000, 0x00000000eda00000| Complete 
| 219|0x00000000edb00000, 0x00000000edc00000, 0x00000000edc00000|100%| E|CS|TAMS 0x00000000edb00000, 0x00000000edb00000| Complete 
| 220|0x00000000edc00000, 0x00000000edd00000, 0x00000000edd00000|100%| E|CS|TAMS 0x00000000edc00000, 0x00000000edc00000| Complete 
| 221|0x00000000edd00000, 0x00000000ede00000, 0x00000000ede00000|100%| E|CS|TAMS 0x00000000edd00000, 0x00000000edd00000| Complete 
| 222|0x00000000ede00000, 0x00000000edf00000, 0x00000000edf00000|100%| E|CS|TAMS 0x00000000ede00000, 0x00000000ede00000| Complete 
| 223|0x00000000edf00000, 0x00000000ee000000, 0x00000000ee000000|100%| E|CS|TAMS 0x00000000edf00000, 0x00000000edf00000| Complete 
| 224|0x00000000ee000000, 0x00000000ee100000, 0x00000000ee100000|100%| E|CS|TAMS 0x00000000ee000000, 0x00000000ee000000| Complete 
| 225|0x00000000ee100000, 0x00000000ee200000, 0x00000000ee200000|100%| E|CS|TAMS 0x00000000ee100000, 0x00000000ee100000| Complete 
| 226|0x00000000ee200000, 0x00000000ee300000, 0x00000000ee300000|100%| E|CS|TAMS 0x00000000ee200000, 0x00000000ee200000| Complete 
| 227|0x00000000ee300000, 0x00000000ee400000, 0x00000000ee400000|100%| E|CS|TAMS 0x00000000ee300000, 0x00000000ee300000| Complete 
| 228|0x00000000ee400000, 0x00000000ee500000, 0x00000000ee500000|100%| E|CS|TAMS 0x00000000ee400000, 0x00000000ee400000| Complete 
| 229|0x00000000ee500000, 0x00000000ee600000, 0x00000000ee600000|100%| E|CS|TAMS 0x00000000ee500000, 0x00000000ee500000| Complete 
| 230|0x00000000ee600000, 0x00000000ee700000, 0x00000000ee700000|100%| E|CS|TAMS 0x00000000ee600000, 0x00000000ee600000| Complete 
| 231|0x00000000ee700000, 0x00000000ee800000, 0x00000000ee800000|100%| E|CS|TAMS 0x00000000ee700000, 0x00000000ee700000| Complete 
| 232|0x00000000ee800000, 0x00000000ee900000, 0x00000000ee900000|100%| E|CS|TAMS 0x00000000ee800000, 0x00000000ee800000| Complete 
| 233|0x00000000ee900000, 0x00000000eea00000, 0x00000000eea00000|100%| E|CS|TAMS 0x00000000ee900000, 0x00000000ee900000| Complete 
| 234|0x00000000eea00000, 0x00000000eeb00000, 0x00000000eeb00000|100%| E|CS|TAMS 0x00000000eea00000, 0x00000000eea00000| Complete 
| 235|0x00000000eeb00000, 0x00000000eec00000, 0x00000000eec00000|100%| E|CS|TAMS 0x00000000eeb00000, 0x00000000eeb00000| Complete 
| 236|0x00000000eec00000, 0x00000000eed00000, 0x00000000eed00000|100%| E|CS|TAMS 0x00000000eec00000, 0x00000000eec00000| Complete 
| 237|0x00000000eed00000, 0x00000000eee00000, 0x00000000eee00000|100%| E|CS|TAMS 0x00000000eed00000, 0x00000000eed00000| Complete 
| 238|0x00000000eee00000, 0x00000000eef00000, 0x00000000eef00000|100%| E|CS|TAMS 0x00000000eee00000, 0x00000000eee00000| Complete 
| 239|0x00000000eef00000, 0x00000000ef000000, 0x00000000ef000000|100%| E|CS|TAMS 0x00000000eef00000, 0x00000000eef00000| Complete 
| 240|0x00000000ef000000, 0x00000000ef100000, 0x00000000ef100000|100%| E|CS|TAMS 0x00000000ef000000, 0x00000000ef000000| Complete 
| 241|0x00000000ef100000, 0x00000000ef200000, 0x00000000ef200000|100%| E|CS|TAMS 0x00000000ef100000, 0x00000000ef100000| Complete 
| 242|0x00000000ef200000, 0x00000000ef300000, 0x00000000ef300000|100%| E|CS|TAMS 0x00000000ef200000, 0x00000000ef200000| Complete 
| 243|0x00000000ef300000, 0x00000000ef400000, 0x00000000ef400000|100%| E|CS|TAMS 0x00000000ef300000, 0x00000000ef300000| Complete 
| 244|0x00000000ef400000, 0x00000000ef500000, 0x00000000ef500000|100%| E|CS|TAMS 0x00000000ef400000, 0x00000000ef400000| Complete 
| 245|0x00000000ef500000, 0x00000000ef600000, 0x00000000ef600000|100%| E|CS|TAMS 0x00000000ef500000, 0x00000000ef500000| Complete 
| 246|0x00000000ef600000, 0x00000000ef700000, 0x00000000ef700000|100%| E|CS|TAMS 0x00000000ef600000, 0x00000000ef600000| Complete 
| 247|0x00000000ef700000, 0x00000000ef800000, 0x00000000ef800000|100%| E|CS|TAMS 0x00000000ef700000, 0x00000000ef700000| Complete 
| 248|0x00000000ef800000, 0x00000000ef900000, 0x00000000ef900000|100%| E|CS|TAMS 0x00000000ef800000, 0x00000000ef800000| Complete 
| 249|0x00000000ef900000, 0x00000000efa00000, 0x00000000efa00000|100%| E|CS|TAMS 0x00000000ef900000, 0x00000000ef900000| Complete 
| 250|0x00000000efa00000, 0x00000000efb00000, 0x00000000efb00000|100%| E|CS|TAMS 0x00000000efa00000, 0x00000000efa00000| Complete 
| 251|0x00000000efb00000, 0x00000000efc00000, 0x00000000efc00000|100%| E|CS|TAMS 0x00000000efb00000, 0x00000000efb00000| Complete 
| 252|0x00000000efc00000, 0x00000000efd00000, 0x00000000efd00000|100%| E|CS|TAMS 0x00000000efc00000, 0x00000000efc00000| Complete 
| 253|0x00000000efd00000, 0x00000000efe00000, 0x00000000efe00000|100%| E|CS|TAMS 0x00000000efd00000, 0x00000000efd00000| Complete 
| 254|0x00000000efe00000, 0x00000000eff00000, 0x00000000eff00000|100%| E|CS|TAMS 0x00000000efe00000, 0x00000000efe00000| Complete 
| 255|0x00000000eff00000, 0x00000000f0000000, 0x00000000f0000000|100%| E|CS|TAMS 0x00000000eff00000, 0x00000000eff00000| Complete 

Card table byte_map: [0x00000207981a0000,0x00000207982a0000] _byte_map_base: 0x0000020797aa0000

Marking Bits (Prev, Next): (CMBitMap*) 0x00000207f98c4d10, (CMBitMap*) 0x00000207f98c4cd8
 Prev Bits: [0x0000020798ba0000, 0x00000207993a0000)
 Next Bits: [0x00000207983a0000, 0x0000020798ba0000)

Polling page: 0x0000020780000000

Metaspace:

Usage:
  Non-class:     52.83 MB capacity,    51.74 MB ( 98%) used,   946.31 KB (  2%) free+waste,   164.06 KB ( <1%) overhead. 
      Class:      8.41 MB capacity,     7.85 MB ( 93%) used,   493.58 KB (  6%) free+waste,    79.75 KB ( <1%) overhead. 
       Both:     61.24 MB capacity,    59.59 MB ( 97%) used,     1.41 MB (  2%) free+waste,   243.81 KB ( <1%) overhead. 

Virtual space:
  Non-class space:       54.00 MB reserved,      52.83 MB ( 98%) committed 
      Class space:      248.00 MB reserved,       8.50 MB (  3%) committed 
             Both:      302.00 MB reserved,      61.33 MB ( 20%) committed 

Chunk freelists:
   Non-Class:  3.00 KB
       Class:  0 bytes
        Both:  3.00 KB

MaxMetaspaceSize: 256.00 MB
CompressedClassSpaceSize: 248.00 MB

CodeHeap 'non-profiled nmethods': size=120000Kb used=4023Kb max_used=4023Kb free=115976Kb
 bounds [0x0000020790100000, 0x00000207904f0000, 0x0000020797630000]
CodeHeap 'profiled nmethods': size=120000Kb used=13812Kb max_used=13812Kb free=106187Kb
 bounds [0x0000020788bd0000, 0x0000020789950000, 0x0000020790100000]
CodeHeap 'non-nmethods': size=5760Kb used=2229Kb max_used=2279Kb free=3530Kb
 bounds [0x0000020788630000, 0x00000207888a0000, 0x0000020788bd0000]
 total_blobs=7270 nmethods=6464 adapters=716
 compilation: enabled
              stopped_count=0, restarted_count=0
 full_count=0

Compilation events (20 events):
Event: 25.863 Thread 0x000002079c7a5800 6672       3       com.sun.tools.javac.file.PathFileObject$SimpleFileObject::getKind (8 bytes)
Event: 25.863 Thread 0x000002079c7a5800 nmethod 6672 0x000002078990a410 code [0x000002078990a600, 0x000002078990a908]
Event: 25.863 Thread 0x000002079c7a5800 6674       3       com.sun.tools.javac.jvm.ClassReader$24::read (1076 bytes)
Event: 25.866 Thread 0x00000207a4ea7800 nmethod 6467 0x00000207904d2d10 code [0x00000207904d2f20, 0x00000207904d6038]
Event: 25.866 Thread 0x00000207a4ea7800 6658       4       com.sun.tools.javac.util.UnsharedNameTable::fromUtf (232 bytes)
Event: 25.871 Thread 0x000002079c7a5800 nmethod 6674 0x000002078990aa10 code [0x000002078990b6a0, 0x0000020789912f88]
Event: 25.871 Thread 0x000002079c7a5800 6676   !   3       com.sun.tools.javac.comp.Modules::completeModule (458 bytes)
Event: 25.875 Thread 0x000002079c7a5800 nmethod 6676 0x0000020789915e10 code [0x0000020789916620, 0x000002078991bd38]
Event: 25.875 Thread 0x000002079c7a5800 6673       3       com.sun.tools.javac.code.ModuleFinder::findModule (81 bytes)
Event: 25.876 Thread 0x000002079c7a5800 nmethod 6673 0x000002078991da10 code [0x000002078991dc00, 0x000002078991e0a8]
Event: 25.876 Thread 0x000002079c7a5800 6678       3       sun.nio.ch.Util::isBufferTooLarge (15 bytes)
Event: 25.876 Thread 0x000002079c7a5800 nmethod 6678 0x000002078991e210 code [0x000002078991e3c0, 0x000002078991e518]
Event: 25.876 Thread 0x000002079c7a5800 6675       3       jdk.internal.jimage.BasicImageReader::getResource (24 bytes)
Event: 25.876 Thread 0x000002079c7a5800 nmethod 6675 0x000002078991e590 code [0x000002078991e7a0, 0x000002078991edf8]
Event: 25.877 Thread 0x000002079c7a5800 6681       3       java.util.concurrent.locks.AbstractQueuedSynchronizer::doReleaseShared (79 bytes)
Event: 25.878 Thread 0x000002079c7a5800 nmethod 6681 0x000002078991f090 code [0x000002078991f3a0, 0x00000207899203e8]
Event: 25.882 Thread 0x000002079c7a5800 6682   !   3       java.nio.file.Files::walkFileTree (294 bytes)
Event: 25.883 Thread 0x000002079c7a5800 nmethod 6682 0x0000020789920990 code [0x0000020789920da0, 0x0000020789922948]
Event: 25.892 Thread 0x000002079c7a5800 6683       1       sun.nio.fs.WindowsPath::getPathForPermissionCheck (5 bytes)
Event: 25.892 Thread 0x000002079c7a5800 nmethod 6683 0x00000207904d6810 code [0x00000207904d69c0, 0x00000207904d6a78]

GC Heap History (14 events):
Event: 0.571 GC heap before
{Heap before GC invocations=0 (full 0):
 garbage-first heap   total 262144K, used 29696K [0x00000000e0000000, 0x0000000100000000)
  region size 1024K, 24 young (24576K), 0 survivors (0K)
 Metaspace       used 10746K, capacity 10942K, committed 11264K, reserved 264192K
  class space    used 1133K, capacity 1202K, committed 1280K, reserved 253952K
}
Event: 0.575 GC heap after
{Heap after GC invocations=1 (full 0):
 garbage-first heap   total 262144K, used 8812K [0x00000000e0000000, 0x0000000100000000)
  region size 1024K, 3 young (3072K), 3 survivors (3072K)
 Metaspace       used 10746K, capacity 10942K, committed 11264K, reserved 264192K
  class space    used 1133K, capacity 1202K, committed 1280K, reserved 253952K
}
Event: 1.840 GC heap before
{Heap before GC invocations=1 (full 0):
 garbage-first heap   total 262144K, used 90732K [0x00000000e0000000, 0x0000000100000000)
  region size 1024K, 85 young (87040K), 3 survivors (3072K)
 Metaspace       used 20742K, capacity 21132K, committed 21296K, reserved 274432K
  class space    used 2485K, capacity 2630K, committed 2688K, reserved 253952K
}
Event: 1.849 GC heap after
{Heap after GC invocations=2 (full 0):
 garbage-first heap   total 262144K, used 15876K [0x00000000e0000000, 0x0000000100000000)
  region size 1024K, 10 young (10240K), 10 survivors (10240K)
 Metaspace       used 20742K, capacity 21132K, committed 21296K, reserved 274432K
  class space    used 2485K, capacity 2630K, committed 2688K, reserved 253952K
}
Event: 2.203 GC heap before
{Heap before GC invocations=3 (full 0):
 garbage-first heap   total 262144K, used 44548K [0x00000000e0000000, 0x0000000100000000)
  region size 1024K, 38 young (38912K), 10 survivors (10240K)
 Metaspace       used 24422K, capacity 25010K, committed 25264K, reserved 276480K
  class space    used 3075K, capacity 3291K, committed 3328K, reserved 253952K
}
Event: 2.208 GC heap after
{Heap after GC invocations=4 (full 0):
 garbage-first heap   total 262144K, used 17634K [0x00000000e0000000, 0x0000000100000000)
  region size 1024K, 2 young (2048K), 2 survivors (2048K)
 Metaspace       used 24422K, capacity 25010K, committed 25264K, reserved 276480K
  class space    used 3075K, capacity 3291K, committed 3328K, reserved 253952K
}
Event: 3.093 GC heap before
{Heap before GC invocations=4 (full 0):
 garbage-first heap   total 262144K, used 85218K [0x00000000e0000000, 0x0000000100000000)
  region size 1024K, 67 young (68608K), 2 survivors (2048K)
 Metaspace       used 35138K, capacity 35805K, committed 35888K, reserved 286720K
  class space    used 4398K, capacity 4654K, committed 4736K, reserved 253952K
}
Event: 3.103 GC heap after
{Heap after GC invocations=5 (full 0):
 garbage-first heap   total 262144K, used 22054K [0x00000000e0000000, 0x0000000100000000)
  region size 1024K, 7 young (7168K), 7 survivors (7168K)
 Metaspace       used 35138K, capacity 35805K, committed 35888K, reserved 286720K
  class space    used 4398K, capacity 4654K, committed 4736K, reserved 253952K
}
Event: 4.121 GC heap before
{Heap before GC invocations=6 (full 0):
 garbage-first heap   total 262144K, used 109094K [0x00000000e0000000, 0x0000000100000000)
  region size 1024K, 93 young (95232K), 7 survivors (7168K)
 Metaspace       used 42551K, capacity 43451K, committed 43696K, reserved 292864K
  class space    used 5505K, capacity 5831K, committed 5888K, reserved 253952K
}
Event: 4.129 GC heap after
{Heap after GC invocations=7 (full 0):
 garbage-first heap   total 262144K, used 26860K [0x00000000e0000000, 0x0000000100000000)
  region size 1024K, 11 young (11264K), 11 survivors (11264K)
 Metaspace       used 42551K, capacity 43451K, committed 43696K, reserved 292864K
  class space    used 5505K, capacity 5831K, committed 5888K, reserved 253952K
}
Event: 5.484 GC heap before
{Heap before GC invocations=7 (full 0):
 garbage-first heap   total 262144K, used 172268K [0x00000000e0000000, 0x0000000100000000)
  region size 1024K, 153 young (156672K), 11 survivors (11264K)
 Metaspace       used 50008K, capacity 51401K, committed 51760K, reserved 299008K
  class space    used 6679K, capacity 7187K, committed 7296K, reserved 253952K
}
Event: 5.500 GC heap after
{Heap after GC invocations=8 (full 0):
 garbage-first heap   total 262144K, used 37783K [0x00000000e0000000, 0x0000000100000000)
  region size 1024K, 20 young (20480K), 20 survivors (20480K)
 Metaspace       used 50008K, capacity 51401K, committed 51760K, reserved 299008K
  class space    used 6679K, capacity 7187K, committed 7296K, reserved 253952K
}
Event: 6.267 GC heap before
{Heap before GC invocations=8 (full 0):
 garbage-first heap   total 262144K, used 105367K [0x00000000e0000000, 0x0000000100000000)
  region size 1024K, 88 young (90112K), 20 survivors (20480K)
 Metaspace       used 58523K, capacity 60051K, committed 60240K, reserved 307200K
  class space    used 7775K, capacity 8326K, committed 8448K, reserved 253952K
}
Event: 6.299 GC heap after
{Heap after GC invocations=9 (full 0):
 garbage-first heap   total 262144K, used 53851K [0x00000000e0000000, 0x0000000100000000)
  region size 1024K, 16 young (16384K), 16 survivors (16384K)
 Metaspace       used 58523K, capacity 60051K, committed 60240K, reserved 307200K
  class space    used 7775K, capacity 8326K, committed 8448K, reserved 253952K
}

Deoptimization events (20 events):
Event: 25.850 Thread 0x00000207a13d7000 Uncommon trap: trap_request=0xffffffde fr.pc=0x000002079048a450 relative=0x0000000000004e10
Event: 25.850 Thread 0x00000207a13d7000 Uncommon trap: reason=class_check action=maybe_recompile pc=0x000002079048a450 method=com.sun.tools.javac.code.Symtab.lookupPackage(Lcom/sun/tools/javac/code/Symbol$ModuleSymbol;Lcom/sun/tools/javac/util/Name;)Lcom/sun/tools/javac/code/Symbol$PackageSymbo
Event: 25.850 Thread 0x00000207a13d7000 DEOPT PACKING pc=0x000002079048a450 sp=0x00000008434fa110
Event: 25.850 Thread 0x00000207a13d7000 DEOPT UNPACKING pc=0x00000207886574af sp=0x00000008434fa118 mode 2
Event: 25.850 Thread 0x00000207a13d7000 Uncommon trap: trap_request=0xffffffbe fr.pc=0x0000020790449d88 relative=0x0000000000000e08
Event: 25.850 Thread 0x00000207a13d7000 Uncommon trap: reason=profile_predicate action=maybe_recompile pc=0x0000020790449d88 method=com.sun.tools.javac.util.UnsharedNameTable.fromUtf([BII)Lcom/sun/tools/javac/util/Name; @ 34 c2
Event: 25.850 Thread 0x00000207a13d7000 DEOPT PACKING pc=0x0000020790449d88 sp=0x00000008434f9f20
Event: 25.850 Thread 0x00000207a13d7000 DEOPT UNPACKING pc=0x00000207886574af sp=0x00000008434f9ed8 mode 2
Event: 25.850 Thread 0x00000207a13d7000 Uncommon trap: trap_request=0xffffffbe fr.pc=0x0000020790449d88 relative=0x0000000000000e08
Event: 25.850 Thread 0x00000207a13d7000 Uncommon trap: reason=profile_predicate action=maybe_recompile pc=0x0000020790449d88 method=com.sun.tools.javac.util.UnsharedNameTable.fromUtf([BII)Lcom/sun/tools/javac/util/Name; @ 34 c2
Event: 25.850 Thread 0x00000207a13d7000 DEOPT PACKING pc=0x0000020790449d88 sp=0x00000008434f9f20
Event: 25.850 Thread 0x00000207a13d7000 DEOPT UNPACKING pc=0x00000207886574af sp=0x00000008434f9ed8 mode 2
Event: 25.858 Thread 0x00000207a13d7000 Uncommon trap: trap_request=0xffffffbe fr.pc=0x0000020790449d88 relative=0x0000000000000e08
Event: 25.858 Thread 0x00000207a13d7000 Uncommon trap: reason=profile_predicate action=maybe_recompile pc=0x0000020790449d88 method=com.sun.tools.javac.util.UnsharedNameTable.fromUtf([BII)Lcom/sun/tools/javac/util/Name; @ 34 c2
Event: 25.858 Thread 0x00000207a13d7000 DEOPT PACKING pc=0x0000020790449d88 sp=0x00000008434f9670
Event: 25.858 Thread 0x00000207a13d7000 DEOPT UNPACKING pc=0x00000207886574af sp=0x00000008434f9628 mode 2
Event: 25.871 Thread 0x00000207a13d7000 Uncommon trap: trap_request=0xfffffff4 fr.pc=0x000002079041ea4c relative=0x000000000000058c
Event: 25.871 Thread 0x00000207a13d7000 Uncommon trap: reason=null_check action=make_not_entrant pc=0x000002079041ea4c method=jdk.nio.zipfs.ZipFileSystem$IndexNode.keyOf([B)Ljdk/nio/zipfs/ZipFileSystem$IndexNode; @ 6 c2
Event: 25.871 Thread 0x00000207a13d7000 DEOPT PACKING pc=0x000002079041ea4c sp=0x00000008434f9a80
Event: 25.871 Thread 0x00000207a13d7000 DEOPT UNPACKING pc=0x00000207886574af sp=0x00000008434f9988 mode 2

Classes redefined (0 events):
No events

Internal exceptions (20 events):
Event: 6.503 Thread 0x00000207a13e4000 Exception <a 'java/lang/ClassNotFoundException'{0x00000000eea2b080}: org/gradle/api/internal/file/collections/DefaultConfigurableFileCollectionCustomizer> (0x00000000eea2b080) thrown at [./src/hotspot/share/classfile/systemDictionary.cpp, line 231]
Event: 6.514 Thread 0x00000207a13e4000 Exception <a 'java/lang/ClassNotFoundException'{0x00000000ee910fe8}: java/io/FileBeanInfo> (0x00000000ee910fe8) thrown at [./src/hotspot/share/classfile/systemDictionary.cpp, line 231]
Event: 6.514 Thread 0x00000207a13e4000 Exception <a 'java/lang/ClassNotFoundException'{0x00000000ee916060}: java/io/FileCustomizer> (0x00000000ee916060) thrown at [./src/hotspot/share/classfile/systemDictionary.cpp, line 231]
Event: 6.529 Thread 0x00000207a3eb4000 Exception <a 'java/lang/NoSuchMethodError'{0x00000000ee809b88}: 'void java.lang.invoke.DirectMethodHandle$Holder.invokeStatic(java.lang.Object, long)'> (0x00000000ee809b88) thrown at [./src/hotspot/share/interpreter/linkResolver.cpp, line 773]
Event: 6.530 Thread 0x00000207a3eb4000 Exception <a 'java/lang/NoSuchMethodError'{0x00000000ee80eda0}: 'java.lang.Object java.lang.invoke.DirectMethodHandle$Holder.invokeStatic(java.lang.Object, long)'> (0x00000000ee80eda0) thrown at [./src/hotspot/share/interpreter/linkResolver.cpp, line 773]
Event: 6.530 Thread 0x00000207a3eb4000 Exception <a 'java/lang/NoSuchMethodError'{0x00000000ee814e78}: 'java.lang.Object java.lang.invoke.Invokers$Holder.linkToTargetMethod(long, java.lang.Object)'> (0x00000000ee814e78) thrown at [./src/hotspot/share/interpreter/linkResolver.cpp, line 773]
Event: 6.531 Thread 0x00000207a3eb4000 Exception <a 'java/lang/NoSuchMethodError'{0x00000000ee81d460}: 'java.lang.Object java.lang.invoke.DirectMethodHandle$Holder.invokeStaticInit(java.lang.Object, java.lang.Object, long, java.lang.Object)'> (0x00000000ee81d460) thrown at [./src/hotspot/share/interpreter/linkResolver.cpp, line 773]
Event: 6.532 Thread 0x00000207a3eb4000 Exception <a 'java/lang/NoSuchMethodError'{0x00000000ee823350}: 'java.lang.Object java.lang.invoke.DirectMethodHandle$Holder.invokeStatic(java.lang.Object, java.lang.Object, long)'> (0x00000000ee823350) thrown at [./src/hotspot/share/interpreter/linkResolver.cpp, line 773]
Event: 6.532 Thread 0x00000207a3eb4000 Exception <a 'java/lang/NoSuchMethodError'{0x00000000ee829620}: 'java.lang.Object java.lang.invoke.Invokers$Holder.linkToTargetMethod(java.lang.Object, long, java.lang.Object)'> (0x00000000ee829620) thrown at [./src/hotspot/share/interpreter/linkResolver.cpp, line 773]
Event: 6.824 Thread 0x00000207a13e4000 Exception <a 'java/lang/reflect/InvocationTargetException'{0x00000000ee9b3408}> (0x00000000ee9b3408) thrown at [./src/hotspot/share/runtime/reflection.cpp, line 1247]
Event: 6.829 Thread 0x000002079dcaf000 Exception <a 'java/lang/NoSuchMethodError'{0x00000000ee70b7c0}: <clinit>> (0x00000000ee70b7c0) thrown at [./src/hotspot/share/prims/jni.cpp, line 1362]
Event: 6.830 Thread 0x000002079dcaf000 Exception <a 'java/lang/NoSuchMethodError'{0x00000000ee71b3a8}: <clinit>> (0x00000000ee71b3a8) thrown at [./src/hotspot/share/prims/jni.cpp, line 1362]
Event: 6.905 Thread 0x000002079d7a0800 Exception <a 'java/lang/NoSuchMethodError'{0x00000000ee427e50}: <clinit>> (0x00000000ee427e50) thrown at [./src/hotspot/share/prims/jni.cpp, line 1362]
Event: 6.905 Thread 0x000002079d7a0800 Exception <a 'java/lang/NoSuchMethodError'{0x00000000ee438e48}: <clinit>> (0x00000000ee438e48) thrown at [./src/hotspot/share/prims/jni.cpp, line 1362]
Event: 6.905 Thread 0x000002079d7a0800 Exception <a 'java/lang/NoSuchMethodError'{0x00000000ee43a530}: <clinit>> (0x00000000ee43a530) thrown at [./src/hotspot/share/prims/jni.cpp, line 1362]
Event: 6.906 Thread 0x000002079d7a0800 Exception <a 'java/lang/NoSuchMethodError'{0x00000000ee44c6c8}: <clinit>> (0x00000000ee44c6c8) thrown at [./src/hotspot/share/prims/jni.cpp, line 1362]
Event: 6.906 Thread 0x000002079d7a0800 Exception <a 'java/lang/NoSuchMethodError'{0x00000000ee458ad0}: <clinit>> (0x00000000ee458ad0) thrown at [./src/hotspot/share/prims/jni.cpp, line 1362]
Event: 25.849 Thread 0x00000207a13d7000 Exception <a 'sun/nio/fs/WindowsException'{0x00000000ed9a0d48}> (0x00000000ed9a0d48) thrown at [./src/hotspot/share/prims/jni.cpp, line 615]
Event: 25.855 Thread 0x00000207a13d7000 Exception <a 'sun/nio/fs/WindowsException'{0x00000000ed84f760}> (0x00000000ed84f760) thrown at [./src/hotspot/share/prims/jni.cpp, line 615]
Event: 25.855 Thread 0x00000207a13d7000 Exception <a 'sun/nio/fs/WindowsException'{0x00000000ed84fa90}> (0x00000000ed84fa90) thrown at [./src/hotspot/share/prims/jni.cpp, line 615]

Events (20 events):
Event: 25.780 Executing VM operation: RevokeBias
Event: 25.780 Executing VM operation: RevokeBias done
Event: 25.782 Executing VM operation: RevokeBias
Event: 25.783 Executing VM operation: RevokeBias done
Event: 25.799 Executing VM operation: RevokeBias
Event: 25.799 Executing VM operation: RevokeBias done
Event: 25.799 Executing VM operation: RevokeBias
Event: 25.799 Executing VM operation: RevokeBias done
Event: 25.799 Executing VM operation: RevokeBias
Event: 25.799 Executing VM operation: RevokeBias done
Event: 25.799 Executing VM operation: RevokeBias
Event: 25.799 Executing VM operation: RevokeBias done
Event: 25.801 Thread 0x00000207a13e4000 Thread added: 0x00000207a13e4000
Event: 25.813 Loaded shared library C:\Users\Nicholas\.jdks\corretto-11.0.9.1\bin\nio.dll
Event: 25.818 Executing VM operation: RevokeBias
Event: 25.818 Executing VM operation: RevokeBias done
Event: 25.818 Executing VM operation: RevokeBias
Event: 25.819 Executing VM operation: RevokeBias done
Event: 25.823 Executing VM operation: RevokeBias
Event: 25.823 Executing VM operation: RevokeBias done


Dynamic libraries:
0x00007ff677310000 - 0x00007ff67731d000 	C:\Users\Nicholas\.jdks\corretto-11.0.9.1\bin\java.exe
0x00007fff96890000 - 0x00007fff96a86000 	C:\WINDOWS\SYSTEM32\ntdll.dll
0x00007fff948f0000 - 0x00007fff949ad000 	C:\WINDOWS\System32\KERNEL32.DLL
0x00007fff94340000 - 0x00007fff94609000 	C:\WINDOWS\System32\KERNELBASE.dll
0x00007fff940b0000 - 0x00007fff941b0000 	C:\WINDOWS\System32\ucrtbase.dll
0x00007fff6f440000 - 0x00007fff6f457000 	C:\Users\Nicholas\.jdks\corretto-11.0.9.1\bin\jli.dll
0x00007fff6f460000 - 0x00007fff6f475000 	C:\Users\Nicholas\.jdks\corretto-11.0.9.1\bin\VCRUNTIME140.dll
0x00007fff959f0000 - 0x00007fff95b90000 	C:\WINDOWS\System32\USER32.dll
0x00007fff94760000 - 0x00007fff94782000 	C:\WINDOWS\System32\win32u.dll
0x00007fff94a10000 - 0x00007fff94a3a000 	C:\WINDOWS\System32\GDI32.dll
0x00007fff941b0000 - 0x00007fff942bb000 	C:\WINDOWS\System32\gdi32full.dll
0x00007fff94610000 - 0x00007fff946ad000 	C:\WINDOWS\System32\msvcp_win.dll
0x00007fff82470000 - 0x00007fff8270b000 	C:\WINDOWS\WinSxS\amd64_microsoft.windows.common-controls_6595b64144ccf1df_6.0.19041.746_none_ca02b4b61b8320a4\COMCTL32.dll
0x00007fff954f0000 - 0x00007fff9558e000 	C:\WINDOWS\System32\msvcrt.dll
0x00007fff96510000 - 0x00007fff96540000 	C:\WINDOWS\System32\IMM32.DLL
0x00007fff67da0000 - 0x00007fff67e3b000 	C:\Users\Nicholas\.jdks\corretto-11.0.9.1\bin\msvcp140.dll
0x00007fff38cf0000 - 0x00007fff39834000 	C:\Users\Nicholas\.jdks\corretto-11.0.9.1\bin\server\jvm.dll
0x00007fff96390000 - 0x00007fff9643c000 	C:\WINDOWS\System32\ADVAPI32.dll
0x00007fff967b0000 - 0x00007fff9684c000 	C:\WINDOWS\System32\sechost.dll
0x00007fff953b0000 - 0x00007fff954db000 	C:\WINDOWS\System32\RPCRT4.dll
0x00007fff95210000 - 0x00007fff95218000 	C:\WINDOWS\System32\PSAPI.DLL
0x00007fff8cb50000 - 0x00007fff8cb5a000 	C:\WINDOWS\SYSTEM32\VERSION.dll
0x00007fff7b760000 - 0x00007fff7b769000 	C:\WINDOWS\SYSTEM32\WSOCK32.dll
0x00007fff82c10000 - 0x00007fff82c37000 	C:\WINDOWS\SYSTEM32\WINMM.dll
0x00007fff955a0000 - 0x00007fff9560b000 	C:\WINDOWS\System32\WS2_32.dll
0x00007fff928b0000 - 0x00007fff928c2000 	C:\WINDOWS\SYSTEM32\kernel.appcore.dll
0x00007fff7eb40000 - 0x00007fff7eb50000 	C:\Users\Nicholas\.jdks\corretto-11.0.9.1\bin\verify.dll
0x00007fff82280000 - 0x00007fff82464000 	C:\WINDOWS\SYSTEM32\DBGHELP.DLL
0x00007fff7c5d0000 - 0x00007fff7c5fc000 	C:\WINDOWS\SYSTEM32\dbgcore.DLL
0x00007fff942c0000 - 0x00007fff94340000 	C:\WINDOWS\System32\bcryptPrimitives.dll
0x00007fff6f410000 - 0x00007fff6f438000 	C:\Users\Nicholas\.jdks\corretto-11.0.9.1\bin\java.dll
0x00007fff7df90000 - 0x00007fff7df9a000 	C:\Users\Nicholas\.jdks\corretto-11.0.9.1\bin\jimage.dll
0x00007fff6f3f0000 - 0x00007fff6f407000 	C:\Users\Nicholas\.jdks\corretto-11.0.9.1\bin\zip.dll
0x00007fff95b90000 - 0x00007fff962d3000 	C:\WINDOWS\System32\SHELL32.dll
0x00007fff91f20000 - 0x00007fff926af000 	C:\WINDOWS\SYSTEM32\windows.storage.dll
0x00007fff94a40000 - 0x00007fff94d96000 	C:\WINDOWS\System32\combase.dll
0x00007fff93a30000 - 0x00007fff93a5c000 	C:\WINDOWS\SYSTEM32\Wldp.dll
0x00007fff962e0000 - 0x00007fff9638e000 	C:\WINDOWS\System32\SHCORE.dll
0x00007fff96540000 - 0x00007fff96595000 	C:\WINDOWS\System32\shlwapi.dll
0x00007fff93f00000 - 0x00007fff93f26000 	C:\WINDOWS\SYSTEM32\profapi.dll
0x00007fff680c0000 - 0x00007fff680d9000 	C:\Users\Nicholas\.jdks\corretto-11.0.9.1\bin\net.dll
0x00007fff916f0000 - 0x00007fff917f0000 	C:\WINDOWS\SYSTEM32\WINHTTP.dll
0x00007fff937b0000 - 0x00007fff9381a000 	C:\WINDOWS\system32\mswsock.dll
0x00007fff680a0000 - 0x00007fff680b2000 	C:\Users\Nicholas\.jdks\corretto-11.0.9.1\bin\nio.dll
0x00007fff43b50000 - 0x00007fff43b7a000 	C:\Users\Nicholas\.gradle\native\36\windows-amd64\native-platform.dll
0x00007fff6f3e0000 - 0x00007fff6f3e9000 	C:\Users\Nicholas\.jdks\corretto-11.0.9.1\bin\management.dll
0x00007fff67fe0000 - 0x00007fff67feb000 	C:\Users\Nicholas\.jdks\corretto-11.0.9.1\bin\management_ext.dll
0x00007fff93980000 - 0x00007fff93998000 	C:\WINDOWS\SYSTEM32\CRYPTSP.dll
0x00007fff930e0000 - 0x00007fff93114000 	C:\WINDOWS\system32\rsaenh.dll
0x00007fff94080000 - 0x00007fff940a7000 	C:\WINDOWS\System32\bcrypt.dll
0x00007fff93e80000 - 0x00007fff93eae000 	C:\WINDOWS\SYSTEM32\USERENV.dll
0x00007fff939a0000 - 0x00007fff939ac000 	C:\WINDOWS\SYSTEM32\CRYPTBASE.dll
0x00007fff93450000 - 0x00007fff9348b000 	C:\WINDOWS\SYSTEM32\IPHLPAPI.DLL
0x00007fff954e0000 - 0x00007fff954e8000 	C:\WINDOWS\System32\NSI.dll
0x00007fff8a280000 - 0x00007fff8a297000 	C:\WINDOWS\SYSTEM32\dhcpcsvc6.DLL
0x00007fff8c7e0000 - 0x00007fff8c7fd000 	C:\WINDOWS\SYSTEM32\dhcpcsvc.DLL
0x00007fff93490000 - 0x00007fff9355b000 	C:\WINDOWS\SYSTEM32\DNSAPI.dll

dbghelp: loaded successfully - version: 4.0.5 - missing functions: none
symbol engine: initialized successfully - sym options: 0x614 - pdb path: .;C:\Users\Nicholas\.jdks\corretto-11.0.9.1\bin;C:\WINDOWS\SYSTEM32;C:\WINDOWS\WinSxS\amd64_microsoft.windows.common-controls_6595b64144ccf1df_6.0.19041.746_none_ca02b4b61b8320a4;C:\Users\Nicholas\.jdks\corretto-11.0.9.1\bin\server;C:\Users\Nicholas\.gradle\native\36\windows-amd64

VM Arguments:
jvm_args: --add-opens=java.base/java.util=ALL-UNNAMED --add-opens=java.base/java.lang=ALL-UNNAMED --add-opens=java.base/java.lang.invoke=ALL-UNNAMED --add-opens=java.prefs/java.util.prefs=ALL-UNNAMED -XX:MaxMetaspaceSize=256m -XX:+HeapDumpOnOutOfMemoryError -Xms256m -Xmx512m -Dfile.encoding=windows-1252 -Duser.country=SG -Duser.language=en -Duser.variant 
java_command: org.gradle.launcher.daemon.bootstrap.GradleDaemon 6.2
java_class_path (initial): C:\Users\Nicholas\.gradle\wrapper\dists\gradle-6.2-bin\6zaomcc3lf3gnwxgkllci1muk\gradle-6.2\lib\gradle-launcher-6.2.jar
Launcher Type: SUN_STANDARD

[Global flags]
     intx CICompilerCount                          = 4                                         {product} {ergonomic}
   size_t CompressedClassSpaceSize                 = 260046848                                 {product} {ergonomic}
     uint ConcGCThreads                            = 2                                         {product} {ergonomic}
     uint G1ConcRefinementThreads                  = 8                                         {product} {ergonomic}
   size_t G1HeapRegionSize                         = 1048576                                   {product} {ergonomic}
    uintx GCDrainStackTargetSize                   = 64                                        {product} {ergonomic}
     bool HeapDumpOnOutOfMemoryError               = true                                   {manageable} {command line}
   size_t InitialHeapSize                          = 268435456                                 {product} {command line}
   size_t MarkStackSize                            = 4194304                                   {product} {ergonomic}
   size_t MaxHeapSize                              = 536870912                                 {product} {command line}
   size_t MaxMetaspaceSize                         = 268435456                                 {product} {command line}
   size_t MaxNewSize                               = 321912832                                 {product} {ergonomic}
   size_t MinHeapDeltaBytes                        = 1048576                                   {product} {ergonomic}
    uintx NonNMethodCodeHeapSize                   = 5836300                                {pd product} {ergonomic}
    uintx NonProfiledCodeHeapSize                  = 122910970                              {pd product} {ergonomic}
    uintx ProfiledCodeHeapSize                     = 122910970                              {pd product} {ergonomic}
    uintx ReservedCodeCacheSize                    = 251658240                              {pd product} {ergonomic}
     bool SegmentedCodeCache                       = true                                      {product} {ergonomic}
     bool UseCompressedClassPointers               = true                                 {lp64_product} {ergonomic}
     bool UseCompressedOops                        = true                                 {lp64_product} {ergonomic}
     bool UseG1GC                                  = true                                      {product} {ergonomic}
     bool UseLargePagesIndividualAllocation        = false                                  {pd product} {ergonomic}

Logging:
Log output configuration:
 #0: stdout all=warning uptime,level,tags
 #1: stderr all=off uptime,level,tags

Environment Variables:
PATH=C:\Windows\system32;C:\Windows;C:\Windows\System32\Wbem;C:\Windows\System32\WindowsPowerShell\v1.0\;C:\Program Files (x86)\NVIDIA Corporation\PhysX\Common;C:\WINDOWS\system32;C:\WINDOWS;C:\WINDOWS\System32\Wbem;C:\WINDOWS\System32\WindowsPowerShell\v1.0\;C:\WINDOWS\System32\OpenSSH\;C:\Program Files\MATLAB\R2018a\bin;C:\Program Files\Java\jdk-11.0.7\bin;C:\Program Files\NVIDIA Corporation\NVIDIA NvDLISR;C:\Program Files\Git\cmd;C:\WINDOWS\system32;C:\WINDOWS;C:\WINDOWS\System32\Wbem;C:\WINDOWS\System32\WindowsPowerShell\v1.0\;C:\WINDOWS\System32\OpenSSH\;C:\Users\Nicholas\AppData\Roaming\local\bin;C:\Users\Nicholas\anaconda3;C:\Users\Nicholas\anaconda3\Library\mingw-w64\bin;C:\Users\Nicholas\anaconda3\Library\usr\bin;C:\Users\Nicholas\anaconda3\Library\bin;C:\Users\Nicholas\anaconda3\Scripts;C:\Users\Nicholas\AppData\Local\Programs\Python\Python38\Scripts\;C:\Users\Nicholas\AppData\Local\Programs\Python\Python38\;C:\Users\Nicholas\AppData\Local\Microsoft\WindowsApps;C:\Program Files (x86)\SSH Communications Security\SSH Secure Shell;C:\Users\Nicholas\AppData\Local\Programs\MiKTeX 2.9\miktex\bin\x64\;;C:\Users\Nicholas\AppData\Local\Programs\Microsoft VS Code\bin;C:\Program Files\JetBrains\IntelliJ IDEA Community Edition 2020.3.1\bin;
USERNAME=Nicholas
OS=Windows_NT
PROCESSOR_IDENTIFIER=Intel64 Family 6 Model 142 Stepping 10, GenuineIntel



---------------  S Y S T E M  ---------------

OS: Windows 10 , 64 bit Build 19041 (10.0.19041.662)
OS uptime: 0 days 0:54 hours

CPU:total 8 (initial active 8) (4 cores per cpu, 2 threads per core) family 6 model 142 stepping 10, cmov, cx8, fxsr, mmx, sse, sse2, sse3, ssse3, sse4.1, sse4.2, popcnt, avx, avx2, aes, clmul, erms, 3dnowpref, lzcnt, ht, tsc, tscinvbit, bmi1, bmi2, adx, fma

Memory: 4k page, system-wide physical 16199M (7252M free)
TotalPageFile size 18631M (AvailPageFile size 6963M)
current process WorkingSet (physical memory assigned to process): 389M, peak: 431M
current process commit charge ("private bytes"): 476M, peak: 519M

vm_info: OpenJDK 64-Bit Server VM (11.0.9.1+12-LTS) for windows-amd64 JRE (11.0.9.1+12-LTS), built on Nov  4 2020 10:17:53 by "Administrator" with MS VC++ 15.9 (VS2017)

END.
