#
# A fatal error has been detected by the Java Runtime Environment:
#
#  EXCEPTION_ACCESS_VIOLATION (0xc0000005) at pc=0x00007fff38e8c135, pid=14816, tid=13060
#
# JRE version: OpenJDK Runtime Environment Corretto-11.0.9.12.1 (11.0.9.1+12) (build 11.0.9.1+12-LTS)
# Java VM: OpenJDK 64-Bit Server VM Corretto-11.0.9.12.1 (11.0.9.1+12-LTS, mixed mode, tiered, compressed oops, g1 gc, windows-amd64)
# Problematic frame:
# V  [jvm.dll+0x19c135]
#
# No core dump will be written. Minidumps are not enabled by default on client versions of Windows
#
# If you would like to submit a bug report, please visit:
#   https://bugreport.java.com/bugreport/crash.jsp
#

---------------  S U M M A R Y ------------

Command Line: --add-opens=java.base/java.util=ALL-UNNAMED --add-opens=java.base/java.lang=ALL-UNNAMED --add-opens=java.base/java.lang.invoke=ALL-UNNAMED --add-opens=java.prefs/java.util.prefs=ALL-UNNAMED -XX:MaxMetaspaceSize=256m -XX:+HeapDumpOnOutOfMemoryError -Xms256m -Xmx512m -Dfile.encoding=windows-1252 -Duser.country=SG -Duser.language=en -Duser.variant org.gradle.launcher.daemon.bootstrap.GradleDaemon 6.2

Host: Intel(R) Core(TM) i7-8550U CPU @ 1.80GHz, 8 cores, 15G,  Windows 10 , 64 bit Build 19041 (10.0.19041.662)
Time: Sun Jan 31 02:42:35 2021 Malay Peninsula Standard Time elapsed time: 2.226076 seconds (0d 0h 0m 2s)

---------------  T H R E A D  ---------------

Current thread (0x0000019c06286800):  JavaThread "C2 CompilerThread1" daemon [_thread_in_native, id=13060, stack(0x000000857b600000,0x000000857b700000)]


Current CompileTask:
C2:   2226 1986       4       java.net.URLClassLoader$1::run (5 bytes)

Stack: [0x000000857b600000,0x000000857b700000],  sp=0x000000857b6fb440,  free space=1005k
Native frames: (J=compiled Java code, j=interpreted, Vv=VM code, C=native code)
V  [jvm.dll+0x19c135]
V  [jvm.dll+0x34d1bb]
V  [jvm.dll+0x34bea4]
V  [jvm.dll+0x19946d]
V  [jvm.dll+0x201212]
V  [jvm.dll+0x2002bf]
V  [jvm.dll+0x184fbc]
V  [jvm.dll+0x20f697]
V  [jvm.dll+0x20d87b]
V  [jvm.dll+0x741ca9]
V  [jvm.dll+0x73ad54]
V  [jvm.dll+0x5f3f76]
C  [ucrtbase.dll+0x214c2]
C  [KERNEL32.DLL+0x17034]
C  [ntdll.dll+0x4d0d1]


siginfo: EXCEPTION_ACCESS_VIOLATION (0xc0000005), reading address 0x00005fff39760b70


Register to memory mapping:

RIP=0x00007fff38e8c135 jvm.dll
RAX=0x00007fff39760b68 jvm.dll
RBX=0x0000019c09c7bfb0 points into unknown readable memory: 01 00 00 00 00 00 00 00
RCX=0x0000000000000009 is an unknown value
RDX=0x0000000000000200 is an unknown value
RSP=0x000000857b6fb440 is pointing into the stack for thread: 0x0000019c06286800
RBP=0x00007fff38cf0000 jvm.dll
RSI=0x0000000000000002 is an unknown value
RDI=0x0000000000000009 is an unknown value
R8 =0x00005fff39760b68 is an unknown value
R9 =0x0000000000001649 is an unknown value
R10=0x00007fff38cf0000 jvm.dll
R11=0x0000000055555555 is an unknown value
R12=0x0000000000000001 is an unknown value
R13=0x0000019c05600030 points into unknown readable memory: 28 9c 53 39 ff 7f 00 00
R14=0x0 is NULL
R15=0x0000019c074ff2d0 points into unknown readable memory: 10 8a 4c 39 ff 7f 00 00


Registers:
RAX=0x00007fff39760b68, RBX=0x0000019c09c7bfb0, RCX=0x0000000000000009, RDX=0x0000000000000200
RSP=0x000000857b6fb440, RBP=0x00007fff38cf0000, RSI=0x0000000000000002, RDI=0x0000000000000009
R8 =0x00005fff39760b68, R9 =0x0000000000001649, R10=0x00007fff38cf0000, R11=0x0000000055555555
R12=0x0000000000000001, R13=0x0000019c05600030, R14=0x0000000000000000, R15=0x0000019c074ff2d0
RIP=0x00007fff38e8c135, EFLAGS=0x0000000000010206

Top of Stack: (sp=0x000000857b6fb440)
0x000000857b6fb440:   0000019c09c7bfb0 0000000000000000
0x000000857b6fb450:   0000000000000000 0000000000000000
0x000000857b6fb460:   0000019c0ae1ffb0 00007fff3903d1bb
0x000000857b6fb470:   000000857b6fbb40 000000000000167f
0x000000857b6fb480:   000000857b6fbb40 0000000000000000
0x000000857b6fb490:   0000164a00001000 0000000000000003
0x000000857b6fb4a0:   0000019c074914c0 00007fff00000017
0x000000857b6fb4b0:   0000019c07491c18 0000019c00000021
0x000000857b6fb4c0:   000000857b6fb570 0000000000000018
0x000000857b6fb4d0:   0000019c0ae1ffb0 00007fff3903bea4
0x000000857b6fb4e0:   000000857b6fbb40 000000857b6fb5e0
0x000000857b6fb4f0:   0000000000000018 0000019c07634da8
0x000000857b6fb500:   000000857b6fb530 3fcacc008a5fe328
0x000000857b6fb510:   0000001800000001 0000000d00000002
0x000000857b6fb520:   0000000000000000 0000000000000001
0x000000857b6fb530:   0000001800000000 0000000e00000000 

Instructions: (pc=0x00007fff38e8c135)
0x00007fff38e8c035:   00 00 00 3b c1 89 87 90 00 00 00 79 0e 83 8f 98
0x00007fff38e8c045:   00 00 00 40 c7 47 30 2f 75 00 00 ff c3 c7 47 34
0x00007fff38e8c055:   00 00 00 00 3b 9d e8 00 00 00 0f 82 7b ff ff ff
0x00007fff38e8c065:   48 81 c4 80 00 00 00 5f 5d 5b c3 9e bc 19 00 0b
0x00007fff38e8c075:   bd 19 00 9e bc 19 00 9e bc 19 00 1e bc 19 00 9e
0x00007fff38e8c085:   bc 19 00 57 bc 19 00 57 bc 19 00 9e bc 19 00 ad
0x00007fff38e8c095:   bc 19 00 bc bc 19 00 cb bc 19 00 da bc 19 00 9e
0x00007fff38e8c0a5:   bc 19 00 cc cc cc cc cc cc cc cc 48 8b 41 50 48
0x00007fff38e8c0b5:   63 48 10 48 8d 05 75 8f 88 00 48 c1 e1 05 8b 04
0x00007fff38e8c0c5:   01 c3 cc cc cc cc cc cc cc cc cc 48 89 5c 24 10
0x00007fff38e8c0d5:   57 48 83 ec 20 8b fa 48 8b d9 85 d2 75 0d 32 c0
0x00007fff38e8c0e5:   48 8b 5c 24 38 48 83 c4 20 5f c3 48 8b 43 08 48
0x00007fff38e8c0f5:   8b cf 48 c1 e9 08 48 89 74 24 30 48 8b f7 4c 8b
0x00007fff38e8c105:   04 c8 48 8d 05 5a 4a 8d 00 4c 3b c0 75 0d 8b d7
0x00007fff38e8c115:   48 8b cb e8 f3 5a 1b 00 4c 8b c0 48 c1 ee 05 83
0x00007fff38e8c125:   e7 1f 83 e6 07 40 0f b6 cf ba 01 00 00 00 d3 e2
0x00007fff38e8c135:   41 8b 0c b0 8b c1 0b c2 41 89 04 b0 48 8b 74 24
0x00007fff38e8c145:   30 23 ca 75 02 ff 03 48 8b 5c 24 38 85 c9 0f 94
0x00007fff38e8c155:   c0 48 83 c4 20 5f c3 cc cc cc cc 44 8b d2 41 3b
0x00007fff38e8c165:   d0 7c 45 41 8d 80 c0 02 00 00 3b d0 7d 3a 44 8b
0x00007fff38e8c175:   ca 45 2b c8 49 63 c1 41 8b d1 48 c1 f8 05 83 e2
0x00007fff38e8c185:   1f 8b 44 81 38 0f a3 d0 73 1e 0f b7 81 94 00 00
0x00007fff38e8c195:   00 66 83 f8 01 74 0e 0f b7 c8 ff c9 8b c1 41 23
0x00007fff38e8c1a5:   c2 3b c1 75 03 b0 01 c3 32 c0 c3 40 53 48 83 ec
0x00007fff38e8c1b5:   20 48 8b d9 e8 a2 fd 4a 00 83 f8 02 75 14 48 8b
0x00007fff38e8c1c5:   cb e8 35 05 4b 00 84 c0 75 08 b0 01 48 83 c4 20
0x00007fff38e8c1d5:   5b c3 32 c0 48 83 c4 20 5b c3 cc 40 57 41 55 48
0x00007fff38e8c1e5:   83 ec 48 4c 8b 41 48 33 ff 8b c7 48 89 6c 24 40
0x00007fff38e8c1f5:   4c 8b e9 89 44 24 60 8b ef 41 39 40 40 0f 86 0a
0x00007fff38e8c205:   01 00 00 48 89 5c 24 70 48 89 74 24 38 4c 89 64
0x00007fff38e8c215:   24 30 4c 89 74 24 28 4c 89 7c 24 20 0f 1f 40 00
0x00007fff38e8c225:   66 66 66 0f 1f 84 00 00 00 00 00 8b d0 8b f7 49 


Stack slot to memory mapping:
stack at sp + 0 slots: 0x0000019c09c7bfb0 points into unknown readable memory: 01 00 00 00 00 00 00 00
stack at sp + 1 slots: 0x0 is NULL
stack at sp + 2 slots: 0x0 is NULL
stack at sp + 3 slots: 0x0 is NULL
stack at sp + 4 slots: 0x0000019c0ae1ffb0 points into unknown readable memory: 65 89 bc 08 d8 90 86 3f
stack at sp + 5 slots: 0x00007fff3903d1bb jvm.dll
stack at sp + 6 slots: 0x000000857b6fbb40 is pointing into the stack for thread: 0x0000019c06286800
stack at sp + 7 slots: 0x000000000000167f is an unknown value


---------------  P R O C E S S  ---------------

Threads class SMR info:
_java_thread_list=0x0000019c09891280, length=28, elements={
0x0000019c681eb800, 0x0000019c040a0000, 0x0000019c040ad000, 0x0000019c040c0800,
0x0000019c040c2000, 0x0000019c04a14800, 0x0000019c04a17800, 0x0000019c040cc000,
0x0000019c04b80000, 0x0000019c04bc1000, 0x0000019c06078000, 0x0000019c04c9a800,
0x0000019c06585800, 0x0000019c06194000, 0x0000019c05b81000, 0x0000019c06d4f800,
0x0000019c069af000, 0x0000019c069b0000, 0x0000019c05b67000, 0x0000019c05fff800,
0x0000019c06a54800, 0x0000019c06a55800, 0x0000019c06a50800, 0x0000019c06286800,
0x0000019c068ae800, 0x0000019c06a51800, 0x0000019c06a52000, 0x0000019c06a4f800
}

Java Threads: ( => current thread )
  0x0000019c681eb800 JavaThread "main" [_thread_blocked, id=3896, stack(0x0000008579000000,0x0000008579100000)]
  0x0000019c040a0000 JavaThread "Reference Handler" daemon [_thread_blocked, id=10336, stack(0x0000008579700000,0x0000008579800000)]
  0x0000019c040ad000 JavaThread "Finalizer" daemon [_thread_blocked, id=20424, stack(0x0000008579800000,0x0000008579900000)]
  0x0000019c040c0800 JavaThread "Signal Dispatcher" daemon [_thread_blocked, id=4516, stack(0x0000008579900000,0x0000008579a00000)]
  0x0000019c040c2000 JavaThread "Attach Listener" daemon [_thread_blocked, id=19996, stack(0x0000008579a00000,0x0000008579b00000)]
  0x0000019c04a14800 JavaThread "C2 CompilerThread0" daemon [_thread_in_native, id=11188, stack(0x0000008579b00000,0x0000008579c00000)]
  0x0000019c04a17800 JavaThread "C1 CompilerThread0" daemon [_thread_blocked, id=2376, stack(0x0000008579c00000,0x0000008579d00000)]
  0x0000019c040cc000 JavaThread "Sweeper thread" daemon [_thread_blocked, id=8108, stack(0x0000008579d00000,0x0000008579e00000)]
  0x0000019c04b80000 JavaThread "Common-Cleaner" daemon [_thread_blocked, id=17596, stack(0x0000008579e00000,0x0000008579f00000)]
  0x0000019c04bc1000 JavaThread "Service Thread" daemon [_thread_blocked, id=10480, stack(0x0000008579f00000,0x000000857a000000)]
  0x0000019c06078000 JavaThread "Daemon health stats" [_thread_blocked, id=18796, stack(0x000000857a700000,0x000000857a800000)]
  0x0000019c04c9a800 JavaThread "Incoming local TCP Connector on port 50806" [_thread_in_native, id=12480, stack(0x000000857a100000,0x000000857a200000)]
  0x0000019c06585800 JavaThread "Daemon periodic checks" [_thread_blocked, id=3740, stack(0x000000857a800000,0x000000857a900000)]
  0x0000019c06194000 JavaThread "Daemon" [_thread_blocked, id=17588, stack(0x000000857a900000,0x000000857aa00000)]
  0x0000019c05b81000 JavaThread "Handler for socket connection from /127.0.0.1:50806 to /127.0.0.1:50807" [_thread_in_native, id=9608, stack(0x000000857aa00000,0x000000857ab00000)]
  0x0000019c06d4f800 JavaThread "Cancel handler" [_thread_blocked, id=3848, stack(0x000000857ab00000,0x000000857ac00000)]
  0x0000019c069af000 JavaThread "Daemon worker" [_thread_in_vm, id=8280, stack(0x000000857ac00000,0x000000857ad00000)]
  0x0000019c069b0000 JavaThread "Asynchronous log dispatcher for DefaultDaemonConnection: socket connection from /127.0.0.1:50806 to /127.0.0.1:50807" [_thread_blocked, id=5164, stack(0x000000857ad00000,0x000000857ae00000)]
  0x0000019c05b67000 JavaThread "Stdin handler" [_thread_blocked, id=18972, stack(0x000000857ae00000,0x000000857af00000)]
  0x0000019c05fff800 JavaThread "Thread-8" [_thread_blocked, id=6072, stack(0x000000857af00000,0x000000857b000000)]
  0x0000019c06a54800 JavaThread "Cache worker for journal cache (C:\Users\Nicholas\.gradle\caches\journal-1)" [_thread_blocked, id=3916, stack(0x000000857b000000,0x000000857b100000)]
  0x0000019c06a55800 JavaThread "File lock request listener" [_thread_in_native, id=1572, stack(0x000000857b100000,0x000000857b200000)]
  0x0000019c06a50800 JavaThread "Cache worker for file hash cache (C:\Users\Nicholas\.gradle\caches\6.2\fileHashes)" [_thread_blocked, id=1892, stack(0x000000857b200000,0x000000857b300000)]
=>0x0000019c06286800 JavaThread "C2 CompilerThread1" daemon [_thread_in_native, id=13060, stack(0x000000857b600000,0x000000857b700000)]
  0x0000019c068ae800 JavaThread "C2 CompilerThread2" daemon [_thread_in_native, id=20248, stack(0x000000857b700000,0x000000857b800000)]
  0x0000019c06a51800 JavaThread "Cache worker for checksums cache (D:\NUS\Y3S2\CS2103 Software Engineering\ip\.gradle\checksums)" [_thread_blocked, id=8700, stack(0x000000857b800000,0x000000857b900000)]
  0x0000019c06a52000 JavaThread "Cache worker for file hash cache (D:\NUS\Y3S2\CS2103 Software Engineering\ip\.gradle\6.2\fileHashes)" [_thread_blocked, id=14388, stack(0x000000857b900000,0x000000857ba00000)]
  0x0000019c06a4f800 JavaThread "Cache worker for cache directory md-supplier (C:\Users\Nicholas\.gradle\caches\6.2\md-supplier)" [_thread_blocked, id=15048, stack(0x000000857ba00000,0x000000857bb00000)]

Other Threads:
  0x0000019c0407a800 VMThread "VM Thread" [stack: 0x0000008579600000,0x0000008579700000] [id=14456]
  0x0000019c04bc2800 WatcherThread [stack: 0x000000857a000000,0x000000857a100000] [id=7388]
  0x0000019c68203000 GCTaskThread "GC Thread#0" [stack: 0x0000008579100000,0x0000008579200000] [id=18300]
  0x0000019c05400800 GCTaskThread "GC Thread#1" [stack: 0x000000857a200000,0x000000857a300000] [id=13352]
  0x0000019c05658000 GCTaskThread "GC Thread#2" [stack: 0x000000857a300000,0x000000857a400000] [id=10716]
  0x0000019c05658800 GCTaskThread "GC Thread#3" [stack: 0x000000857a400000,0x000000857a500000] [id=8712]
  0x0000019c05659000 GCTaskThread "GC Thread#4" [stack: 0x000000857a500000,0x000000857a600000] [id=7280]
  0x0000019c054bf000 GCTaskThread "GC Thread#5" [stack: 0x000000857a600000,0x000000857a700000] [id=19844]
  0x0000019c06cb9800 GCTaskThread "GC Thread#6" [stack: 0x000000857b300000,0x000000857b400000] [id=20040]
  0x0000019c06a2f800 GCTaskThread "GC Thread#7" [stack: 0x000000857b400000,0x000000857b500000] [id=15672]
  0x0000019c6821e800 ConcurrentGCThread "G1 Main Marker" [stack: 0x0000008579200000,0x0000008579300000] [id=11036]
  0x0000019c68220800 ConcurrentGCThread "G1 Conc#0" [stack: 0x0000008579300000,0x0000008579400000] [id=11692]
  0x0000019c05ee6800 ConcurrentGCThread "G1 Conc#1" [stack: 0x000000857b500000,0x000000857b600000] [id=5768]
  0x0000019c03f14800 ConcurrentGCThread "G1 Refine#0" [stack: 0x0000008579400000,0x0000008579500000] [id=14624]
  0x0000019c03f15800 ConcurrentGCThread "G1 Young RemSet Sampling" [stack: 0x0000008579500000,0x0000008579600000] [id=6236]

Threads with active compile tasks:
C2 CompilerThread0   2305 2102   !   4       java.net.URLClassLoader$1::run (63 bytes)
C2 CompilerThread1   2305 1986       4       java.net.URLClassLoader$1::run (5 bytes)
C2 CompilerThread2   2305 2158       4       sun.nio.fs.WindowsPathParser::normalize (233 bytes)

VM state:not at safepoint (normal execution)

VM Mutex/Monitor currently owned by a thread: None

Heap address: 0x00000000e0000000, size: 512 MB, Compressed Oops mode: 32-bit
Narrow klass base: 0x0000000000000000, Narrow klass shift: 3
Compressed class space size: 260046848 Address: 0x0000000100000000

Heap:
 garbage-first heap   total 262144K, used 65776K [0x00000000e0000000, 0x0000000100000000)
  region size 1024K, 60 young (61440K), 10 survivors (10240K)
 Metaspace       used 26685K, capacity 27250K, committed 27440K, reserved 278528K
  class space    used 3436K, capacity 3633K, committed 3712K, reserved 253952K
Heap Regions: E=young(eden), S=young(survivor), O=old, HS=humongous(starts), HC=humongous(continues), CS=collection set, F=free, A=archive, TAMS=top-at-mark-start (previous, next)
|   0|0x00000000e0000000, 0x00000000e0000000, 0x00000000e0100000|  0%| F|  |TAMS 0x00000000e0000000, 0x00000000e0000000| Untracked 
|   1|0x00000000e0100000, 0x00000000e0100000, 0x00000000e0200000|  0%| F|  |TAMS 0x00000000e0100000, 0x00000000e0100000| Untracked 
|   2|0x00000000e0200000, 0x00000000e0200000, 0x00000000e0300000|  0%| F|  |TAMS 0x00000000e0200000, 0x00000000e0200000| Untracked 
|   3|0x00000000e0300000, 0x00000000e0400000, 0x00000000e0400000|100%|HS|  |TAMS 0x00000000e0400000, 0x00000000e0300000| Complete 
|   4|0x00000000e0400000, 0x00000000e0500000, 0x00000000e0500000|100%|HC|  |TAMS 0x00000000e0500000, 0x00000000e0400000| Complete 
|   5|0x00000000e0500000, 0x00000000e0600000, 0x00000000e0600000|100%|HC|  |TAMS 0x00000000e0600000, 0x00000000e0500000| Complete 
|   6|0x00000000e0600000, 0x00000000e0700000, 0x00000000e0700000|100%| O|  |TAMS 0x00000000e0700000, 0x00000000e0600000| Untracked 
|   7|0x00000000e0700000, 0x00000000e0800000, 0x00000000e0800000|100%| O|  |TAMS 0x00000000e0800000, 0x00000000e0700000| Untracked 
|   8|0x00000000e0800000, 0x00000000e083d200, 0x00000000e0900000| 23%| O|  |TAMS 0x00000000e083d200, 0x00000000e0800000| Untracked 
|   9|0x00000000e0900000, 0x00000000e0900000, 0x00000000e0a00000|  0%| F|  |TAMS 0x00000000e0900000, 0x00000000e0900000| Untracked 
|  10|0x00000000e0a00000, 0x00000000e0a00000, 0x00000000e0b00000|  0%| F|  |TAMS 0x00000000e0a00000, 0x00000000e0a00000| Untracked 
|  11|0x00000000e0b00000, 0x00000000e0b00000, 0x00000000e0c00000|  0%| F|  |TAMS 0x00000000e0b00000, 0x00000000e0b00000| Untracked 
|  12|0x00000000e0c00000, 0x00000000e0c00000, 0x00000000e0d00000|  0%| F|  |TAMS 0x00000000e0c00000, 0x00000000e0c00000| Untracked 
|  13|0x00000000e0d00000, 0x00000000e0d00000, 0x00000000e0e00000|  0%| F|  |TAMS 0x00000000e0d00000, 0x00000000e0d00000| Untracked 
|  14|0x00000000e0e00000, 0x00000000e0e00000, 0x00000000e0f00000|  0%| F|  |TAMS 0x00000000e0e00000, 0x00000000e0e00000| Untracked 
|  15|0x00000000e0f00000, 0x00000000e0f00000, 0x00000000e1000000|  0%| F|  |TAMS 0x00000000e0f00000, 0x00000000e0f00000| Untracked 
|  16|0x00000000e1000000, 0x00000000e1000000, 0x00000000e1100000|  0%| F|  |TAMS 0x00000000e1000000, 0x00000000e1000000| Untracked 
|  17|0x00000000e1100000, 0x00000000e1100000, 0x00000000e1200000|  0%| F|  |TAMS 0x00000000e1100000, 0x00000000e1100000| Untracked 
|  18|0x00000000e1200000, 0x00000000e1200000, 0x00000000e1300000|  0%| F|  |TAMS 0x00000000e1200000, 0x00000000e1200000| Untracked 
|  19|0x00000000e1300000, 0x00000000e1300000, 0x00000000e1400000|  0%| F|  |TAMS 0x00000000e1300000, 0x00000000e1300000| Untracked 
|  20|0x00000000e1400000, 0x00000000e1400000, 0x00000000e1500000|  0%| F|  |TAMS 0x00000000e1400000, 0x00000000e1400000| Untracked 
|  21|0x00000000e1500000, 0x00000000e1500000, 0x00000000e1600000|  0%| F|  |TAMS 0x00000000e1500000, 0x00000000e1500000| Untracked 
|  22|0x00000000e1600000, 0x00000000e1600000, 0x00000000e1700000|  0%| F|  |TAMS 0x00000000e1600000, 0x00000000e1600000| Untracked 
|  23|0x00000000e1700000, 0x00000000e1700000, 0x00000000e1800000|  0%| F|  |TAMS 0x00000000e1700000, 0x00000000e1700000| Untracked 
|  24|0x00000000e1800000, 0x00000000e1800000, 0x00000000e1900000|  0%| F|  |TAMS 0x00000000e1800000, 0x00000000e1800000| Untracked 
|  25|0x00000000e1900000, 0x00000000e1900000, 0x00000000e1a00000|  0%| F|  |TAMS 0x00000000e1900000, 0x00000000e1900000| Untracked 
|  26|0x00000000e1a00000, 0x00000000e1a00000, 0x00000000e1b00000|  0%| F|  |TAMS 0x00000000e1a00000, 0x00000000e1a00000| Untracked 
|  27|0x00000000e1b00000, 0x00000000e1b00000, 0x00000000e1c00000|  0%| F|  |TAMS 0x00000000e1b00000, 0x00000000e1b00000| Untracked 
|  28|0x00000000e1c00000, 0x00000000e1c00000, 0x00000000e1d00000|  0%| F|  |TAMS 0x00000000e1c00000, 0x00000000e1c00000| Untracked 
|  29|0x00000000e1d00000, 0x00000000e1d00000, 0x00000000e1e00000|  0%| F|  |TAMS 0x00000000e1d00000, 0x00000000e1d00000| Untracked 
|  30|0x00000000e1e00000, 0x00000000e1e00000, 0x00000000e1f00000|  0%| F|  |TAMS 0x00000000e1e00000, 0x00000000e1e00000| Untracked 
|  31|0x00000000e1f00000, 0x00000000e1f00000, 0x00000000e2000000|  0%| F|  |TAMS 0x00000000e1f00000, 0x00000000e1f00000| Untracked 
|  32|0x00000000e2000000, 0x00000000e2000000, 0x00000000e2100000|  0%| F|  |TAMS 0x00000000e2000000, 0x00000000e2000000| Untracked 
|  33|0x00000000e2100000, 0x00000000e2100000, 0x00000000e2200000|  0%| F|  |TAMS 0x00000000e2100000, 0x00000000e2100000| Untracked 
|  34|0x00000000e2200000, 0x00000000e2200000, 0x00000000e2300000|  0%| F|  |TAMS 0x00000000e2200000, 0x00000000e2200000| Untracked 
|  35|0x00000000e2300000, 0x00000000e2300000, 0x00000000e2400000|  0%| F|  |TAMS 0x00000000e2300000, 0x00000000e2300000| Untracked 
|  36|0x00000000e2400000, 0x00000000e2400000, 0x00000000e2500000|  0%| F|  |TAMS 0x00000000e2400000, 0x00000000e2400000| Untracked 
|  37|0x00000000e2500000, 0x00000000e2500000, 0x00000000e2600000|  0%| F|  |TAMS 0x00000000e2500000, 0x00000000e2500000| Untracked 
|  38|0x00000000e2600000, 0x00000000e2600000, 0x00000000e2700000|  0%| F|  |TAMS 0x00000000e2600000, 0x00000000e2600000| Untracked 
|  39|0x00000000e2700000, 0x00000000e2700000, 0x00000000e2800000|  0%| F|  |TAMS 0x00000000e2700000, 0x00000000e2700000| Untracked 
|  40|0x00000000e2800000, 0x00000000e2800000, 0x00000000e2900000|  0%| F|  |TAMS 0x00000000e2800000, 0x00000000e2800000| Untracked 
|  41|0x00000000e2900000, 0x00000000e2900000, 0x00000000e2a00000|  0%| F|  |TAMS 0x00000000e2900000, 0x00000000e2900000| Untracked 
|  42|0x00000000e2a00000, 0x00000000e2a00000, 0x00000000e2b00000|  0%| F|  |TAMS 0x00000000e2a00000, 0x00000000e2a00000| Untracked 
|  43|0x00000000e2b00000, 0x00000000e2b00000, 0x00000000e2c00000|  0%| F|  |TAMS 0x00000000e2b00000, 0x00000000e2b00000| Untracked 
|  44|0x00000000e2c00000, 0x00000000e2c00000, 0x00000000e2d00000|  0%| F|  |TAMS 0x00000000e2c00000, 0x00000000e2c00000| Untracked 
|  45|0x00000000e2d00000, 0x00000000e2d00000, 0x00000000e2e00000|  0%| F|  |TAMS 0x00000000e2d00000, 0x00000000e2d00000| Untracked 
|  46|0x00000000e2e00000, 0x00000000e2e00000, 0x00000000e2f00000|  0%| F|  |TAMS 0x00000000e2e00000, 0x00000000e2e00000| Untracked 
|  47|0x00000000e2f00000, 0x00000000e2f00000, 0x00000000e3000000|  0%| F|  |TAMS 0x00000000e2f00000, 0x00000000e2f00000| Untracked 
|  48|0x00000000e3000000, 0x00000000e3000000, 0x00000000e3100000|  0%| F|  |TAMS 0x00000000e3000000, 0x00000000e3000000| Untracked 
|  49|0x00000000e3100000, 0x00000000e3100000, 0x00000000e3200000|  0%| F|  |TAMS 0x00000000e3100000, 0x00000000e3100000| Untracked 
|  50|0x00000000e3200000, 0x00000000e3200000, 0x00000000e3300000|  0%| F|  |TAMS 0x00000000e3200000, 0x00000000e3200000| Untracked 
|  51|0x00000000e3300000, 0x00000000e3300000, 0x00000000e3400000|  0%| F|  |TAMS 0x00000000e3300000, 0x00000000e3300000| Untracked 
|  52|0x00000000e3400000, 0x00000000e3400000, 0x00000000e3500000|  0%| F|  |TAMS 0x00000000e3400000, 0x00000000e3400000| Untracked 
|  53|0x00000000e3500000, 0x00000000e3500000, 0x00000000e3600000|  0%| F|  |TAMS 0x00000000e3500000, 0x00000000e3500000| Untracked 
|  54|0x00000000e3600000, 0x00000000e3600000, 0x00000000e3700000|  0%| F|  |TAMS 0x00000000e3600000, 0x00000000e3600000| Untracked 
|  55|0x00000000e3700000, 0x00000000e3700000, 0x00000000e3800000|  0%| F|  |TAMS 0x00000000e3700000, 0x00000000e3700000| Untracked 
|  56|0x00000000e3800000, 0x00000000e3800000, 0x00000000e3900000|  0%| F|  |TAMS 0x00000000e3800000, 0x00000000e3800000| Untracked 
|  57|0x00000000e3900000, 0x00000000e3900000, 0x00000000e3a00000|  0%| F|  |TAMS 0x00000000e3900000, 0x00000000e3900000| Untracked 
|  58|0x00000000e3a00000, 0x00000000e3a00000, 0x00000000e3b00000|  0%| F|  |TAMS 0x00000000e3a00000, 0x00000000e3a00000| Untracked 
|  59|0x00000000e3b00000, 0x00000000e3b00000, 0x00000000e3c00000|  0%| F|  |TAMS 0x00000000e3b00000, 0x00000000e3b00000| Untracked 
|  60|0x00000000e3c00000, 0x00000000e3c00000, 0x00000000e3d00000|  0%| F|  |TAMS 0x00000000e3c00000, 0x00000000e3c00000| Untracked 
|  61|0x00000000e3d00000, 0x00000000e3d00000, 0x00000000e3e00000|  0%| F|  |TAMS 0x00000000e3d00000, 0x00000000e3d00000| Untracked 
|  62|0x00000000e3e00000, 0x00000000e3e00000, 0x00000000e3f00000|  0%| F|  |TAMS 0x00000000e3e00000, 0x00000000e3e00000| Untracked 
|  63|0x00000000e3f00000, 0x00000000e3f00000, 0x00000000e4000000|  0%| F|  |TAMS 0x00000000e3f00000, 0x00000000e3f00000| Untracked 
|  64|0x00000000e4000000, 0x00000000e4000000, 0x00000000e4100000|  0%| F|  |TAMS 0x00000000e4000000, 0x00000000e4000000| Untracked 
|  65|0x00000000e4100000, 0x00000000e4100000, 0x00000000e4200000|  0%| F|  |TAMS 0x00000000e4100000, 0x00000000e4100000| Untracked 
|  66|0x00000000e4200000, 0x00000000e4200000, 0x00000000e4300000|  0%| F|  |TAMS 0x00000000e4200000, 0x00000000e4200000| Untracked 
|  67|0x00000000e4300000, 0x00000000e4300000, 0x00000000e4400000|  0%| F|  |TAMS 0x00000000e4300000, 0x00000000e4300000| Untracked 
|  68|0x00000000e4400000, 0x00000000e4400000, 0x00000000e4500000|  0%| F|  |TAMS 0x00000000e4400000, 0x00000000e4400000| Untracked 
|  69|0x00000000e4500000, 0x00000000e4500000, 0x00000000e4600000|  0%| F|  |TAMS 0x00000000e4500000, 0x00000000e4500000| Untracked 
|  70|0x00000000e4600000, 0x00000000e4600000, 0x00000000e4700000|  0%| F|  |TAMS 0x00000000e4600000, 0x00000000e4600000| Untracked 
|  71|0x00000000e4700000, 0x00000000e4700000, 0x00000000e4800000|  0%| F|  |TAMS 0x00000000e4700000, 0x00000000e4700000| Untracked 
|  72|0x00000000e4800000, 0x00000000e4800000, 0x00000000e4900000|  0%| F|  |TAMS 0x00000000e4800000, 0x00000000e4800000| Untracked 
|  73|0x00000000e4900000, 0x00000000e4900000, 0x00000000e4a00000|  0%| F|  |TAMS 0x00000000e4900000, 0x00000000e4900000| Untracked 
|  74|0x00000000e4a00000, 0x00000000e4a00000, 0x00000000e4b00000|  0%| F|  |TAMS 0x00000000e4a00000, 0x00000000e4a00000| Untracked 
|  75|0x00000000e4b00000, 0x00000000e4b00000, 0x00000000e4c00000|  0%| F|  |TAMS 0x00000000e4b00000, 0x00000000e4b00000| Untracked 
|  76|0x00000000e4c00000, 0x00000000e4c00000, 0x00000000e4d00000|  0%| F|  |TAMS 0x00000000e4c00000, 0x00000000e4c00000| Untracked 
|  77|0x00000000e4d00000, 0x00000000e4d00000, 0x00000000e4e00000|  0%| F|  |TAMS 0x00000000e4d00000, 0x00000000e4d00000| Untracked 
|  78|0x00000000e4e00000, 0x00000000e4e00000, 0x00000000e4f00000|  0%| F|  |TAMS 0x00000000e4e00000, 0x00000000e4e00000| Untracked 
|  79|0x00000000e4f00000, 0x00000000e4f00000, 0x00000000e5000000|  0%| F|  |TAMS 0x00000000e4f00000, 0x00000000e4f00000| Untracked 
|  80|0x00000000e5000000, 0x00000000e5000000, 0x00000000e5100000|  0%| F|  |TAMS 0x00000000e5000000, 0x00000000e5000000| Untracked 
|  81|0x00000000e5100000, 0x00000000e5100000, 0x00000000e5200000|  0%| F|  |TAMS 0x00000000e5100000, 0x00000000e5100000| Untracked 
|  82|0x00000000e5200000, 0x00000000e5200000, 0x00000000e5300000|  0%| F|  |TAMS 0x00000000e5200000, 0x00000000e5200000| Untracked 
|  83|0x00000000e5300000, 0x00000000e5300000, 0x00000000e5400000|  0%| F|  |TAMS 0x00000000e5300000, 0x00000000e5300000| Untracked 
|  84|0x00000000e5400000, 0x00000000e5400000, 0x00000000e5500000|  0%| F|  |TAMS 0x00000000e5400000, 0x00000000e5400000| Untracked 
|  85|0x00000000e5500000, 0x00000000e5500000, 0x00000000e5600000|  0%| F|  |TAMS 0x00000000e5500000, 0x00000000e5500000| Untracked 
|  86|0x00000000e5600000, 0x00000000e5600000, 0x00000000e5700000|  0%| F|  |TAMS 0x00000000e5600000, 0x00000000e5600000| Untracked 
|  87|0x00000000e5700000, 0x00000000e5700000, 0x00000000e5800000|  0%| F|  |TAMS 0x00000000e5700000, 0x00000000e5700000| Untracked 
|  88|0x00000000e5800000, 0x00000000e5800000, 0x00000000e5900000|  0%| F|  |TAMS 0x00000000e5800000, 0x00000000e5800000| Untracked 
|  89|0x00000000e5900000, 0x00000000e5900000, 0x00000000e5a00000|  0%| F|  |TAMS 0x00000000e5900000, 0x00000000e5900000| Untracked 
|  90|0x00000000e5a00000, 0x00000000e5a00000, 0x00000000e5b00000|  0%| F|  |TAMS 0x00000000e5a00000, 0x00000000e5a00000| Untracked 
|  91|0x00000000e5b00000, 0x00000000e5b00000, 0x00000000e5c00000|  0%| F|  |TAMS 0x00000000e5b00000, 0x00000000e5b00000| Untracked 
|  92|0x00000000e5c00000, 0x00000000e5c00000, 0x00000000e5d00000|  0%| F|  |TAMS 0x00000000e5c00000, 0x00000000e5c00000| Untracked 
|  93|0x00000000e5d00000, 0x00000000e5d00000, 0x00000000e5e00000|  0%| F|  |TAMS 0x00000000e5d00000, 0x00000000e5d00000| Untracked 
|  94|0x00000000e5e00000, 0x00000000e5e00000, 0x00000000e5f00000|  0%| F|  |TAMS 0x00000000e5e00000, 0x00000000e5e00000| Untracked 
|  95|0x00000000e5f00000, 0x00000000e5f00000, 0x00000000e6000000|  0%| F|  |TAMS 0x00000000e5f00000, 0x00000000e5f00000| Untracked 
|  96|0x00000000e6000000, 0x00000000e6000000, 0x00000000e6100000|  0%| F|  |TAMS 0x00000000e6000000, 0x00000000e6000000| Untracked 
|  97|0x00000000e6100000, 0x00000000e6100000, 0x00000000e6200000|  0%| F|  |TAMS 0x00000000e6100000, 0x00000000e6100000| Untracked 
|  98|0x00000000e6200000, 0x00000000e6200000, 0x00000000e6300000|  0%| F|  |TAMS 0x00000000e6200000, 0x00000000e6200000| Untracked 
|  99|0x00000000e6300000, 0x00000000e6300000, 0x00000000e6400000|  0%| F|  |TAMS 0x00000000e6300000, 0x00000000e6300000| Untracked 
| 100|0x00000000e6400000, 0x00000000e6400000, 0x00000000e6500000|  0%| F|  |TAMS 0x00000000e6400000, 0x00000000e6400000| Untracked 
| 101|0x00000000e6500000, 0x00000000e6500000, 0x00000000e6600000|  0%| F|  |TAMS 0x00000000e6500000, 0x00000000e6500000| Untracked 
| 102|0x00000000e6600000, 0x00000000e6600000, 0x00000000e6700000|  0%| F|  |TAMS 0x00000000e6600000, 0x00000000e6600000| Untracked 
| 103|0x00000000e6700000, 0x00000000e6700000, 0x00000000e6800000|  0%| F|  |TAMS 0x00000000e6700000, 0x00000000e6700000| Untracked 
| 104|0x00000000e6800000, 0x00000000e6800000, 0x00000000e6900000|  0%| F|  |TAMS 0x00000000e6800000, 0x00000000e6800000| Untracked 
| 105|0x00000000e6900000, 0x00000000e6900000, 0x00000000e6a00000|  0%| F|  |TAMS 0x00000000e6900000, 0x00000000e6900000| Untracked 
| 106|0x00000000e6a00000, 0x00000000e6a00000, 0x00000000e6b00000|  0%| F|  |TAMS 0x00000000e6a00000, 0x00000000e6a00000| Untracked 
| 107|0x00000000e6b00000, 0x00000000e6b00000, 0x00000000e6c00000|  0%| F|  |TAMS 0x00000000e6b00000, 0x00000000e6b00000| Untracked 
| 108|0x00000000e6c00000, 0x00000000e6c00000, 0x00000000e6d00000|  0%| F|  |TAMS 0x00000000e6c00000, 0x00000000e6c00000| Untracked 
| 109|0x00000000e6d00000, 0x00000000e6d00000, 0x00000000e6e00000|  0%| F|  |TAMS 0x00000000e6d00000, 0x00000000e6d00000| Untracked 
| 110|0x00000000e6e00000, 0x00000000e6e00000, 0x00000000e6f00000|  0%| F|  |TAMS 0x00000000e6e00000, 0x00000000e6e00000| Untracked 
| 111|0x00000000e6f00000, 0x00000000e6f00000, 0x00000000e7000000|  0%| F|  |TAMS 0x00000000e6f00000, 0x00000000e6f00000| Untracked 
| 112|0x00000000e7000000, 0x00000000e7000000, 0x00000000e7100000|  0%| F|  |TAMS 0x00000000e7000000, 0x00000000e7000000| Untracked 
| 113|0x00000000e7100000, 0x00000000e7100000, 0x00000000e7200000|  0%| F|  |TAMS 0x00000000e7100000, 0x00000000e7100000| Untracked 
| 114|0x00000000e7200000, 0x00000000e7200000, 0x00000000e7300000|  0%| F|  |TAMS 0x00000000e7200000, 0x00000000e7200000| Untracked 
| 115|0x00000000e7300000, 0x00000000e7300000, 0x00000000e7400000|  0%| F|  |TAMS 0x00000000e7300000, 0x00000000e7300000| Untracked 
| 116|0x00000000e7400000, 0x00000000e7400000, 0x00000000e7500000|  0%| F|  |TAMS 0x00000000e7400000, 0x00000000e7400000| Untracked 
| 117|0x00000000e7500000, 0x00000000e7500000, 0x00000000e7600000|  0%| F|  |TAMS 0x00000000e7500000, 0x00000000e7500000| Untracked 
| 118|0x00000000e7600000, 0x00000000e7600000, 0x00000000e7700000|  0%| F|  |TAMS 0x00000000e7600000, 0x00000000e7600000| Untracked 
| 119|0x00000000e7700000, 0x00000000e7700000, 0x00000000e7800000|  0%| F|  |TAMS 0x00000000e7700000, 0x00000000e7700000| Untracked 
| 120|0x00000000e7800000, 0x00000000e7800000, 0x00000000e7900000|  0%| F|  |TAMS 0x00000000e7800000, 0x00000000e7800000| Untracked 
| 121|0x00000000e7900000, 0x00000000e7900000, 0x00000000e7a00000|  0%| F|  |TAMS 0x00000000e7900000, 0x00000000e7900000| Untracked 
| 122|0x00000000e7a00000, 0x00000000e7a00000, 0x00000000e7b00000|  0%| F|  |TAMS 0x00000000e7a00000, 0x00000000e7a00000| Untracked 
| 123|0x00000000e7b00000, 0x00000000e7b00000, 0x00000000e7c00000|  0%| F|  |TAMS 0x00000000e7b00000, 0x00000000e7b00000| Untracked 
| 124|0x00000000e7c00000, 0x00000000e7c00000, 0x00000000e7d00000|  0%| F|  |TAMS 0x00000000e7c00000, 0x00000000e7c00000| Untracked 
| 125|0x00000000e7d00000, 0x00000000e7d00000, 0x00000000e7e00000|  0%| F|  |TAMS 0x00000000e7d00000, 0x00000000e7d00000| Untracked 
| 126|0x00000000e7e00000, 0x00000000e7e00000, 0x00000000e7f00000|  0%| F|  |TAMS 0x00000000e7e00000, 0x00000000e7e00000| Untracked 
| 127|0x00000000e7f00000, 0x00000000e7f00000, 0x00000000e8000000|  0%| F|  |TAMS 0x00000000e7f00000, 0x00000000e7f00000| Untracked 
| 128|0x00000000e8000000, 0x00000000e8000000, 0x00000000e8100000|  0%| F|  |TAMS 0x00000000e8000000, 0x00000000e8000000| Untracked 
| 129|0x00000000e8100000, 0x00000000e8100000, 0x00000000e8200000|  0%| F|  |TAMS 0x00000000e8100000, 0x00000000e8100000| Untracked 
| 130|0x00000000e8200000, 0x00000000e8200000, 0x00000000e8300000|  0%| F|  |TAMS 0x00000000e8200000, 0x00000000e8200000| Untracked 
| 131|0x00000000e8300000, 0x00000000e8300000, 0x00000000e8400000|  0%| F|  |TAMS 0x00000000e8300000, 0x00000000e8300000| Untracked 
| 132|0x00000000e8400000, 0x00000000e8400000, 0x00000000e8500000|  0%| F|  |TAMS 0x00000000e8400000, 0x00000000e8400000| Untracked 
| 133|0x00000000e8500000, 0x00000000e8500000, 0x00000000e8600000|  0%| F|  |TAMS 0x00000000e8500000, 0x00000000e8500000| Untracked 
| 134|0x00000000e8600000, 0x00000000e8600000, 0x00000000e8700000|  0%| F|  |TAMS 0x00000000e8600000, 0x00000000e8600000| Untracked 
| 135|0x00000000e8700000, 0x00000000e8700000, 0x00000000e8800000|  0%| F|  |TAMS 0x00000000e8700000, 0x00000000e8700000| Untracked 
| 136|0x00000000e8800000, 0x00000000e8800000, 0x00000000e8900000|  0%| F|  |TAMS 0x00000000e8800000, 0x00000000e8800000| Untracked 
| 137|0x00000000e8900000, 0x00000000e8900000, 0x00000000e8a00000|  0%| F|  |TAMS 0x00000000e8900000, 0x00000000e8900000| Untracked 
| 138|0x00000000e8a00000, 0x00000000e8a00000, 0x00000000e8b00000|  0%| F|  |TAMS 0x00000000e8a00000, 0x00000000e8a00000| Untracked 
| 139|0x00000000e8b00000, 0x00000000e8b00000, 0x00000000e8c00000|  0%| F|  |TAMS 0x00000000e8b00000, 0x00000000e8b00000| Untracked 
| 140|0x00000000e8c00000, 0x00000000e8c00000, 0x00000000e8d00000|  0%| F|  |TAMS 0x00000000e8c00000, 0x00000000e8c00000| Untracked 
| 141|0x00000000e8d00000, 0x00000000e8d00000, 0x00000000e8e00000|  0%| F|  |TAMS 0x00000000e8d00000, 0x00000000e8d00000| Untracked 
| 142|0x00000000e8e00000, 0x00000000e8e00000, 0x00000000e8f00000|  0%| F|  |TAMS 0x00000000e8e00000, 0x00000000e8e00000| Untracked 
| 143|0x00000000e8f00000, 0x00000000e8f00000, 0x00000000e9000000|  0%| F|  |TAMS 0x00000000e8f00000, 0x00000000e8f00000| Untracked 
| 144|0x00000000e9000000, 0x00000000e9000000, 0x00000000e9100000|  0%| F|  |TAMS 0x00000000e9000000, 0x00000000e9000000| Untracked 
| 145|0x00000000e9100000, 0x00000000e9100000, 0x00000000e9200000|  0%| F|  |TAMS 0x00000000e9100000, 0x00000000e9100000| Untracked 
| 146|0x00000000e9200000, 0x00000000e9200000, 0x00000000e9300000|  0%| F|  |TAMS 0x00000000e9200000, 0x00000000e9200000| Untracked 
| 147|0x00000000e9300000, 0x00000000e9300000, 0x00000000e9400000|  0%| F|  |TAMS 0x00000000e9300000, 0x00000000e9300000| Untracked 
| 148|0x00000000e9400000, 0x00000000e9400000, 0x00000000e9500000|  0%| F|  |TAMS 0x00000000e9400000, 0x00000000e9400000| Untracked 
| 149|0x00000000e9500000, 0x00000000e9500000, 0x00000000e9600000|  0%| F|  |TAMS 0x00000000e9500000, 0x00000000e9500000| Untracked 
| 150|0x00000000e9600000, 0x00000000e9600000, 0x00000000e9700000|  0%| F|  |TAMS 0x00000000e9600000, 0x00000000e9600000| Untracked 
| 151|0x00000000e9700000, 0x00000000e9700000, 0x00000000e9800000|  0%| F|  |TAMS 0x00000000e9700000, 0x00000000e9700000| Untracked 
| 152|0x00000000e9800000, 0x00000000e9800000, 0x00000000e9900000|  0%| F|  |TAMS 0x00000000e9800000, 0x00000000e9800000| Untracked 
| 153|0x00000000e9900000, 0x00000000e9900000, 0x00000000e9a00000|  0%| F|  |TAMS 0x00000000e9900000, 0x00000000e9900000| Untracked 
| 154|0x00000000e9a00000, 0x00000000e9a00000, 0x00000000e9b00000|  0%| F|  |TAMS 0x00000000e9a00000, 0x00000000e9a00000| Untracked 
| 155|0x00000000e9b00000, 0x00000000e9b00000, 0x00000000e9c00000|  0%| F|  |TAMS 0x00000000e9b00000, 0x00000000e9b00000| Untracked 
| 156|0x00000000e9c00000, 0x00000000e9c00000, 0x00000000e9d00000|  0%| F|  |TAMS 0x00000000e9c00000, 0x00000000e9c00000| Untracked 
| 157|0x00000000e9d00000, 0x00000000e9d00000, 0x00000000e9e00000|  0%| F|  |TAMS 0x00000000e9d00000, 0x00000000e9d00000| Untracked 
| 158|0x00000000e9e00000, 0x00000000e9e00000, 0x00000000e9f00000|  0%| F|  |TAMS 0x00000000e9e00000, 0x00000000e9e00000| Untracked 
| 159|0x00000000e9f00000, 0x00000000e9f00000, 0x00000000ea000000|  0%| F|  |TAMS 0x00000000e9f00000, 0x00000000e9f00000| Untracked 
| 160|0x00000000ea000000, 0x00000000ea000000, 0x00000000ea100000|  0%| F|  |TAMS 0x00000000ea000000, 0x00000000ea000000| Untracked 
| 161|0x00000000ea100000, 0x00000000ea1fef80, 0x00000000ea200000| 99%| S|CS|TAMS 0x00000000ea100000, 0x00000000ea100000| Complete 
| 162|0x00000000ea200000, 0x00000000ea300000, 0x00000000ea300000|100%| S|CS|TAMS 0x00000000ea200000, 0x00000000ea200000| Complete 
| 163|0x00000000ea300000, 0x00000000ea400000, 0x00000000ea400000|100%| S|CS|TAMS 0x00000000ea300000, 0x00000000ea300000| Complete 
| 164|0x00000000ea400000, 0x00000000ea500000, 0x00000000ea500000|100%| S|CS|TAMS 0x00000000ea400000, 0x00000000ea400000| Complete 
| 165|0x00000000ea500000, 0x00000000ea600000, 0x00000000ea600000|100%| S|CS|TAMS 0x00000000ea500000, 0x00000000ea500000| Complete 
| 166|0x00000000ea600000, 0x00000000ea700000, 0x00000000ea700000|100%| S|CS|TAMS 0x00000000ea600000, 0x00000000ea600000| Complete 
| 167|0x00000000ea700000, 0x00000000ea800000, 0x00000000ea800000|100%| S|CS|TAMS 0x00000000ea700000, 0x00000000ea700000| Complete 
| 168|0x00000000ea800000, 0x00000000ea900000, 0x00000000ea900000|100%| S|CS|TAMS 0x00000000ea800000, 0x00000000ea800000| Complete 
| 169|0x00000000ea900000, 0x00000000ea9ffff8, 0x00000000eaa00000| 99%| S|CS|TAMS 0x00000000ea900000, 0x00000000ea900000| Complete 
| 170|0x00000000eaa00000, 0x00000000eab00000, 0x00000000eab00000|100%| S|CS|TAMS 0x00000000eaa00000, 0x00000000eaa00000| Complete 
| 171|0x00000000eab00000, 0x00000000eab00000, 0x00000000eac00000|  0%| F|  |TAMS 0x00000000eab00000, 0x00000000eab00000| Untracked 
| 172|0x00000000eac00000, 0x00000000eac00000, 0x00000000ead00000|  0%| F|  |TAMS 0x00000000eac00000, 0x00000000eac00000| Untracked 
| 173|0x00000000ead00000, 0x00000000ead00000, 0x00000000eae00000|  0%| F|  |TAMS 0x00000000ead00000, 0x00000000ead00000| Untracked 
| 174|0x00000000eae00000, 0x00000000eae00000, 0x00000000eaf00000|  0%| F|  |TAMS 0x00000000eae00000, 0x00000000eae00000| Untracked 
| 175|0x00000000eaf00000, 0x00000000eaf00000, 0x00000000eb000000|  0%| F|  |TAMS 0x00000000eaf00000, 0x00000000eaf00000| Untracked 
| 176|0x00000000eb000000, 0x00000000eb000000, 0x00000000eb100000|  0%| F|  |TAMS 0x00000000eb000000, 0x00000000eb000000| Untracked 
| 177|0x00000000eb100000, 0x00000000eb100000, 0x00000000eb200000|  0%| F|  |TAMS 0x00000000eb100000, 0x00000000eb100000| Untracked 
| 178|0x00000000eb200000, 0x00000000eb200000, 0x00000000eb300000|  0%| F|  |TAMS 0x00000000eb200000, 0x00000000eb200000| Untracked 
| 179|0x00000000eb300000, 0x00000000eb300000, 0x00000000eb400000|  0%| F|  |TAMS 0x00000000eb300000, 0x00000000eb300000| Untracked 
| 180|0x00000000eb400000, 0x00000000eb400000, 0x00000000eb500000|  0%| F|  |TAMS 0x00000000eb400000, 0x00000000eb400000| Untracked 
| 181|0x00000000eb500000, 0x00000000eb500000, 0x00000000eb600000|  0%| F|  |TAMS 0x00000000eb500000, 0x00000000eb500000| Untracked 
| 182|0x00000000eb600000, 0x00000000eb600000, 0x00000000eb700000|  0%| F|  |TAMS 0x00000000eb600000, 0x00000000eb600000| Untracked 
| 183|0x00000000eb700000, 0x00000000eb700000, 0x00000000eb800000|  0%| F|  |TAMS 0x00000000eb700000, 0x00000000eb700000| Untracked 
| 184|0x00000000eb800000, 0x00000000eb800000, 0x00000000eb900000|  0%| F|  |TAMS 0x00000000eb800000, 0x00000000eb800000| Untracked 
| 185|0x00000000eb900000, 0x00000000eb900000, 0x00000000eba00000|  0%| F|  |TAMS 0x00000000eb900000, 0x00000000eb900000| Untracked 
| 186|0x00000000eba00000, 0x00000000eba00000, 0x00000000ebb00000|  0%| F|  |TAMS 0x00000000eba00000, 0x00000000eba00000| Untracked 
| 187|0x00000000ebb00000, 0x00000000ebb00000, 0x00000000ebc00000|  0%| F|  |TAMS 0x00000000ebb00000, 0x00000000ebb00000| Untracked 
| 188|0x00000000ebc00000, 0x00000000ebc00000, 0x00000000ebd00000|  0%| F|  |TAMS 0x00000000ebc00000, 0x00000000ebc00000| Untracked 
| 189|0x00000000ebd00000, 0x00000000ebd00000, 0x00000000ebe00000|  0%| F|  |TAMS 0x00000000ebd00000, 0x00000000ebd00000| Untracked 
| 190|0x00000000ebe00000, 0x00000000ebe00000, 0x00000000ebf00000|  0%| F|  |TAMS 0x00000000ebe00000, 0x00000000ebe00000| Untracked 
| 191|0x00000000ebf00000, 0x00000000ebf00000, 0x00000000ec000000|  0%| F|  |TAMS 0x00000000ebf00000, 0x00000000ebf00000| Untracked 
| 192|0x00000000ec000000, 0x00000000ec000000, 0x00000000ec100000|  0%| F|  |TAMS 0x00000000ec000000, 0x00000000ec000000| Untracked 
| 193|0x00000000ec100000, 0x00000000ec100000, 0x00000000ec200000|  0%| F|  |TAMS 0x00000000ec100000, 0x00000000ec100000| Untracked 
| 194|0x00000000ec200000, 0x00000000ec200000, 0x00000000ec300000|  0%| F|  |TAMS 0x00000000ec200000, 0x00000000ec200000| Untracked 
| 195|0x00000000ec300000, 0x00000000ec300000, 0x00000000ec400000|  0%| F|  |TAMS 0x00000000ec300000, 0x00000000ec300000| Untracked 
| 196|0x00000000ec400000, 0x00000000ec400000, 0x00000000ec500000|  0%| F|  |TAMS 0x00000000ec400000, 0x00000000ec400000| Untracked 
| 197|0x00000000ec500000, 0x00000000ec500000, 0x00000000ec600000|  0%| F|  |TAMS 0x00000000ec500000, 0x00000000ec500000| Untracked 
| 198|0x00000000ec600000, 0x00000000ec600000, 0x00000000ec700000|  0%| F|  |TAMS 0x00000000ec600000, 0x00000000ec600000| Untracked 
| 199|0x00000000ec700000, 0x00000000ec700000, 0x00000000ec800000|  0%| F|  |TAMS 0x00000000ec700000, 0x00000000ec700000| Untracked 
| 200|0x00000000ec800000, 0x00000000ec800000, 0x00000000ec900000|  0%| F|  |TAMS 0x00000000ec800000, 0x00000000ec800000| Untracked 
| 201|0x00000000ec900000, 0x00000000ec900000, 0x00000000eca00000|  0%| F|  |TAMS 0x00000000ec900000, 0x00000000ec900000| Untracked 
| 202|0x00000000eca00000, 0x00000000eca00000, 0x00000000ecb00000|  0%| F|  |TAMS 0x00000000eca00000, 0x00000000eca00000| Untracked 
| 203|0x00000000ecb00000, 0x00000000ecb00000, 0x00000000ecc00000|  0%| F|  |TAMS 0x00000000ecb00000, 0x00000000ecb00000| Untracked 
| 204|0x00000000ecc00000, 0x00000000ecc00000, 0x00000000ecd00000|  0%| F|  |TAMS 0x00000000ecc00000, 0x00000000ecc00000| Untracked 
| 205|0x00000000ecd00000, 0x00000000ecd00000, 0x00000000ece00000|  0%| F|  |TAMS 0x00000000ecd00000, 0x00000000ecd00000| Untracked 
| 206|0x00000000ece00000, 0x00000000eced8d08, 0x00000000ecf00000| 84%| E|  |TAMS 0x00000000ece00000, 0x00000000ece00000| Complete 
| 207|0x00000000ecf00000, 0x00000000ed000000, 0x00000000ed000000|100%| E|CS|TAMS 0x00000000ecf00000, 0x00000000ecf00000| Complete 
| 208|0x00000000ed000000, 0x00000000ed100000, 0x00000000ed100000|100%| E|CS|TAMS 0x00000000ed000000, 0x00000000ed000000| Complete 
| 209|0x00000000ed100000, 0x00000000ed200000, 0x00000000ed200000|100%| E|CS|TAMS 0x00000000ed100000, 0x00000000ed100000| Complete 
| 210|0x00000000ed200000, 0x00000000ed300000, 0x00000000ed300000|100%| E|CS|TAMS 0x00000000ed200000, 0x00000000ed200000| Complete 
| 211|0x00000000ed300000, 0x00000000ed400000, 0x00000000ed400000|100%| E|CS|TAMS 0x00000000ed300000, 0x00000000ed300000| Complete 
| 212|0x00000000ed400000, 0x00000000ed500000, 0x00000000ed500000|100%| E|CS|TAMS 0x00000000ed400000, 0x00000000ed400000| Complete 
| 213|0x00000000ed500000, 0x00000000ed600000, 0x00000000ed600000|100%| E|CS|TAMS 0x00000000ed500000, 0x00000000ed500000| Complete 
| 214|0x00000000ed600000, 0x00000000ed700000, 0x00000000ed700000|100%| E|CS|TAMS 0x00000000ed600000, 0x00000000ed600000| Complete 
| 215|0x00000000ed700000, 0x00000000ed800000, 0x00000000ed800000|100%| E|CS|TAMS 0x00000000ed700000, 0x00000000ed700000| Complete 
| 216|0x00000000ed800000, 0x00000000ed900000, 0x00000000ed900000|100%| E|CS|TAMS 0x00000000ed800000, 0x00000000ed800000| Complete 
| 217|0x00000000ed900000, 0x00000000eda00000, 0x00000000eda00000|100%| E|CS|TAMS 0x00000000ed900000, 0x00000000ed900000| Complete 
| 218|0x00000000eda00000, 0x00000000edb00000, 0x00000000edb00000|100%| E|CS|TAMS 0x00000000eda00000, 0x00000000eda00000| Complete 
| 219|0x00000000edb00000, 0x00000000edc00000, 0x00000000edc00000|100%| E|CS|TAMS 0x00000000edb00000, 0x00000000edb00000| Complete 
| 220|0x00000000edc00000, 0x00000000edd00000, 0x00000000edd00000|100%| E|CS|TAMS 0x00000000edc00000, 0x00000000edc00000| Complete 
| 221|0x00000000edd00000, 0x00000000ede00000, 0x00000000ede00000|100%| E|CS|TAMS 0x00000000edd00000, 0x00000000edd00000| Complete 
| 222|0x00000000ede00000, 0x00000000edf00000, 0x00000000edf00000|100%| E|CS|TAMS 0x00000000ede00000, 0x00000000ede00000| Complete 
| 223|0x00000000edf00000, 0x00000000ee000000, 0x00000000ee000000|100%| E|CS|TAMS 0x00000000edf00000, 0x00000000edf00000| Complete 
| 224|0x00000000ee000000, 0x00000000ee100000, 0x00000000ee100000|100%| E|CS|TAMS 0x00000000ee000000, 0x00000000ee000000| Complete 
| 225|0x00000000ee100000, 0x00000000ee200000, 0x00000000ee200000|100%| E|CS|TAMS 0x00000000ee100000, 0x00000000ee100000| Complete 
| 226|0x00000000ee200000, 0x00000000ee300000, 0x00000000ee300000|100%| E|CS|TAMS 0x00000000ee200000, 0x00000000ee200000| Complete 
| 227|0x00000000ee300000, 0x00000000ee400000, 0x00000000ee400000|100%| E|CS|TAMS 0x00000000ee300000, 0x00000000ee300000| Complete 
| 228|0x00000000ee400000, 0x00000000ee500000, 0x00000000ee500000|100%| E|CS|TAMS 0x00000000ee400000, 0x00000000ee400000| Complete 
| 229|0x00000000ee500000, 0x00000000ee600000, 0x00000000ee600000|100%| E|CS|TAMS 0x00000000ee500000, 0x00000000ee500000| Complete 
| 230|0x00000000ee600000, 0x00000000ee700000, 0x00000000ee700000|100%| E|CS|TAMS 0x00000000ee600000, 0x00000000ee600000| Complete 
| 231|0x00000000ee700000, 0x00000000ee800000, 0x00000000ee800000|100%| E|CS|TAMS 0x00000000ee700000, 0x00000000ee700000| Complete 
| 232|0x00000000ee800000, 0x00000000ee900000, 0x00000000ee900000|100%| E|CS|TAMS 0x00000000ee800000, 0x00000000ee800000| Complete 
| 233|0x00000000ee900000, 0x00000000eea00000, 0x00000000eea00000|100%| E|CS|TAMS 0x00000000ee900000, 0x00000000ee900000| Complete 
| 234|0x00000000eea00000, 0x00000000eeb00000, 0x00000000eeb00000|100%| E|CS|TAMS 0x00000000eea00000, 0x00000000eea00000| Complete 
| 235|0x00000000eeb00000, 0x00000000eec00000, 0x00000000eec00000|100%| E|CS|TAMS 0x00000000eeb00000, 0x00000000eeb00000| Complete 
| 236|0x00000000eec00000, 0x00000000eed00000, 0x00000000eed00000|100%| E|CS|TAMS 0x00000000eec00000, 0x00000000eec00000| Complete 
| 237|0x00000000eed00000, 0x00000000eee00000, 0x00000000eee00000|100%| E|CS|TAMS 0x00000000eed00000, 0x00000000eed00000| Complete 
| 238|0x00000000eee00000, 0x00000000eef00000, 0x00000000eef00000|100%| E|CS|TAMS 0x00000000eee00000, 0x00000000eee00000| Complete 
| 239|0x00000000eef00000, 0x00000000ef000000, 0x00000000ef000000|100%| E|CS|TAMS 0x00000000eef00000, 0x00000000eef00000| Complete 
| 240|0x00000000ef000000, 0x00000000ef100000, 0x00000000ef100000|100%| E|CS|TAMS 0x00000000ef000000, 0x00000000ef000000| Complete 
| 241|0x00000000ef100000, 0x00000000ef200000, 0x00000000ef200000|100%| E|CS|TAMS 0x00000000ef100000, 0x00000000ef100000| Complete 
| 242|0x00000000ef200000, 0x00000000ef300000, 0x00000000ef300000|100%| E|CS|TAMS 0x00000000ef200000, 0x00000000ef200000| Complete 
| 243|0x00000000ef300000, 0x00000000ef400000, 0x00000000ef400000|100%| E|CS|TAMS 0x00000000ef300000, 0x00000000ef300000| Complete 
| 244|0x00000000ef400000, 0x00000000ef500000, 0x00000000ef500000|100%| E|CS|TAMS 0x00000000ef400000, 0x00000000ef400000| Complete 
| 245|0x00000000ef500000, 0x00000000ef600000, 0x00000000ef600000|100%| E|CS|TAMS 0x00000000ef500000, 0x00000000ef500000| Complete 
| 246|0x00000000ef600000, 0x00000000ef700000, 0x00000000ef700000|100%| E|CS|TAMS 0x00000000ef600000, 0x00000000ef600000| Complete 
| 247|0x00000000ef700000, 0x00000000ef800000, 0x00000000ef800000|100%| E|CS|TAMS 0x00000000ef700000, 0x00000000ef700000| Complete 
| 248|0x00000000ef800000, 0x00000000ef900000, 0x00000000ef900000|100%| E|CS|TAMS 0x00000000ef800000, 0x00000000ef800000| Complete 
| 249|0x00000000ef900000, 0x00000000efa00000, 0x00000000efa00000|100%| E|CS|TAMS 0x00000000ef900000, 0x00000000ef900000| Complete 
| 250|0x00000000efa00000, 0x00000000efb00000, 0x00000000efb00000|100%| E|CS|TAMS 0x00000000efa00000, 0x00000000efa00000| Complete 
| 251|0x00000000efb00000, 0x00000000efc00000, 0x00000000efc00000|100%| E|CS|TAMS 0x00000000efb00000, 0x00000000efb00000| Complete 
| 252|0x00000000efc00000, 0x00000000efd00000, 0x00000000efd00000|100%| E|CS|TAMS 0x00000000efc00000, 0x00000000efc00000| Complete 
| 253|0x00000000efd00000, 0x00000000efe00000, 0x00000000efe00000|100%| E|CS|TAMS 0x00000000efd00000, 0x00000000efd00000| Complete 
| 254|0x00000000efe00000, 0x00000000eff00000, 0x00000000eff00000|100%| E|CS|TAMS 0x00000000efe00000, 0x00000000efe00000| Complete 
| 255|0x00000000eff00000, 0x00000000f0000000, 0x00000000f0000000|100%| E|CS|TAMS 0x00000000eff00000, 0x00000000eff00000| Complete 

Card table byte_map: [0x0000019c00440000,0x0000019c00540000] _byte_map_base: 0x0000019bffd40000

Marking Bits (Prev, Next): (CMBitMap*) 0x0000019c6821b990, (CMBitMap*) 0x0000019c6821b958
 Prev Bits: [0x0000019c00e40000, 0x0000019c01640000)
 Next Bits: [0x0000019c00640000, 0x0000019c00e40000)

Polling page: 0x0000019c66970000

Metaspace:

Usage:
  Non-class:     23.13 MB capacity,    22.76 MB ( 98%) used,   325.76 KB (  1%) free+waste,    47.56 KB ( <1%) overhead. 
      Class:      3.55 MB capacity,     3.37 MB ( 95%) used,   163.25 KB (  4%) free+waste,    23.44 KB ( <1%) overhead. 
       Both:     26.67 MB capacity,    26.13 MB ( 98%) used,   489.01 KB (  2%) free+waste,    71.00 KB ( <1%) overhead. 

Virtual space:
  Non-class space:       24.00 MB reserved,      23.17 MB ( 97%) committed 
      Class space:      248.00 MB reserved,       3.63 MB (  1%) committed 
             Both:      272.00 MB reserved,      26.80 MB ( 10%) committed 

Chunk freelists:
   Non-Class:  47.00 KB
       Class:  15.00 KB
        Both:  62.00 KB

MaxMetaspaceSize: 256.00 MB
CompressedClassSpaceSize: 248.00 MB

CodeHeap 'non-profiled nmethods': size=120000Kb used=867Kb max_used=867Kb free=119133Kb
 bounds [0x0000019c783b0000, 0x0000019c78620000, 0x0000019c7f8e0000]
CodeHeap 'profiled nmethods': size=120000Kb used=4097Kb max_used=4097Kb free=115902Kb
 bounds [0x0000019c70e80000, 0x0000019c71290000, 0x0000019c783b0000]
CodeHeap 'non-nmethods': size=5760Kb used=1141Kb max_used=1175Kb free=4618Kb
 bounds [0x0000019c708e0000, 0x0000019c70b50000, 0x0000019c70e80000]
 total_blobs=2436 nmethods=1952 adapters=395
 compilation: enabled
              stopped_count=0, restarted_count=0
 full_count=0

Compilation events (20 events):
Event: 2.210 Thread 0x0000019c04a17800 nmethod 2118 0x0000019c78486490 code [0x0000019c78486640, 0x0000019c784866f8]
Event: 2.210 Thread 0x0000019c04a17800 2119       3       com.google.common.cache.LocalCache::expiresAfterAccess (15 bytes)
Event: 2.210 Thread 0x0000019c04a17800 nmethod 2119 0x0000019c71265190 code [0x0000019c71265340, 0x0000019c712654b8]
Event: 2.213 Thread 0x0000019c04a17800 2120   !   3       org.gradle.internal.service.ReflectionBasedServiceMethod::invoke (16 bytes)
Event: 2.213 Thread 0x0000019c04a17800 nmethod 2120 0x0000019c71265590 code [0x0000019c71265760, 0x0000019c712658f8]
Event: 2.213 Thread 0x0000019c04a17800 2121   !   3       org.gradle.internal.reflect.JavaMethod::invoke (74 bytes)
Event: 2.215 Thread 0x0000019c04a17800 nmethod 2121 0x0000019c71265a10 code [0x0000019c71265dc0, 0x0000019c712674c8]
Event: 2.216 Thread 0x0000019c04a17800 2122       3       java.util.HashMap::get (23 bytes)
Event: 2.216 Thread 0x0000019c04a17800 nmethod 2122 0x0000019c71267f10 code [0x0000019c71268100, 0x0000019c71268438]
Event: 2.216 Thread 0x0000019c04a17800 2123       3       java.util.HashMap::hash (20 bytes)
Event: 2.216 Thread 0x0000019c04a17800 nmethod 2123 0x0000019c71268590 code [0x0000019c71268740, 0x0000019c71268948]
Event: 2.217 Thread 0x0000019c04a17800 2124       3       org.gradle.internal.service.DefaultServiceRegistry$SingletonService::getAll (23 bytes)
Event: 2.217 Thread 0x0000019c04a17800 nmethod 2124 0x0000019c71268a10 code [0x0000019c71268be0, 0x0000019c71268e68]
Event: 2.218 Thread 0x0000019c04a17800 2125   !   3       org.gradle.internal.service.DefaultServiceRegistry$FactoryMethodService::invokeMethod (151 bytes)
Event: 2.220 Thread 0x0000019c04a17800 nmethod 2125 0x0000019c71268f90 code [0x0000019c71269420, 0x0000019c7126b848]
Event: 2.222 Thread 0x0000019c04a17800 2126       3       com.google.common.cache.LongAdder::<init> (5 bytes)
Event: 2.222 Thread 0x0000019c04a17800 nmethod 2126 0x0000019c7126c790 code [0x0000019c7126c960, 0x0000019c7126cb78]
Event: 2.222 Thread 0x0000019c04a17800 2127       3       com.google.common.cache.Striped64::<init> (5 bytes)
Event: 2.223 Thread 0x0000019c04a17800 nmethod 2127 0x0000019c7126cc90 code [0x0000019c7126ce40, 0x0000019c7126cff8]
Event: 2.223 Thread 0x0000019c04a17800 2128       3       sun.security.provider.MD5::FF (33 bytes)

GC Heap History (4 events):
Event: 0.544 GC heap before
{Heap before GC invocations=0 (full 0):
 garbage-first heap   total 262144K, used 29696K [0x00000000e0000000, 0x0000000100000000)
  region size 1024K, 24 young (24576K), 0 survivors (0K)
 Metaspace       used 10736K, capacity 10946K, committed 11264K, reserved 264192K
  class space    used 1133K, capacity 1202K, committed 1280K, reserved 253952K
}
Event: 0.547 GC heap after
{Heap after GC invocations=1 (full 0):
 garbage-first heap   total 262144K, used 8436K [0x00000000e0000000, 0x0000000100000000)
  region size 1024K, 3 young (3072K), 3 survivors (3072K)
 Metaspace       used 10736K, capacity 10946K, committed 11264K, reserved 264192K
  class space    used 1133K, capacity 1202K, committed 1280K, reserved 253952K
}
Event: 1.754 GC heap before
{Heap before GC invocations=1 (full 0):
 garbage-first heap   total 262144K, used 90356K [0x00000000e0000000, 0x0000000100000000)
  region size 1024K, 85 young (87040K), 3 survivors (3072K)
 Metaspace       used 20722K, capacity 21136K, committed 21296K, reserved 274432K
  class space    used 2484K, capacity 2630K, committed 2688K, reserved 253952K
}
Event: 1.761 GC heap after
{Heap after GC invocations=2 (full 0):
 garbage-first heap   total 262144K, used 15600K [0x00000000e0000000, 0x0000000100000000)
  region size 1024K, 10 young (10240K), 10 survivors (10240K)
 Metaspace       used 20722K, capacity 21136K, committed 21296K, reserved 274432K
  class space    used 2484K, capacity 2630K, committed 2688K, reserved 253952K
}

Deoptimization events (20 events):
Event: 1.881 Thread 0x0000019c069af000 DEOPT PACKING pc=0x0000019c78404bb0 sp=0x000000857acfad30
Event: 1.881 Thread 0x0000019c069af000 DEOPT UNPACKING pc=0x0000019c709074af sp=0x000000857acfacc0 mode 2
Event: 1.915 Thread 0x0000019c069af000 Uncommon trap: trap_request=0xffffff4d fr.pc=0x0000019c78410dd4 relative=0x0000000000000094
Event: 1.915 Thread 0x0000019c069af000 Uncommon trap: reason=unstable_if action=reinterpret pc=0x0000019c78410dd4 method=java.util.LinkedHashMap.afterNodeInsertion(Z)V @ 1 c2
Event: 1.915 Thread 0x0000019c069af000 DEOPT PACKING pc=0x0000019c78410dd4 sp=0x000000857acfa640
Event: 1.915 Thread 0x0000019c069af000 DEOPT UNPACKING pc=0x0000019c709074af sp=0x000000857acfa5c0 mode 2
Event: 1.918 Thread 0x0000019c069af000 Uncommon trap: trap_request=0xffffff4d fr.pc=0x0000019c783fc0f0 relative=0x0000000000000230
Event: 1.918 Thread 0x0000019c069af000 Uncommon trap: reason=unstable_if action=reinterpret pc=0x0000019c783fc0f0 method=java.util.concurrent.ConcurrentHashMap.get(Ljava/lang/Object;)Ljava/lang/Object; @ 76 c2
Event: 1.918 Thread 0x0000019c069af000 DEOPT PACKING pc=0x0000019c783fc0f0 sp=0x000000857acf85f0
Event: 1.918 Thread 0x0000019c069af000 DEOPT UNPACKING pc=0x0000019c709074af sp=0x000000857acf8558 mode 2
Event: 2.030 Thread 0x0000019c069af000 DEOPT PACKING pc=0x0000019c71156478 sp=0x000000857acfa710
Event: 2.030 Thread 0x0000019c069af000 DEOPT UNPACKING pc=0x0000019c709072ce sp=0x000000857acf9c78 mode 0
Event: 2.201 Thread 0x0000019c069af000 Uncommon trap: trap_request=0xffffff4d fr.pc=0x0000019c783e0de4 relative=0x0000000000000224
Event: 2.201 Thread 0x0000019c069af000 Uncommon trap: reason=unstable_if action=reinterpret pc=0x0000019c783e0de4 method=java.util.HashMap.hash(Ljava/lang/Object;)I @ 1 c2
Event: 2.201 Thread 0x0000019c069af000 DEOPT PACKING pc=0x0000019c783e0de4 sp=0x000000857acf8c80
Event: 2.201 Thread 0x0000019c069af000 DEOPT UNPACKING pc=0x0000019c709074af sp=0x000000857acf8bb8 mode 2
Event: 2.211 Thread 0x0000019c069af000 Uncommon trap: trap_request=0xffffff4d fr.pc=0x0000019c783c452c relative=0x000000000000008c
Event: 2.211 Thread 0x0000019c069af000 Uncommon trap: reason=unstable_if action=reinterpret pc=0x0000019c783c452c method=java.util.HashMap.hash(Ljava/lang/Object;)I @ 1 c2
Event: 2.211 Thread 0x0000019c069af000 DEOPT PACKING pc=0x0000019c783c452c sp=0x000000857acf85e0
Event: 2.211 Thread 0x0000019c069af000 DEOPT UNPACKING pc=0x0000019c709074af sp=0x000000857acf8578 mode 2

Classes redefined (0 events):
No events

Internal exceptions (20 events):
Event: 1.466 Thread 0x0000019c05b81000 Exception <a 'java/lang/NoSuchMethodError'{0x00000000ec9019e0}: <clinit>> (0x00000000ec9019e0) thrown at [./src/hotspot/share/prims/jni.cpp, line 1362]
Event: 1.472 Thread 0x0000019c05b81000 Exception <a 'java/lang/NoSuchMethodError'{0x00000000ec93bb18}: <clinit>> (0x00000000ec93bb18) thrown at [./src/hotspot/share/prims/jni.cpp, line 1362]
Event: 1.477 Thread 0x0000019c05b81000 Exception <a 'java/lang/NoSuchMethodError'{0x00000000ec96d4c8}: <clinit>> (0x00000000ec96d4c8) thrown at [./src/hotspot/share/prims/jni.cpp, line 1362]
Event: 1.477 Thread 0x0000019c05b81000 Exception <a 'java/lang/NoSuchMethodError'{0x00000000ec978600}: <clinit>> (0x00000000ec978600) thrown at [./src/hotspot/share/prims/jni.cpp, line 1362]
Event: 1.519 Thread 0x0000019c069af000 Exception <a 'java/lang/NoSuchMethodError'{0x00000000ec547460}: 'void java.lang.invoke.DelegatingMethodHandle$Holder.reinvoke_L(java.lang.Object, java.lang.Object, java.lang.Object, java.lang.Object)'> (0x00000000ec547460) thrown at [./src/hotspot/share/interpreter/linkResolver.cpp, line 773]
Event: 1.522 Thread 0x0000019c069af000 Exception <a 'java/lang/NoSuchMethodError'{0x00000000ec57db58}: 'long java.lang.invoke.DirectMethodHandle$Holder.invokeInterface(java.lang.Object, java.lang.Object)'> (0x00000000ec57db58) thrown at [./src/hotspot/share/interpreter/linkResolver.cpp, line 773]
Event: 1.524 Thread 0x0000019c069af000 Exception <a 'java/lang/NoSuchMethodError'{0x00000000ec59e220}: 'void java.lang.invoke.DelegatingMethodHandle$Holder.reinvoke_L(java.lang.Object, java.lang.Object, java.lang.Object, java.lang.Object, java.lang.Object, java.lang.Object, java.lang.Object)'> (0x00000000ec59e220) thrown at [./src/hotspot/share/interpreter/linkResolver.cpp, line 773]
Event: 1.581 Thread 0x0000019c069af000 Exception <a 'java/lang/NoSuchMethodError'{0x00000000ebd1e0d0}: 'java.lang.Object java.lang.invoke.DirectMethodHandle$Holder.invokeVirtual(java.lang.Object, java.lang.Object, java.lang.Object)'> (0x00000000ebd1e0d0) thrown at [./src/hotspot/share/interpreter/linkResolver.cpp, line 773]
Event: 1.640 Thread 0x0000019c069af000 Exception <a 'java/lang/NoSuchMethodError'{0x00000000eb8e8ca8}: 'void java.lang.invoke.DirectMethodHandle$Holder.invokeStaticInit(java.lang.Object)'> (0x00000000eb8e8ca8) thrown at [./src/hotspot/share/interpreter/linkResolver.cpp, line 773]
Event: 1.787 Thread 0x0000019c069af000 Exception <a 'java/lang/NoSuchMethodError'{0x00000000efcff438}: 'java.lang.Object java.lang.invoke.DirectMethodHandle$Holder.invokeVirtual(java.lang.Object, java.lang.Object, java.lang.Object, java.lang.Object)'> (0x00000000efcff438) thrown at [./src/hotspot/share/interpreter/linkResolver.cpp, line 773]
Event: 1.831 Thread 0x0000019c069af000 Exception <a 'java/lang/NoSuchMethodError'{0x00000000ef74e5c8}: 'int java.lang.invoke.DirectMethodHandle$Holder.invokeSpecialIFC(java.lang.Object, java.lang.Object, java.lang.Object, java.lang.Object)'> (0x00000000ef74e5c8) thrown at [./src/hotspot/share/interpreter/linkResolver.cpp, line 773]
Event: 1.834 Thread 0x0000019c069af000 Exception <a 'java/lang/NoSuchMethodError'{0x00000000ef75c730}: 'java.lang.Object java.lang.invoke.DirectMethodHandle$Holder.invokeInterface(java.lang.Object, java.lang.Object, java.lang.Object)'> (0x00000000ef75c730) thrown at [./src/hotspot/share/interpreter/linkResolver.cpp, line 773]
Event: 1.834 Thread 0x0000019c069af000 Exception <a 'java/lang/IncompatibleClassChangeError'{0x00000000ef75feb0}: Found class java.lang.Object, but interface was expected> (0x00000000ef75feb0) thrown at [./src/hotspot/share/interpreter/linkResolver.cpp, line 839]
Event: 1.945 Thread 0x0000019c069af000 Exception <a 'java/lang/NoSuchMethodError'{0x00000000eee45908}: 'void java.lang.invoke.DirectMethodHandle$Holder.invokeSpecial(java.lang.Object, java.lang.Object, java.lang.Object, java.lang.Object, java.lang.Object, java.lang.Object)'> (0x00000000eee45908) thrown at [./src/hotspot/share/interpreter/linkResolver.cpp, line 773]
Event: 1.993 Thread 0x0000019c069af000 Exception <a 'java/lang/NoSuchMethodError'{0x00000000eea87080}: 'java.lang.Object java.lang.invoke.DirectMethodHandle$Holder.invokeSpecialIFC(java.lang.Object, java.lang.Object, java.lang.Object, java.lang.Object)'> (0x00000000eea87080) thrown at [./src/hotspot/share/interpreter/linkResolver.cpp, line 773]
Event: 2.018 Thread 0x0000019c069af000 Exception <a 'java/lang/NoSuchMethodError'{0x00000000ee87ff80}: 'java.lang.Object java.lang.invoke.Invokers$Holder.invoker(java.lang.Object, java.lang.Object, java.lang.Object)'> (0x00000000ee87ff80) thrown at [./src/hotspot/share/interpreter/linkResolver.cpp, line 773]
Event: 2.040 Thread 0x0000019c069af000 Exception <a 'java/lang/NoSuchMethodError'{0x00000000ee782ae0}: 'void java.lang.invoke.DirectMethodHandle$Holder.invokeSpecial(java.lang.Object, java.lang.Object, java.lang.Object, java.lang.Object, java.lang.Object, java.lang.Object, java.lang.Object)'> (0x00000000ee782ae0) thrown at [./src/hotspot/share/interpreter/linkResolver.cpp, line 773]
Event: 2.040 Thread 0x0000019c069af000 Exception <a 'java/lang/NoSuchMethodError'{0x00000000ee78ad28}: 'java.lang.Object java.lang.invoke.Invokers$Holder.linkToTargetMethod(java.lang.Object, java.lang.Object, java.lang.Object, java.lang.Object, java.lang.Object, java.lang.Object)'> (0x00000000ee78ad28) thrown at [./src/hotspot/share/interpreter/linkResolver.cpp, line 773]
Event: 2.201 Thread 0x0000019c069af000 Implicit null exception at 0x0000019c783e0bf5 to 0x0000019c783e0dd4
Event: 2.211 Thread 0x0000019c069af000 Implicit null exception at 0x0000019c783c44af to 0x0000019c783c451d

Events (20 events):
Event: 2.220 loading class org/gradle/api/internal/tasks/properties/annotations/DestroysPropertyAnnotationHandler
Event: 2.220 loading class org/gradle/api/internal/tasks/properties/annotations/DestroysPropertyAnnotationHandler done
Event: 2.220 loading class org/gradle/api/internal/tasks/properties/annotations/LocalStatePropertyAnnotationHandler
Event: 2.220 loading class org/gradle/api/internal/tasks/properties/annotations/LocalStatePropertyAnnotationHandler done
Event: 2.220 loading class org/gradle/api/internal/tasks/properties/annotations/NestedBeanAnnotationHandler
Event: 2.220 loading class org/gradle/api/internal/tasks/properties/annotations/NestedBeanAnnotationHandler done
Event: 2.221 loading class org/gradle/api/internal/tasks/properties/PropertyValue
Event: 2.221 loading class org/gradle/api/internal/tasks/properties/PropertyValue done
Event: 2.221 loading class org/gradle/internal/fingerprint/impl/AbsolutePathFingerprintingStrategy
Event: 2.221 loading class org/gradle/internal/fingerprint/impl/AbsolutePathFingerprintingStrategy done
Event: 2.221 loading class org/gradle/internal/fingerprint/impl/NameOnlyFingerprintingStrategy
Event: 2.221 loading class org/gradle/internal/fingerprint/impl/NameOnlyFingerprintingStrategy done
Event: 2.222 loading class org/gradle/internal/fingerprint/impl/IgnoredPathFingerprintingStrategy
Event: 2.222 loading class org/gradle/internal/fingerprint/impl/IgnoredPathFingerprintingStrategy done
Event: 2.222 loading class org/gradle/api/internal/changedetection/state/SplitResourceSnapshotterCacheService
Event: 2.222 loading class org/gradle/api/internal/changedetection/state/SplitResourceSnapshotterCacheService done
Event: 2.223 loading class org/gradle/internal/fingerprint/classpath/impl/DefaultCompileClasspathFingerprinter
Event: 2.223 loading class org/gradle/internal/fingerprint/classpath/impl/DefaultCompileClasspathFingerprinter done
Event: 2.223 loading class org/gradle/api/internal/changedetection/state/AbiExtractingClasspathResourceHasher
Event: 2.223 loading class org/gradle/api/internal/changedetection/state/AbiExtractingClasspathResourceHasher done


Dynamic libraries:
0x00007ff677310000 - 0x00007ff67731d000 	C:\Users\Nicholas\.jdks\corretto-11.0.9.1\bin\java.exe
0x00007fff96890000 - 0x00007fff96a86000 	C:\WINDOWS\SYSTEM32\ntdll.dll
0x00007fff948f0000 - 0x00007fff949ad000 	C:\WINDOWS\System32\KERNEL32.DLL
0x00007fff94340000 - 0x00007fff94609000 	C:\WINDOWS\System32\KERNELBASE.dll
0x00007fff940b0000 - 0x00007fff941b0000 	C:\WINDOWS\System32\ucrtbase.dll
0x00007fff6f440000 - 0x00007fff6f457000 	C:\Users\Nicholas\.jdks\corretto-11.0.9.1\bin\jli.dll
0x00007fff6f460000 - 0x00007fff6f475000 	C:\Users\Nicholas\.jdks\corretto-11.0.9.1\bin\VCRUNTIME140.dll
0x00007fff959f0000 - 0x00007fff95b90000 	C:\WINDOWS\System32\USER32.dll
0x00007fff94760000 - 0x00007fff94782000 	C:\WINDOWS\System32\win32u.dll
0x00007fff94a10000 - 0x00007fff94a3a000 	C:\WINDOWS\System32\GDI32.dll
0x00007fff941b0000 - 0x00007fff942bb000 	C:\WINDOWS\System32\gdi32full.dll
0x00007fff94610000 - 0x00007fff946ad000 	C:\WINDOWS\System32\msvcp_win.dll
0x00007fff82470000 - 0x00007fff8270b000 	C:\WINDOWS\WinSxS\amd64_microsoft.windows.common-controls_6595b64144ccf1df_6.0.19041.746_none_ca02b4b61b8320a4\COMCTL32.dll
0x00007fff954f0000 - 0x00007fff9558e000 	C:\WINDOWS\System32\msvcrt.dll
0x00007fff96510000 - 0x00007fff96540000 	C:\WINDOWS\System32\IMM32.DLL
0x00007fff67da0000 - 0x00007fff67e3b000 	C:\Users\Nicholas\.jdks\corretto-11.0.9.1\bin\msvcp140.dll
0x00007fff38cf0000 - 0x00007fff39834000 	C:\Users\Nicholas\.jdks\corretto-11.0.9.1\bin\server\jvm.dll
0x00007fff96390000 - 0x00007fff9643c000 	C:\WINDOWS\System32\ADVAPI32.dll
0x00007fff967b0000 - 0x00007fff9684c000 	C:\WINDOWS\System32\sechost.dll
0x00007fff953b0000 - 0x00007fff954db000 	C:\WINDOWS\System32\RPCRT4.dll
0x00007fff95210000 - 0x00007fff95218000 	C:\WINDOWS\System32\PSAPI.DLL
0x00007fff8cb50000 - 0x00007fff8cb5a000 	C:\WINDOWS\SYSTEM32\VERSION.dll
0x00007fff82c10000 - 0x00007fff82c37000 	C:\WINDOWS\SYSTEM32\WINMM.dll
0x00007fff7b760000 - 0x00007fff7b769000 	C:\WINDOWS\SYSTEM32\WSOCK32.dll
0x00007fff955a0000 - 0x00007fff9560b000 	C:\WINDOWS\System32\WS2_32.dll
0x00007fff928b0000 - 0x00007fff928c2000 	C:\WINDOWS\SYSTEM32\kernel.appcore.dll
0x00007fff7eb40000 - 0x00007fff7eb50000 	C:\Users\Nicholas\.jdks\corretto-11.0.9.1\bin\verify.dll
0x00007fff82280000 - 0x00007fff82464000 	C:\WINDOWS\SYSTEM32\DBGHELP.DLL
0x00007fff7c5d0000 - 0x00007fff7c5fc000 	C:\WINDOWS\SYSTEM32\dbgcore.DLL
0x00007fff942c0000 - 0x00007fff94340000 	C:\WINDOWS\System32\bcryptPrimitives.dll
0x00007fff6f410000 - 0x00007fff6f438000 	C:\Users\Nicholas\.jdks\corretto-11.0.9.1\bin\java.dll
0x00007fff7df90000 - 0x00007fff7df9a000 	C:\Users\Nicholas\.jdks\corretto-11.0.9.1\bin\jimage.dll
0x00007fff6f3f0000 - 0x00007fff6f407000 	C:\Users\Nicholas\.jdks\corretto-11.0.9.1\bin\zip.dll
0x00007fff95b90000 - 0x00007fff962d3000 	C:\WINDOWS\System32\SHELL32.dll
0x00007fff91f20000 - 0x00007fff926af000 	C:\WINDOWS\SYSTEM32\windows.storage.dll
0x00007fff94a40000 - 0x00007fff94d96000 	C:\WINDOWS\System32\combase.dll
0x00007fff93a30000 - 0x00007fff93a5c000 	C:\WINDOWS\SYSTEM32\Wldp.dll
0x00007fff962e0000 - 0x00007fff9638e000 	C:\WINDOWS\System32\SHCORE.dll
0x00007fff96540000 - 0x00007fff96595000 	C:\WINDOWS\System32\shlwapi.dll
0x00007fff93f00000 - 0x00007fff93f26000 	C:\WINDOWS\SYSTEM32\profapi.dll
0x00007fff680c0000 - 0x00007fff680d9000 	C:\Users\Nicholas\.jdks\corretto-11.0.9.1\bin\net.dll
0x00007fff916f0000 - 0x00007fff917f0000 	C:\WINDOWS\SYSTEM32\WINHTTP.dll
0x00007fff937b0000 - 0x00007fff9381a000 	C:\WINDOWS\system32\mswsock.dll
0x00007fff680a0000 - 0x00007fff680b2000 	C:\Users\Nicholas\.jdks\corretto-11.0.9.1\bin\nio.dll
0x00007fff43b50000 - 0x00007fff43b7a000 	C:\Users\Nicholas\.gradle\native\36\windows-amd64\native-platform.dll
0x00007fff6f3e0000 - 0x00007fff6f3e9000 	C:\Users\Nicholas\.jdks\corretto-11.0.9.1\bin\management.dll
0x00007fff67fe0000 - 0x00007fff67feb000 	C:\Users\Nicholas\.jdks\corretto-11.0.9.1\bin\management_ext.dll
0x00007fff93980000 - 0x00007fff93998000 	C:\WINDOWS\SYSTEM32\CRYPTSP.dll
0x00007fff930e0000 - 0x00007fff93114000 	C:\WINDOWS\system32\rsaenh.dll
0x00007fff94080000 - 0x00007fff940a7000 	C:\WINDOWS\System32\bcrypt.dll
0x00007fff93e80000 - 0x00007fff93eae000 	C:\WINDOWS\SYSTEM32\USERENV.dll
0x00007fff939a0000 - 0x00007fff939ac000 	C:\WINDOWS\SYSTEM32\CRYPTBASE.dll
0x00007fff93450000 - 0x00007fff9348b000 	C:\WINDOWS\SYSTEM32\IPHLPAPI.DLL
0x00007fff954e0000 - 0x00007fff954e8000 	C:\WINDOWS\System32\NSI.dll
0x00007fff8a280000 - 0x00007fff8a297000 	C:\WINDOWS\SYSTEM32\dhcpcsvc6.DLL
0x00007fff8c7e0000 - 0x00007fff8c7fd000 	C:\WINDOWS\SYSTEM32\dhcpcsvc.DLL
0x00007fff93490000 - 0x00007fff9355b000 	C:\WINDOWS\SYSTEM32\DNSAPI.dll

dbghelp: loaded successfully - version: 4.0.5 - missing functions: none
symbol engine: initialized successfully - sym options: 0x614 - pdb path: .;C:\Users\Nicholas\.jdks\corretto-11.0.9.1\bin;C:\WINDOWS\SYSTEM32;C:\WINDOWS\WinSxS\amd64_microsoft.windows.common-controls_6595b64144ccf1df_6.0.19041.746_none_ca02b4b61b8320a4;C:\Users\Nicholas\.jdks\corretto-11.0.9.1\bin\server;C:\Users\Nicholas\.gradle\native\36\windows-amd64

VM Arguments:
jvm_args: --add-opens=java.base/java.util=ALL-UNNAMED --add-opens=java.base/java.lang=ALL-UNNAMED --add-opens=java.base/java.lang.invoke=ALL-UNNAMED --add-opens=java.prefs/java.util.prefs=ALL-UNNAMED -XX:MaxMetaspaceSize=256m -XX:+HeapDumpOnOutOfMemoryError -Xms256m -Xmx512m -Dfile.encoding=windows-1252 -Duser.country=SG -Duser.language=en -Duser.variant 
java_command: org.gradle.launcher.daemon.bootstrap.GradleDaemon 6.2
java_class_path (initial): C:\Users\Nicholas\.gradle\wrapper\dists\gradle-6.2-bin\6zaomcc3lf3gnwxgkllci1muk\gradle-6.2\lib\gradle-launcher-6.2.jar
Launcher Type: SUN_STANDARD

[Global flags]
     intx CICompilerCount                          = 4                                         {product} {ergonomic}
   size_t CompressedClassSpaceSize                 = 260046848                                 {product} {ergonomic}
     uint ConcGCThreads                            = 2                                         {product} {ergonomic}
     uint G1ConcRefinementThreads                  = 8                                         {product} {ergonomic}
   size_t G1HeapRegionSize                         = 1048576                                   {product} {ergonomic}
    uintx GCDrainStackTargetSize                   = 64                                        {product} {ergonomic}
     bool HeapDumpOnOutOfMemoryError               = true                                   {manageable} {command line}
   size_t InitialHeapSize                          = 268435456                                 {product} {command line}
   size_t MarkStackSize                            = 4194304                                   {product} {ergonomic}
   size_t MaxHeapSize                              = 536870912                                 {product} {command line}
   size_t MaxMetaspaceSize                         = 268435456                                 {product} {command line}
   size_t MaxNewSize                               = 321912832                                 {product} {ergonomic}
   size_t MinHeapDeltaBytes                        = 1048576                                   {product} {ergonomic}
    uintx NonNMethodCodeHeapSize                   = 5836300                                {pd product} {ergonomic}
    uintx NonProfiledCodeHeapSize                  = 122910970                              {pd product} {ergonomic}
    uintx ProfiledCodeHeapSize                     = 122910970                              {pd product} {ergonomic}
    uintx ReservedCodeCacheSize                    = 251658240                              {pd product} {ergonomic}
     bool SegmentedCodeCache                       = true                                      {product} {ergonomic}
     bool UseCompressedClassPointers               = true                                 {lp64_product} {ergonomic}
     bool UseCompressedOops                        = true                                 {lp64_product} {ergonomic}
     bool UseG1GC                                  = true                                      {product} {ergonomic}
     bool UseLargePagesIndividualAllocation        = false                                  {pd product} {ergonomic}

Logging:
Log output configuration:
 #0: stdout all=warning uptime,level,tags
 #1: stderr all=off uptime,level,tags

Environment Variables:
PATH=C:\Windows\system32;C:\Windows;C:\Windows\System32\Wbem;C:\Windows\System32\WindowsPowerShell\v1.0\;C:\Program Files (x86)\NVIDIA Corporation\PhysX\Common;C:\WINDOWS\system32;C:\WINDOWS;C:\WINDOWS\System32\Wbem;C:\WINDOWS\System32\WindowsPowerShell\v1.0\;C:\WINDOWS\System32\OpenSSH\;C:\Program Files\MATLAB\R2018a\bin;C:\Program Files\Java\jdk-11.0.7\bin;C:\Program Files\NVIDIA Corporation\NVIDIA NvDLISR;C:\Program Files\Git\cmd;C:\WINDOWS\system32;C:\WINDOWS;C:\WINDOWS\System32\Wbem;C:\WINDOWS\System32\WindowsPowerShell\v1.0\;C:\WINDOWS\System32\OpenSSH\;C:\Users\Nicholas\AppData\Roaming\local\bin;C:\Users\Nicholas\anaconda3;C:\Users\Nicholas\anaconda3\Library\mingw-w64\bin;C:\Users\Nicholas\anaconda3\Library\usr\bin;C:\Users\Nicholas\anaconda3\Library\bin;C:\Users\Nicholas\anaconda3\Scripts;C:\Users\Nicholas\AppData\Local\Programs\Python\Python38\Scripts\;C:\Users\Nicholas\AppData\Local\Programs\Python\Python38\;C:\Users\Nicholas\AppData\Local\Microsoft\WindowsApps;C:\Program Files (x86)\SSH Communications Security\SSH Secure Shell;C:\Users\Nicholas\AppData\Local\Programs\MiKTeX 2.9\miktex\bin\x64\;;C:\Users\Nicholas\AppData\Local\Programs\Microsoft VS Code\bin;C:\Program Files\JetBrains\IntelliJ IDEA Community Edition 2020.3.1\bin;
USERNAME=Nicholas
OS=Windows_NT
PROCESSOR_IDENTIFIER=Intel64 Family 6 Model 142 Stepping 10, GenuineIntel



---------------  S Y S T E M  ---------------

OS: Windows 10 , 64 bit Build 19041 (10.0.19041.662)
OS uptime: 0 days 1:11 hours

CPU:total 8 (initial active 8) (4 cores per cpu, 2 threads per core) family 6 model 142 stepping 10, cmov, cx8, fxsr, mmx, sse, sse2, sse3, ssse3, sse4.1, sse4.2, popcnt, avx, avx2, aes, clmul, erms, 3dnowpref, lzcnt, ht, tsc, tscinvbit, bmi1, bmi2, adx, fma

Memory: 4k page, system-wide physical 16199M (7744M free)
TotalPageFile size 18631M (AvailPageFile size 7663M)
current process WorkingSet (physical memory assigned to process): 228M, peak: 231M
current process commit charge ("private bytes"): 431M, peak: 433M

vm_info: OpenJDK 64-Bit Server VM (11.0.9.1+12-LTS) for windows-amd64 JRE (11.0.9.1+12-LTS), built on Nov  4 2020 10:17:53 by "Administrator" with MS VC++ 15.9 (VS2017)

END.
