#
# There is insufficient memory for the Java Runtime Environment to continue.
# Native memory allocation (mmap) failed to map 266338304 bytes for Failed to commit area from 0x0000000702200000 to 0x0000000712000000 of length 266338304.
# Possible reasons:
#   The system is out of physical RAM or swap space
#   The process is running with CompressedOops enabled, and the Java Heap may be blocking the growth of the native heap
# Possible solutions:
#   Reduce memory load on the system
#   Increase physical memory or swap space
#   Check if swap backing store is full
#   Decrease Java heap size (-Xmx/-Xms)
#   Decrease number of Java threads
#   Decrease Java thread stack sizes (-Xss)
#   Set larger code cache with -XX:ReservedCodeCacheSize=
# This output file may be truncated or incomplete.
#
#  Out of Memory Error (t:/workspace/open/src/hotspot/os/windows/os_windows.cpp:3301), pid=24916, tid=1032
#
# JRE version:  (13.0.1+9) (build )
# Java VM: Java HotSpot(TM) 64-Bit Server VM (13.0.1+9, mixed mode, aot, sharing, tiered, compressed oops, g1 gc, windows-amd64)
# No core dump will be written. Minidumps are not enabled by default on client versions of Windows
#

---------------  S U M M A R Y ------------

Command Line: -javaagent:D:\IntelliJ IDEA Community Edition 2020.3.1\lib\idea_rt.jar=56491:D:\IntelliJ IDEA Community Edition 2020.3.1\bin -Dfile.encoding=UTF-8 Duke

Host: Intel(R) Core(TM) i7-8550U CPU @ 1.80GHz, 8 cores, 15G,  Windows 10 , 64 bit Build 18362 (10.0.18362.1316)
Time: Thu Jan 28 13:36:55 2021 Malay Peninsula Standard Time elapsed time: 0 seconds (0d 0h 0m 0s)

---------------  T H R E A D  ---------------

Current thread (0x00000199e2d3f800):  JavaThread "Unknown thread" [_thread_in_vm, id=1032, stack(0x0000002671a00000,0x0000002671b00000)]

Stack: [0x0000002671a00000,0x0000002671b00000]
Native frames: (J=compiled Java code, j=interpreted, Vv=VM code, C=native code)
V  [jvm.dll+0x626eca]
V  [jvm.dll+0x772c6a]
V  [jvm.dll+0x77441f]
V  [jvm.dll+0x774a23]
V  [jvm.dll+0x24da58]
V  [jvm.dll+0x62438a]
V  [jvm.dll+0x618f75]
V  [jvm.dll+0x30c61c]
V  [jvm.dll+0x30c452]
V  [jvm.dll+0x311bc6]
V  [jvm.dll+0x355ce6]
V  [jvm.dll+0x3554c0]
V  [jvm.dll+0x2e729a]
V  [jvm.dll+0x2e8532]
V  [jvm.dll+0x74fcd8]
V  [jvm.dll+0x363739]
V  [jvm.dll+0x732dc5]
V  [jvm.dll+0x3ce2ef]
V  [jvm.dll+0x3d0611]
C  [jli.dll+0x51ff]
C  [ucrtbase.dll+0x210b2]
C  [KERNEL32.DLL+0x17c24]
C  [ntdll.dll+0x6d4d1]


---------------  P R O C E S S  ---------------

Threads class SMR info:
_java_thread_list=0x00007ffa5e4346b8, length=0, elements={
}

Java Threads: ( => current thread )

Other Threads:
  0x00000199e2da6000 GCTaskThread "GC Thread#0" [stack: 0x0000002671b00000,0x0000002671c00000] [id=17704]
  0x00000199e2dc8000 ConcurrentGCThread "G1 Main Marker" [stack: 0x0000002671c00000,0x0000002671d00000] [id=11720]
  0x00000199e2dc9000 ConcurrentGCThread "G1 Conc#0" [stack: 0x0000002671d00000,0x0000002671e00000] [id=26296]

[error occurred during error reporting (printing all threads), id 0xc0000005, EXCEPTION_ACCESS_VIOLATION (0xc0000005) at pc=0x00007ffa5dc66f67]

VM state:not at safepoint (not fully initialized)

VM Mutex/Monitor currently owned by a thread:  ([mutex/lock_event])
[0x00000199e2d3d100] Heap_lock - owner thread: 0x00000199e2d3f800

Heap address: 0x0000000702200000, size: 4062 MB, Compressed Oops mode: Non-zero based: 0x0000000702200000
Narrow klass base: 0x0000000000000000, Narrow klass shift: 0

GC Heap History (0 events):
No events

Deoptimization events (0 events):
No events

Classes unloaded (0 events):
No events

Classes redefined (0 events):
No events

Internal exceptions (0 events):
No events

Events (8 events):
Event: 0.009 Loaded shared library D:\JAVA\bin\zip.dll
Event: 0.010 Loaded shared library D:\JAVA\bin\jimage.dll
Event: 0.011 Loading shared library D:\JAVA\lib\libjava.base-coop.dll failed, error code 126
Event: 0.011 Loading shared library D:\JAVA\lib\libjava.logging-coop.dll failed, error code 126
Event: 0.011 Loading shared library D:\JAVA\lib\libjdk.compiler-coop.dll failed, error code 126
Event: 0.011 Loading shared library D:\JAVA\lib\libjdk.scripting.nashorn-coop.dll failed, error code 126
Event: 0.011 Loading shared library D:\JAVA\lib\libjdk.internal.vm.ci-coop.dll failed, error code 126
Event: 0.011 Loading shared library D:\JAVA\lib\libjdk.internal.vm.compiler-coop.dll failed, error code 126


Dynamic libraries:
0x00007ff6d13e0000 - 0x00007ff6d13ef000 	D:\JAVA\bin\java.exe
0x00007ffa9e260000 - 0x00007ffa9e450000 	C:\WINDOWS\SYSTEM32\ntdll.dll
0x00007ffa9dd10000 - 0x00007ffa9ddc2000 	C:\WINDOWS\System32\KERNEL32.DLL
0x00007ffa9bcb0000 - 0x00007ffa9bf55000 	C:\WINDOWS\System32\KERNELBASE.dll
0x00007ffa9c110000 - 0x00007ffa9c20a000 	C:\WINDOWS\System32\ucrtbase.dll
0x00007ffa91d30000 - 0x00007ffa91d45000 	D:\JAVA\bin\VCRUNTIME140.dll
0x00007ffa95960000 - 0x00007ffa95978000 	D:\JAVA\bin\jli.dll
0x00007ffa9c580000 - 0x00007ffa9c623000 	C:\WINDOWS\System32\ADVAPI32.dll
0x00007ffa9cec0000 - 0x00007ffa9cf5e000 	C:\WINDOWS\System32\msvcrt.dll
0x00007ffa9c390000 - 0x00007ffa9c427000 	C:\WINDOWS\System32\sechost.dll
0x00007ffa9caa0000 - 0x00007ffa9cbbf000 	C:\WINDOWS\System32\RPCRT4.dll
0x00007ffa9dae0000 - 0x00007ffa9dc74000 	C:\WINDOWS\System32\USER32.dll
0x00007ffa9c2e0000 - 0x00007ffa9c301000 	C:\WINDOWS\System32\win32u.dll
0x00007ffa8c660000 - 0x00007ffa8c8e4000 	C:\WINDOWS\WinSxS\amd64_microsoft.windows.common-controls_6595b64144ccf1df_6.0.18362.1316_none_9e7a364fe461dbd7\COMCTL32.dll
0x00007ffa9ddd0000 - 0x00007ffa9ddf6000 	C:\WINDOWS\System32\GDI32.dll
0x00007ffa9dee0000 - 0x00007ffa9e217000 	C:\WINDOWS\System32\combase.dll
0x00007ffa9b960000 - 0x00007ffa9baf8000 	C:\WINDOWS\System32\gdi32full.dll
0x00007ffa9c240000 - 0x00007ffa9c2de000 	C:\WINDOWS\System32\msvcp_win.dll
0x00007ffa9bf60000 - 0x00007ffa9bfe1000 	C:\WINDOWS\System32\bcryptPrimitives.dll
0x00007ffa91d70000 - 0x00007ffa91d7a000 	C:\WINDOWS\SYSTEM32\VERSION.dll
0x00007ffa9dc80000 - 0x00007ffa9dcae000 	C:\WINDOWS\System32\IMM32.DLL
0x00007ffa8f410000 - 0x00007ffa8f4ab000 	D:\JAVA\bin\msvcp140.dll
0x00007ffa5d970000 - 0x00007ffa5e4d6000 	D:\JAVA\bin\server\jvm.dll
0x00007ffa9de00000 - 0x00007ffa9de08000 	C:\WINDOWS\System32\PSAPI.DLL
0x00007ffa87fc0000 - 0x00007ffa87fc9000 	C:\WINDOWS\SYSTEM32\WSOCK32.dll
0x00007ffa8ef20000 - 0x00007ffa8ef44000 	C:\WINDOWS\SYSTEM32\WINMM.dll
0x00007ffa9cdf0000 - 0x00007ffa9ce5f000 	C:\WINDOWS\System32\WS2_32.dll
0x00007ffa8eef0000 - 0x00007ffa8ef1d000 	C:\WINDOWS\SYSTEM32\winmmbase.dll
0x00007ffa9c0a0000 - 0x00007ffa9c0ea000 	C:\WINDOWS\System32\cfgmgr32.dll
0x00007ffa9b120000 - 0x00007ffa9b131000 	C:\WINDOWS\System32\kernel.appcore.dll
0x00007ffa95d30000 - 0x00007ffa95d40000 	D:\JAVA\bin\verify.dll
0x00007ffa99a10000 - 0x00007ffa99c04000 	C:\WINDOWS\SYSTEM32\DBGHELP.DLL
0x00007ffa900c0000 - 0x00007ffa900ea000 	C:\WINDOWS\SYSTEM32\dbgcore.DLL
0x00007ffa90d10000 - 0x00007ffa90d36000 	D:\JAVA\bin\java.dll
0x00007ffa95bb0000 - 0x00007ffa95bbe000 	D:\JAVA\bin\instrument.dll
0x00007ffa91d10000 - 0x00007ffa91d27000 	D:\JAVA\bin\zip.dll
0x00007ffa95ca0000 - 0x00007ffa95caa000 	D:\JAVA\bin\jimage.dll

dbghelp: loaded successfully - version: 4.0.5 - missing functions: none
symbol engine: initialized successfully - sym options: 0x614 - pdb path: .;D:\JAVA\bin;C:\WINDOWS\SYSTEM32;C:\WINDOWS\WinSxS\amd64_microsoft.windows.common-controls_6595b64144ccf1df_6.0.18362.1316_none_9e7a364fe461dbd7;D:\JAVA\bin\server

VM Arguments:
jvm_args: -javaagent:D:\IntelliJ IDEA Community Edition 2020.3.1\lib\idea_rt.jar=56491:D:\IntelliJ IDEA Community Edition 2020.3.1\bin -Dfile.encoding=UTF-8 
java_command: Duke
java_class_path (initial): C:\Users\xindi\Desktop\IP\out\production\IP
Launcher Type: SUN_STANDARD

[Global flags]
     intx CICompilerCount                          = 4                                         {product} {ergonomic}
     uint ConcGCThreads                            = 2                                         {product} {ergonomic}
     uint G1ConcRefinementThreads                  = 8                                         {product} {ergonomic}
   size_t G1HeapRegionSize                         = 1048576                                   {product} {ergonomic}
    uintx GCDrainStackTargetSize                   = 64                                        {product} {ergonomic}
   size_t InitialHeapSize                          = 266338304                                 {product} {ergonomic}
   size_t MarkStackSize                            = 4194304                                   {product} {ergonomic}
   size_t MaxHeapSize                              = 4259315712                                {product} {ergonomic}
   size_t MinHeapDeltaBytes                        = 1048576                                   {product} {ergonomic}
   size_t MinHeapSize                              = 8388608                                   {product} {ergonomic}
    uintx NonNMethodCodeHeapSize                   = 5836300                                {pd product} {ergonomic}
    uintx NonProfiledCodeHeapSize                  = 122910970                              {pd product} {ergonomic}
    uintx ProfiledCodeHeapSize                     = 122910970                              {pd product} {ergonomic}
    uintx ReservedCodeCacheSize                    = 251658240                              {pd product} {ergonomic}
     bool SegmentedCodeCache                       = true                                      {product} {ergonomic}
   size_t SoftMaxHeapSize                          = 4259315712                             {manageable} {ergonomic}
     bool UseCompressedClassPointers               = true                                 {lp64_product} {ergonomic}
     bool UseCompressedOops                        = true                                 {lp64_product} {ergonomic}
     bool UseG1GC                                  = true                                      {product} {ergonomic}
     bool UseLargePagesIndividualAllocation        = false                                  {pd product} {ergonomic}

Logging:
Log output configuration:
 #0: stdout all=warning uptime,level,tags
 #1: stderr all=off uptime,level,tags

Environment Variables:
PATH=C:\WINDOWS\system32;C:\WINDOWS;C:\WINDOWS\System32\Wbem;C:\WINDOWS\System32\WindowsPowerShell\v1.0\;C:\WINDOWS\System32\OpenSSH\;C:\Program Files\Intel\WiFi\bin\;C:\Program Files\Common Files\Intel\WirelessCommon\;C:\JAVA\bin;C:\Program Files\MATLAB\R2019b\bin;C:\Program Files\PuTTY\;C:\Program Files\Java\jdk-11.0.7;C:\Program Files (x86)\Vim\vim82;c:\WINDOWS\System32\WBem;C:\Program Files\mingw-w64\x86_64-8.1.0-posix-seh-rt_v6-rev0\mingw64\bin;C:\ffmpeg\bin;C:\Program Files\Git\cmd;C:\Program Files\Java\jdk-11.0.7\bin;C:\Users\xindi\AppData\Local\Programs\Python\Python38-32\Scripts\;C:\Users\xindi\AppData\Local\Programs\Python\Python38-32\;C:\Users\xindi\AppData\Local\Microsoft\WindowsApps;C:\Program Files\mingw-w64\x86_64-8.1.0-posix-seh-rt_v6-rev0\mingw64\bin;C:\ffmpeg\bin\;C:\Users\xindi\AppData\Local\GitHubDesktop\bin
USERNAME=xindi
OS=Windows_NT
PROCESSOR_IDENTIFIER=Intel64 Family 6 Model 142 Stepping 10, GenuineIntel



---------------  S Y S T E M  ---------------

OS: Windows 10 , 64 bit Build 18362 (10.0.18362.1316)

CPU:total 8 (initial active 8) (4 cores per cpu, 2 threads per core) family 6 model 142 stepping 10, cmov, cx8, fxsr, mmx, sse, sse2, sse3, ssse3, sse4.1, sse4.2, popcnt, avx, avx2, aes, clmul, erms, 3dnowpref, lzcnt, ht, tsc, tscinvbit, bmi1, bmi2, adx, fma

Memory: 4k page, system-wide physical 16242M (1824M free)
TotalPageFile size 28911M (AvailPageFile size 177M)
current process WorkingSet (physical memory assigned to process): 10M, peak: 10M
current process commit charge ("private bytes"): 61M, peak: 315M

vm_info: Java HotSpot(TM) 64-Bit Server VM (13.0.1+9) for windows-amd64 JRE (13.0.1+9), built on Oct  6 2019 12:37:49 by "mach5one" with unknown MS VC++:1916

END.
