2021-02-10T14:07:55.497+0800 [DEBUG] [org.gradle.launcher.daemon.bootstrap.DaemonMain] Assuming the daemon was started with following jvm opts: [--add-opens, java.base/java.util=ALL-UNNAMED, --add-opens, java.base/java.lang=ALL-UNNAMED, --add-opens, java.base/java.lang.invoke=ALL-UNNAMED, --add-opens, java.prefs/java.util.prefs=ALL-UNNAMED, -XX:MaxMetaspaceSize=256m, -XX:+HeapDumpOnOutOfMemoryError, -Xms256m, -Xmx512m, -Dfile.encoding=UTF-8, -Duser.country=SG, -Duser.language=en, -Duser.variant]
2021-02-10T14:07:55.714+0800 [INFO] [org.gradle.launcher.daemon.server.Daemon] start() called on daemon - DefaultDaemonContext[uid=f8d0a153-7185-4b70-b8f3-4b02f2c556f0,javaHome=/Users/adityabanerjee/Library/Java/JavaVirtualMachines/openjdk-15.0.2/Contents/Home,daemonRegistryDir=/Users/adityabanerjee/Downloads/ip-master/src/main/java/duke/daemon,pid=2435,idleTimeout=10800000,priority=NORMAL,daemonOpts=--add-opens,java.base/java.util=ALL-UNNAMED,--add-opens,java.base/java.lang=ALL-UNNAMED,--add-opens,java.base/java.lang.invoke=ALL-UNNAMED,--add-opens,java.prefs/java.util.prefs=ALL-UNNAMED,-XX:MaxMetaspaceSize=256m,-XX:+HeapDumpOnOutOfMemoryError,-Xms256m,-Xmx512m,-Dfile.encoding=UTF-8,-Duser.country=SG,-Duser.language=en,-Duser.variant]
2021-02-10T14:07:55.777+0800 [DEBUG] [org.gradle.internal.remote.internal.inet.InetAddresses] Adding IP addresses for network interface utun1
2021-02-10T14:07:55.778+0800 [DEBUG] [org.gradle.internal.remote.internal.inet.InetAddresses] Is this a loopback interface? false
2021-02-10T14:07:55.779+0800 [DEBUG] [org.gradle.internal.remote.internal.inet.InetAddresses] Adding remote address /fe80:0:0:0:137b:bc7:1c14:df9b%utun1
2021-02-10T14:07:55.779+0800 [DEBUG] [org.gradle.internal.remote.internal.inet.InetAddresses] Adding IP addresses for network interface utun0
2021-02-10T14:07:55.779+0800 [DEBUG] [org.gradle.internal.remote.internal.inet.InetAddresses] Is this a loopback interface? false
2021-02-10T14:07:55.782+0800 [DEBUG] [org.gradle.internal.remote.internal.inet.InetAddresses] Adding remote address /fe80:0:0:0:2a75:9081:ecd6:742a%utun0
2021-02-10T14:07:55.783+0800 [DEBUG] [org.gradle.internal.remote.internal.inet.InetAddresses] Adding IP addresses for network interface llw0
2021-02-10T14:07:55.783+0800 [DEBUG] [org.gradle.internal.remote.internal.inet.InetAddresses] Is this a loopback interface? false
2021-02-10T14:07:55.784+0800 [DEBUG] [org.gradle.internal.remote.internal.inet.InetAddresses] Adding remote address /fe80:0:0:0:9ca7:afff:fef9:a1c9%llw0
2021-02-10T14:07:55.784+0800 [DEBUG] [org.gradle.internal.remote.internal.inet.InetAddresses] Adding IP addresses for network interface awdl0
2021-02-10T14:07:55.785+0800 [DEBUG] [org.gradle.internal.remote.internal.inet.InetAddresses] Is this a loopback interface? false
2021-02-10T14:07:55.785+0800 [DEBUG] [org.gradle.internal.remote.internal.inet.InetAddresses] Adding remote address /fe80:0:0:0:9ca7:afff:fef9:a1c9%awdl0
2021-02-10T14:07:55.785+0800 [DEBUG] [org.gradle.internal.remote.internal.inet.InetAddresses] Adding IP addresses for network interface anpi0
2021-02-10T14:07:55.785+0800 [DEBUG] [org.gradle.internal.remote.internal.inet.InetAddresses] Is this a loopback interface? false
2021-02-10T14:07:55.786+0800 [DEBUG] [org.gradle.internal.remote.internal.inet.InetAddresses] Adding remote address /fe80:0:0:0:1c00:f2ff:fe0c:6b50%anpi0
2021-02-10T14:07:55.787+0800 [DEBUG] [org.gradle.internal.remote.internal.inet.InetAddresses] Adding IP addresses for network interface anpi1
2021-02-10T14:07:55.787+0800 [DEBUG] [org.gradle.internal.remote.internal.inet.InetAddresses] Is this a loopback interface? false
2021-02-10T14:07:55.787+0800 [DEBUG] [org.gradle.internal.remote.internal.inet.InetAddresses] Adding remote address /fe80:0:0:0:1c00:f2ff:fe0c:6b51%anpi1
2021-02-10T14:07:55.787+0800 [DEBUG] [org.gradle.internal.remote.internal.inet.InetAddresses] Adding IP addresses for network interface en0
2021-02-10T14:07:55.787+0800 [DEBUG] [org.gradle.internal.remote.internal.inet.InetAddresses] Is this a loopback interface? false
2021-02-10T14:07:55.787+0800 [DEBUG] [org.gradle.internal.remote.internal.inet.InetAddresses] Adding remote address /fe80:0:0:0:109c:d9d7:51fb:50d2%en0
2021-02-10T14:07:55.788+0800 [DEBUG] [org.gradle.internal.remote.internal.inet.InetAddresses] Adding remote address /172.31.81.57
2021-02-10T14:07:55.788+0800 [DEBUG] [org.gradle.internal.remote.internal.inet.InetAddresses] Adding IP addresses for network interface lo0
2021-02-10T14:07:55.789+0800 [DEBUG] [org.gradle.internal.remote.internal.inet.InetAddresses] Is this a loopback interface? true
2021-02-10T14:07:55.789+0800 [DEBUG] [org.gradle.internal.remote.internal.inet.InetAddresses] Ignoring remote address on loopback interface /fe80:0:0:0:0:0:0:1%lo0
2021-02-10T14:07:55.790+0800 [DEBUG] [org.gradle.internal.remote.internal.inet.InetAddresses] Adding loopback address /0:0:0:0:0:0:0:1%lo0
2021-02-10T14:07:55.790+0800 [DEBUG] [org.gradle.internal.remote.internal.inet.InetAddresses] Adding loopback address /127.0.0.1
2021-02-10T14:07:55.793+0800 [DEBUG] [org.gradle.internal.remote.internal.inet.TcpIncomingConnector] Listening on [bd784054-4819-44c3-a049-475152f58fcc port:49362, addresses:[localhost/127.0.0.1]].
2021-02-10T14:07:55.802+0800 [DEBUG] [org.gradle.launcher.daemon.server.Daemon] Daemon starting at: Wed Feb 10 14:07:55 SGT 2021, with address: [bd784054-4819-44c3-a049-475152f58fcc port:49362, addresses:[localhost/127.0.0.1]]
2021-02-10T14:07:55.803+0800 [INFO] [org.gradle.launcher.daemon.server.DaemonRegistryUpdater] Advertising the daemon address to the clients: [bd784054-4819-44c3-a049-475152f58fcc port:49362, addresses:[localhost/127.0.0.1]]
2021-02-10T14:07:55.803+0800 [DEBUG] [org.gradle.launcher.daemon.server.DaemonRegistryUpdater] Advertised daemon context: DefaultDaemonContext[uid=f8d0a153-7185-4b70-b8f3-4b02f2c556f0,javaHome=/Users/adityabanerjee/Library/Java/JavaVirtualMachines/openjdk-15.0.2/Contents/Home,daemonRegistryDir=/Users/adityabanerjee/Downloads/ip-master/src/main/java/duke/daemon,pid=2435,idleTimeout=10800000,priority=NORMAL,daemonOpts=--add-opens,java.base/java.util=ALL-UNNAMED,--add-opens,java.base/java.lang=ALL-UNNAMED,--add-opens,java.base/java.lang.invoke=ALL-UNNAMED,--add-opens,java.prefs/java.util.prefs=ALL-UNNAMED,-XX:MaxMetaspaceSize=256m,-XX:+HeapDumpOnOutOfMemoryError,-Xms256m,-Xmx512m,-Dfile.encoding=UTF-8,-Duser.country=SG,-Duser.language=en,-Duser.variant]
2021-02-10T14:07:55.804+0800 [DEBUG] [org.gradle.launcher.daemon.registry.PersistentDaemonRegistry] Storing daemon address: [bd784054-4819-44c3-a049-475152f58fcc port:49362, addresses:[localhost/127.0.0.1]], context: DefaultDaemonContext[uid=f8d0a153-7185-4b70-b8f3-4b02f2c556f0,javaHome=/Users/adityabanerjee/Library/Java/JavaVirtualMachines/openjdk-15.0.2/Contents/Home,daemonRegistryDir=/Users/adityabanerjee/Downloads/ip-master/src/main/java/duke/daemon,pid=2435,idleTimeout=10800000,priority=NORMAL,daemonOpts=--add-opens,java.base/java.util=ALL-UNNAMED,--add-opens,java.base/java.lang=ALL-UNNAMED,--add-opens,java.base/java.lang.invoke=ALL-UNNAMED,--add-opens,java.prefs/java.util.prefs=ALL-UNNAMED,-XX:MaxMetaspaceSize=256m,-XX:+HeapDumpOnOutOfMemoryError,-Xms256m,-Xmx512m,-Dfile.encoding=UTF-8,-Duser.country=SG,-Duser.language=en,-Duser.variant]
2021-02-10T14:07:55.816+0800 [DEBUG] [org.gradle.cache.internal.DefaultFileLockManager] Waiting to acquire exclusive lock on daemon addresses registry.
2021-02-10T14:07:55.822+0800 [DEBUG] [org.gradle.cache.internal.DefaultFileLockManager] Lock acquired on daemon addresses registry.
2021-02-10T14:07:55.829+0800 [DEBUG] [org.gradle.cache.internal.DefaultFileLockManager] Releasing lock on daemon addresses registry.
2021-02-10T14:07:55.829+0800 [LIFECYCLE] [org.gradle.launcher.daemon.server.Daemon] Daemon server started.
2021-02-10T14:07:55.830+0800 [DEBUG] [org.gradle.launcher.daemon.bootstrap.DaemonStartupCommunication] Completed writing the daemon greeting. Closing streams...
2021-02-10T14:07:55.833+0800 [DEBUG] [org.gradle.launcher.daemon.server.Daemon] stopOnExpiration() called on daemon
2021-02-10T14:07:55.833+0800 [DEBUG] [org.gradle.launcher.daemon.server.Daemon] awaitExpiration() called on daemon
2021-02-10T14:07:55.834+0800 [DEBUG] [org.gradle.launcher.daemon.server.DaemonStateCoordinator] daemon is running. Sleeping until state changes.
2021-02-10T14:07:55.846+0800 [DEBUG] [org.gradle.internal.remote.internal.inet.TcpIncomingConnector] Accepted connection from /127.0.0.1:49363 to /127.0.0.1:49362.
2021-02-10T14:07:55.922+0800 [DEBUG] [org.gradle.launcher.daemon.server.SynchronizedDispatchConnection] thread 20: received class org.gradle.launcher.daemon.protocol.Build
2021-02-10T14:07:55.922+0800 [DEBUG] [org.gradle.launcher.daemon.server.DefaultDaemonConnection] thread 20: Received non-IO message from client: Build{id=dcf8a610-c6a9-4ef7-9fb2-bd83cede8986, currentDir=/Users/adityabanerjee/Downloads/ip-master}
2021-02-10T14:07:55.923+0800 [INFO] [org.gradle.launcher.daemon.server.DefaultIncomingConnectionHandler] Received command: Build{id=dcf8a610-c6a9-4ef7-9fb2-bd83cede8986, currentDir=/Users/adityabanerjee/Downloads/ip-master}.
2021-02-10T14:07:55.923+0800 [DEBUG] [org.gradle.launcher.daemon.server.DefaultIncomingConnectionHandler] Starting executing command: Build{id=dcf8a610-c6a9-4ef7-9fb2-bd83cede8986, currentDir=/Users/adityabanerjee/Downloads/ip-master} with connection: socket connection from /127.0.0.1:49362 to /127.0.0.1:49363.
2021-02-10T14:07:55.924+0800 [ERROR] [org.gradle.launcher.daemon.server.DaemonStateCoordinator] Command execution: started DaemonCommandExecution[command = Build{id=dcf8a610-c6a9-4ef7-9fb2-bd83cede8986, currentDir=/Users/adityabanerjee/Downloads/ip-master}, connection = DefaultDaemonConnection: socket connection from /127.0.0.1:49362 to /127.0.0.1:49363] after 0.0 minutes of idle
2021-02-10T14:07:55.925+0800 [INFO] [org.gradle.launcher.daemon.server.DaemonRegistryUpdater] Marking the daemon as busy, address: [bd784054-4819-44c3-a049-475152f58fcc port:49362, addresses:[localhost/127.0.0.1]]
2021-02-10T14:07:55.925+0800 [DEBUG] [org.gradle.launcher.daemon.registry.PersistentDaemonRegistry] Marking busy by address: [bd784054-4819-44c3-a049-475152f58fcc port:49362, addresses:[localhost/127.0.0.1]]
2021-02-10T14:07:55.925+0800 [DEBUG] [org.gradle.cache.internal.DefaultFileLockManager] Waiting to acquire exclusive lock on daemon addresses registry.
2021-02-10T14:07:55.926+0800 [DEBUG] [org.gradle.cache.internal.DefaultFileLockManager] Lock acquired on daemon addresses registry.
2021-02-10T14:07:55.928+0800 [DEBUG] [org.gradle.cache.internal.DefaultFileLockManager] Releasing lock on daemon addresses registry.
2021-02-10T14:07:55.929+0800 [DEBUG] [org.gradle.launcher.daemon.server.DaemonStateCoordinator] resetting idle timer
2021-02-10T14:07:55.929+0800 [DEBUG] [org.gradle.launcher.daemon.server.DaemonStateCoordinator] daemon is running. Sleeping until state changes.
2021-02-10T14:07:55.929+0800 [INFO] [org.gradle.launcher.daemon.server.exec.StartBuildOrRespondWithBusy] Daemon is about to start building Build{id=dcf8a610-c6a9-4ef7-9fb2-bd83cede8986, currentDir=/Users/adityabanerjee/Downloads/ip-master}. Dispatching build started information...
2021-02-10T14:07:55.930+0800 [DEBUG] [org.gradle.launcher.daemon.server.SynchronizedDispatchConnection] thread 22: dispatching org.gradle.launcher.daemon.protocol.BuildStarted@65874896
2021-02-10T14:07:55.932+0800 [DEBUG] [org.gradle.launcher.daemon.server.exec.EstablishBuildEnvironment] Configuring env variables: [PATH, __CFBundleIdentifier, SHELL, OLDPWD, SECURITYSESSIONID, USER, COMMAND_MODE, LaunchInstanceID, TMPDIR, SSH_AUTH_SOCK, XPC_FLAGS, VERSIONER_PYTHON_VERSION, __CF_USER_TEXT_ENCODING, LOGNAME, LC_CTYPE, XPC_SERVICE_NAME, HOME]
2021-02-10T14:07:55.942+0800 [DEBUG] [org.gradle.launcher.daemon.server.exec.LogToClient] About to start relaying all logs to the client via the connection.
2021-02-10T14:07:55.942+0800 [INFO] [org.gradle.launcher.daemon.server.exec.LogToClient] The client will now receive all logging from the daemon (pid: 2435). The daemon log file: /Users/adityabanerjee/Downloads/ip-master/src/main/java/duke/daemon/6.7/daemon-2435.out.log
2021-02-10T14:07:55.944+0800 [INFO] [org.gradle.launcher.daemon.server.exec.LogAndCheckHealth] Starting build in new daemon [memory: 536.9 MB]
2021-02-10T14:07:55.947+0800 [DEBUG] [org.gradle.launcher.daemon.server.exec.ExecuteBuild] The daemon has started executing the build.
2021-02-10T14:07:55.948+0800 [DEBUG] [org.gradle.launcher.daemon.server.exec.ExecuteBuild] Executing build with daemon context: DefaultDaemonContext[uid=f8d0a153-7185-4b70-b8f3-4b02f2c556f0,javaHome=/Users/adityabanerjee/Library/Java/JavaVirtualMachines/openjdk-15.0.2/Contents/Home,daemonRegistryDir=/Users/adityabanerjee/Downloads/ip-master/src/main/java/duke/daemon,pid=2435,idleTimeout=10800000,priority=NORMAL,daemonOpts=--add-opens,java.base/java.util=ALL-UNNAMED,--add-opens,java.base/java.lang=ALL-UNNAMED,--add-opens,java.base/java.lang.invoke=ALL-UNNAMED,--add-opens,java.prefs/java.util.prefs=ALL-UNNAMED,-XX:MaxMetaspaceSize=256m,-XX:+HeapDumpOnOutOfMemoryError,-Xms256m,-Xmx512m,-Dfile.encoding=UTF-8,-Duser.country=SG,-Duser.language=en,-Duser.variant]

Deprecated Gradle features were used in this build, making it incompatible with Gradle 7.0.
Use '--warning-mode all' to show the individual deprecation warnings.
See https://docs.gradle.org/6.7/userguide/command_line_interface.html#sec:command_line_warnings

BUILD SUCCESSFUL in 34s
3 actionable tasks: 1 executed, 2 up-to-date
2021-02-10T14:08:29.119+0800 [DEBUG] [org.gradle.launcher.daemon.server.exec.ExecuteBuild] The daemon has finished executing the build.
2021-02-10T14:08:29.126+0800 [DEBUG] [org.gradle.launcher.daemon.server.DaemonStateCoordinator] daemon is running. Sleeping until state changes.
2021-02-10T14:08:29.127+0800 [DEBUG] [org.gradle.launcher.daemon.server.DaemonStateCoordinator] Command execution: finished waiting for DaemonCommandExecution[command = Build{id=dcf8a610-c6a9-4ef7-9fb2-bd83cede8986, currentDir=/Users/adityabanerjee/Downloads/ip-master}, connection = DefaultDaemonConnection: socket connection from /127.0.0.1:49362 to /127.0.0.1:49363]. Result org.gradle.launcher.daemon.server.DaemonStateCoordinator@72c9d418 with state Busy
2021-02-10T14:08:29.127+0800 [DEBUG] [org.gradle.launcher.daemon.server.DaemonStateCoordinator] Command execution: completed DaemonCommandExecution[command = Build{id=dcf8a610-c6a9-4ef7-9fb2-bd83cede8986, currentDir=/Users/adityabanerjee/Downloads/ip-master}, connection = DefaultDaemonConnection: socket connection from /127.0.0.1:49362 to /127.0.0.1:49363]
2021-02-10T14:08:29.127+0800 [DEBUG] [org.gradle.launcher.daemon.server.DaemonStateCoordinator] resetting idle timer
2021-02-10T14:08:29.127+0800 [INFO] [org.gradle.launcher.daemon.server.DaemonRegistryUpdater] Marking the daemon as idle, address: [bd784054-4819-44c3-a049-475152f58fcc port:49362, addresses:[localhost/127.0.0.1]]
2021-02-10T14:08:29.127+0800 [DEBUG] [org.gradle.launcher.daemon.registry.PersistentDaemonRegistry] Marking busy by address: [bd784054-4819-44c3-a049-475152f58fcc port:49362, addresses:[localhost/127.0.0.1]]
2021-02-10T14:08:29.128+0800 [DEBUG] [org.gradle.cache.internal.DefaultFileLockManager] Waiting to acquire exclusive lock on daemon addresses registry.
2021-02-10T14:08:29.128+0800 [DEBUG] [org.gradle.cache.internal.DefaultFileLockManager] Lock acquired on daemon addresses registry.
2021-02-10T14:08:29.129+0800 [DEBUG] [org.gradle.cache.internal.DefaultFileLockManager] Releasing lock on daemon addresses registry.
2021-02-10T14:08:29.133+0800 [DEBUG] [org.gradle.launcher.daemon.server.DaemonStateCoordinator] daemon is running. Sleeping until state changes.
2021-02-10T14:08:29.133+0800 [DEBUG] [org.gradle.launcher.daemon.server.exec.ReturnResult] Daemon is dispatching the build result: Success[value=org.gradle.launcher.exec.BuildActionResult@3b965045]
2021-02-10T14:08:29.135+0800 [DEBUG] [org.gradle.launcher.daemon.server.SynchronizedDispatchConnection] thread 19: dispatching Success[value=org.gradle.launcher.exec.BuildActionResult@3b965045]
2021-02-10T14:08:29.135+0800 [DEBUG] [org.gradle.launcher.daemon.server.DefaultIncomingConnectionHandler] Finishing executing command: Build{id=dcf8a610-c6a9-4ef7-9fb2-bd83cede8986, currentDir=/Users/adityabanerjee/Downloads/ip-master}
2021-02-10T14:08:29.138+0800 [DEBUG] [org.gradle.launcher.daemon.server.SynchronizedDispatchConnection] thread 20: received class org.gradle.launcher.daemon.protocol.CloseInput
2021-02-10T14:08:29.138+0800 [DEBUG] [org.gradle.launcher.daemon.server.DefaultDaemonConnection] thread 20: Received IO message from client: org.gradle.launcher.daemon.protocol.CloseInput@7ba6f8f2
2021-02-10T14:08:29.140+0800 [DEBUG] [org.gradle.launcher.daemon.server.SynchronizedDispatchConnection] thread 20: received class org.gradle.launcher.daemon.protocol.Finished
2021-02-10T14:08:29.141+0800 [DEBUG] [org.gradle.launcher.daemon.server.DefaultDaemonConnection] thread 20: Received non-IO message from client: org.gradle.launcher.daemon.protocol.Finished@623a70be
2021-02-10T14:08:29.142+0800 [DEBUG] [org.gradle.launcher.daemon.server.DefaultIncomingConnectionHandler] Received finished message: org.gradle.launcher.daemon.protocol.Finished@623a70be
2021-02-10T14:08:29.142+0800 [DEBUG] [org.gradle.launcher.daemon.server.SynchronizedDispatchConnection] thread 19: stopping connection
2021-02-10T14:08:29.144+0800 [DEBUG] [org.gradle.internal.remote.internal.inet.SocketConnection] Discarding EOFException: java.io.EOFException
2021-02-10T14:08:29.144+0800 [DEBUG] [org.gradle.launcher.daemon.server.SynchronizedDispatchConnection] thread 20: received null
2021-02-10T14:08:29.144+0800 [DEBUG] [org.gradle.launcher.daemon.server.DefaultDaemonConnection] thread 20: Received end-of-input from client.
2021-02-10T14:08:29.144+0800 [DEBUG] [org.gradle.launcher.daemon.server.SynchronizedDispatchConnection] thread 19: stopping connection
2021-02-10T14:08:35.840+0800 [DEBUG] [org.gradle.cache.internal.DefaultFileLockManager] Waiting to acquire shared lock on daemon addresses registry.
2021-02-10T14:08:35.847+0800 [DEBUG] [org.gradle.cache.internal.DefaultFileLockManager] Lock acquired on daemon addresses registry.
2021-02-10T14:08:35.848+0800 [DEBUG] [org.gradle.cache.internal.DefaultFileLockManager] Releasing lock on daemon addresses registry.
2021-02-10T14:08:35.850+0800 [DEBUG] [org.gradle.cache.internal.DefaultFileLockManager] Waiting to acquire shared lock on daemon addresses registry.
2021-02-10T14:08:35.851+0800 [DEBUG] [org.gradle.cache.internal.DefaultFileLockManager] Lock acquired on daemon addresses registry.
2021-02-10T14:08:35.851+0800 [DEBUG] [org.gradle.cache.internal.DefaultFileLockManager] Releasing lock on daemon addresses registry.
2021-02-10T14:08:45.839+0800 [DEBUG] [org.gradle.cache.internal.DefaultFileLockManager] Waiting to acquire shared lock on daemon addresses registry.
2021-02-10T14:08:45.842+0800 [DEBUG] [org.gradle.cache.internal.DefaultFileLockManager] Lock acquired on daemon addresses registry.
2021-02-10T14:08:45.843+0800 [DEBUG] [org.gradle.cache.internal.DefaultFileLockManager] Releasing lock on daemon addresses registry.
2021-02-10T14:08:45.844+0800 [DEBUG] [org.gradle.cache.internal.DefaultFileLockManager] Waiting to acquire shared lock on daemon addresses registry.
2021-02-10T14:08:45.845+0800 [DEBUG] [org.gradle.cache.internal.DefaultFileLockManager] Lock acquired on daemon addresses registry.
2021-02-10T14:08:45.846+0800 [DEBUG] [org.gradle.cache.internal.DefaultFileLockManager] Releasing lock on daemon addresses registry.
2021-02-10T14:08:45.847+0800 [DEBUG] [org.gradle.cache.internal.DefaultFileLockManager] Waiting to acquire shared lock on daemon addresses registry.
2021-02-10T14:08:45.847+0800 [DEBUG] [org.gradle.cache.internal.DefaultFileLockManager] Lock acquired on daemon addresses registry.
2021-02-10T14:08:45.847+0800 [DEBUG] [org.gradle.cache.internal.DefaultFileLockManager] Releasing lock on daemon addresses registry.
2021-02-10T14:08:55.837+0800 [DEBUG] [org.gradle.cache.internal.DefaultFileLockManager] Waiting to acquire shared lock on daemon addresses registry.
2021-02-10T14:08:55.840+0800 [DEBUG] [org.gradle.cache.internal.DefaultFileLockManager] Lock acquired on daemon addresses registry.
2021-02-10T14:08:55.840+0800 [DEBUG] [org.gradle.cache.internal.DefaultFileLockManager] Releasing lock on daemon addresses registry.
2021-02-10T14:08:55.841+0800 [DEBUG] [org.gradle.cache.internal.DefaultFileLockManager] Waiting to acquire shared lock on daemon addresses registry.
2021-02-10T14:08:55.841+0800 [DEBUG] [org.gradle.cache.internal.DefaultFileLockManager] Lock acquired on daemon addresses registry.
2021-02-10T14:08:55.842+0800 [DEBUG] [org.gradle.cache.internal.DefaultFileLockManager] Releasing lock on daemon addresses registry.
2021-02-10T14:08:55.842+0800 [DEBUG] [org.gradle.cache.internal.DefaultFileLockManager] Waiting to acquire shared lock on daemon addresses registry.
2021-02-10T14:08:55.842+0800 [DEBUG] [org.gradle.cache.internal.DefaultFileLockManager] Lock acquired on daemon addresses registry.
2021-02-10T14:08:55.842+0800 [DEBUG] [org.gradle.cache.internal.DefaultFileLockManager] Releasing lock on daemon addresses registry.
2021-02-10T14:08:57.126+0800 [DEBUG] [org.gradle.internal.remote.internal.inet.TcpIncomingConnector] Accepted connection from /127.0.0.1:49377 to /127.0.0.1:49362.
2021-02-10T14:08:57.135+0800 [DEBUG] [org.gradle.launcher.daemon.server.SynchronizedDispatchConnection] thread 74: received class org.gradle.launcher.daemon.protocol.Build
2021-02-10T14:08:57.136+0800 [DEBUG] [org.gradle.launcher.daemon.server.DefaultDaemonConnection] thread 74: Received non-IO message from client: Build{id=0bc0134a-4c41-460d-8412-8b36263f5cf7, currentDir=/Users/adityabanerjee/Downloads/ip-master}
2021-02-10T14:08:57.136+0800 [INFO] [org.gradle.launcher.daemon.server.DefaultIncomingConnectionHandler] Received command: Build{id=0bc0134a-4c41-460d-8412-8b36263f5cf7, currentDir=/Users/adityabanerjee/Downloads/ip-master}.
2021-02-10T14:08:57.137+0800 [DEBUG] [org.gradle.launcher.daemon.server.DefaultIncomingConnectionHandler] Starting executing command: Build{id=0bc0134a-4c41-460d-8412-8b36263f5cf7, currentDir=/Users/adityabanerjee/Downloads/ip-master} with connection: socket connection from /127.0.0.1:49362 to /127.0.0.1:49377.
2021-02-10T14:08:57.138+0800 [ERROR] [org.gradle.launcher.daemon.server.DaemonStateCoordinator] Command execution: started DaemonCommandExecution[command = Build{id=0bc0134a-4c41-460d-8412-8b36263f5cf7, currentDir=/Users/adityabanerjee/Downloads/ip-master}, connection = DefaultDaemonConnection: socket connection from /127.0.0.1:49362 to /127.0.0.1:49377] after 0.0 minutes of idle
2021-02-10T14:08:57.138+0800 [INFO] [org.gradle.launcher.daemon.server.DaemonRegistryUpdater] Marking the daemon as busy, address: [bd784054-4819-44c3-a049-475152f58fcc port:49362, addresses:[localhost/127.0.0.1]]
2021-02-10T14:08:57.138+0800 [DEBUG] [org.gradle.launcher.daemon.registry.PersistentDaemonRegistry] Marking busy by address: [bd784054-4819-44c3-a049-475152f58fcc port:49362, addresses:[localhost/127.0.0.1]]
2021-02-10T14:08:57.138+0800 [DEBUG] [org.gradle.cache.internal.DefaultFileLockManager] Waiting to acquire exclusive lock on daemon addresses registry.
2021-02-10T14:08:57.139+0800 [DEBUG] [org.gradle.cache.internal.DefaultFileLockManager] Lock acquired on daemon addresses registry.
2021-02-10T14:08:57.139+0800 [DEBUG] [org.gradle.cache.internal.DefaultFileLockManager] Releasing lock on daemon addresses registry.
2021-02-10T14:08:57.139+0800 [DEBUG] [org.gradle.launcher.daemon.server.DaemonStateCoordinator] resetting idle timer
2021-02-10T14:08:57.139+0800 [DEBUG] [org.gradle.launcher.daemon.server.DaemonStateCoordinator] daemon is running. Sleeping until state changes.
2021-02-10T14:08:57.139+0800 [INFO] [org.gradle.launcher.daemon.server.exec.StartBuildOrRespondWithBusy] Daemon is about to start building Build{id=0bc0134a-4c41-460d-8412-8b36263f5cf7, currentDir=/Users/adityabanerjee/Downloads/ip-master}. Dispatching build started information...
2021-02-10T14:08:57.139+0800 [DEBUG] [org.gradle.launcher.daemon.server.SynchronizedDispatchConnection] thread 22: dispatching org.gradle.launcher.daemon.protocol.BuildStarted@17683845
2021-02-10T14:08:57.141+0800 [DEBUG] [org.gradle.launcher.daemon.server.exec.EstablishBuildEnvironment] Configuring env variables: [PATH, __CFBundleIdentifier, SHELL, OLDPWD, SECURITYSESSIONID, USER, COMMAND_MODE, LaunchInstanceID, TMPDIR, SSH_AUTH_SOCK, XPC_FLAGS, VERSIONER_PYTHON_VERSION, __CF_USER_TEXT_ENCODING, LOGNAME, LC_CTYPE, XPC_SERVICE_NAME, HOME]
2021-02-10T14:08:57.141+0800 [DEBUG] [org.gradle.launcher.daemon.server.exec.LogToClient] About to start relaying all logs to the client via the connection.
2021-02-10T14:08:57.142+0800 [INFO] [org.gradle.launcher.daemon.server.exec.LogToClient] The client will now receive all logging from the daemon (pid: 2435). The daemon log file: /Users/adityabanerjee/Downloads/ip-master/src/main/java/duke/daemon/6.7/daemon-2435.out.log
2021-02-10T14:08:57.146+0800 [INFO] [org.gradle.launcher.daemon.server.exec.LogAndCheckHealth] Starting 2nd build in daemon [uptime: 1 mins 1.582 secs, performance: 100%, non-heap usage: 16% of 268.4 MB]
2021-02-10T14:08:57.146+0800 [DEBUG] [org.gradle.launcher.daemon.server.exec.ExecuteBuild] The daemon has started executing the build.
2021-02-10T14:08:57.148+0800 [DEBUG] [org.gradle.launcher.daemon.server.exec.ExecuteBuild] Executing build with daemon context: DefaultDaemonContext[uid=f8d0a153-7185-4b70-b8f3-4b02f2c556f0,javaHome=/Users/adityabanerjee/Library/Java/JavaVirtualMachines/openjdk-15.0.2/Contents/Home,daemonRegistryDir=/Users/adityabanerjee/Downloads/ip-master/src/main/java/duke/daemon,pid=2435,idleTimeout=10800000,priority=NORMAL,daemonOpts=--add-opens,java.base/java.util=ALL-UNNAMED,--add-opens,java.base/java.lang=ALL-UNNAMED,--add-opens,java.base/java.lang.invoke=ALL-UNNAMED,--add-opens,java.prefs/java.util.prefs=ALL-UNNAMED,-XX:MaxMetaspaceSize=256m,-XX:+HeapDumpOnOutOfMemoryError,-Xms256m,-Xmx512m,-Dfile.encoding=UTF-8,-Duser.country=SG,-Duser.language=en,-Duser.variant]

Deprecated Gradle features were used in this build, making it incompatible with Gradle 7.0.
Use '--warning-mode all' to show the individual deprecation warnings.
See https://docs.gradle.org/6.7/userguide/command_line_interface.html#sec:command_line_warnings

BUILD SUCCESSFUL in 1m 6s
3 actionable tasks: 1 executed, 2 up-to-date
2021-02-10T14:10:04.124+0800 [DEBUG] [org.gradle.launcher.daemon.server.exec.ExecuteBuild] The daemon has finished executing the build.
2021-02-10T14:10:04.129+0800 [DEBUG] [org.gradle.launcher.daemon.server.DaemonStateCoordinator] Command execution: finished waiting for DaemonCommandExecution[command = Build{id=0bc0134a-4c41-460d-8412-8b36263f5cf7, currentDir=/Users/adityabanerjee/Downloads/ip-master}, connection = DefaultDaemonConnection: socket connection from /127.0.0.1:49362 to /127.0.0.1:49377]. Result org.gradle.launcher.daemon.server.DaemonStateCoordinator@72c9d418 with state Busy
2021-02-10T14:10:04.130+0800 [DEBUG] [org.gradle.launcher.daemon.server.DaemonStateCoordinator] Command execution: completed DaemonCommandExecution[command = Build{id=0bc0134a-4c41-460d-8412-8b36263f5cf7, currentDir=/Users/adityabanerjee/Downloads/ip-master}, connection = DefaultDaemonConnection: socket connection from /127.0.0.1:49362 to /127.0.0.1:49377]
2021-02-10T14:10:04.130+0800 [DEBUG] [org.gradle.launcher.daemon.server.DaemonStateCoordinator] resetting idle timer
2021-02-10T14:10:04.130+0800 [INFO] [org.gradle.launcher.daemon.server.DaemonRegistryUpdater] Marking the daemon as idle, address: [bd784054-4819-44c3-a049-475152f58fcc port:49362, addresses:[localhost/127.0.0.1]]
2021-02-10T14:10:04.130+0800 [DEBUG] [org.gradle.launcher.daemon.registry.PersistentDaemonRegistry] Marking busy by address: [bd784054-4819-44c3-a049-475152f58fcc port:49362, addresses:[localhost/127.0.0.1]]
2021-02-10T14:10:04.131+0800 [DEBUG] [org.gradle.cache.internal.DefaultFileLockManager] Waiting to acquire exclusive lock on daemon addresses registry.
2021-02-10T14:10:04.131+0800 [DEBUG] [org.gradle.cache.internal.DefaultFileLockManager] Lock acquired on daemon addresses registry.
2021-02-10T14:10:04.132+0800 [DEBUG] [org.gradle.cache.internal.DefaultFileLockManager] Releasing lock on daemon addresses registry.
2021-02-10T14:10:04.135+0800 [DEBUG] [org.gradle.launcher.daemon.server.exec.ReturnResult] Daemon is dispatching the build result: Success[value=org.gradle.launcher.exec.BuildActionResult@1c8d9aad]
2021-02-10T14:10:04.135+0800 [DEBUG] [org.gradle.launcher.daemon.server.DaemonStateCoordinator] daemon is running. Sleeping until state changes.
2021-02-10T14:10:04.136+0800 [DEBUG] [org.gradle.launcher.daemon.server.SynchronizedDispatchConnection] thread 19: dispatching Success[value=org.gradle.launcher.exec.BuildActionResult@1c8d9aad]
2021-02-10T14:10:04.136+0800 [DEBUG] [org.gradle.launcher.daemon.server.DefaultIncomingConnectionHandler] Finishing executing command: Build{id=0bc0134a-4c41-460d-8412-8b36263f5cf7, currentDir=/Users/adityabanerjee/Downloads/ip-master}
2021-02-10T14:10:04.138+0800 [DEBUG] [org.gradle.launcher.daemon.server.SynchronizedDispatchConnection] thread 74: received class org.gradle.launcher.daemon.protocol.CloseInput
2021-02-10T14:10:04.138+0800 [DEBUG] [org.gradle.launcher.daemon.server.DefaultDaemonConnection] thread 74: Received IO message from client: org.gradle.launcher.daemon.protocol.CloseInput@11028977
2021-02-10T14:10:04.138+0800 [DEBUG] [org.gradle.launcher.daemon.server.SynchronizedDispatchConnection] thread 74: received class org.gradle.launcher.daemon.protocol.Finished
2021-02-10T14:10:04.138+0800 [DEBUG] [org.gradle.launcher.daemon.server.DefaultDaemonConnection] thread 74: Received non-IO message from client: org.gradle.launcher.daemon.protocol.Finished@1fc56527
2021-02-10T14:10:04.138+0800 [DEBUG] [org.gradle.launcher.daemon.server.DefaultIncomingConnectionHandler] Received finished message: org.gradle.launcher.daemon.protocol.Finished@1fc56527
2021-02-10T14:10:04.139+0800 [DEBUG] [org.gradle.launcher.daemon.server.SynchronizedDispatchConnection] thread 19: stopping connection
2021-02-10T14:10:04.139+0800 [DEBUG] [org.gradle.internal.remote.internal.inet.SocketConnection] Discarding EOFException: java.io.EOFException
2021-02-10T14:10:04.139+0800 [DEBUG] [org.gradle.launcher.daemon.server.SynchronizedDispatchConnection] thread 74: received null
2021-02-10T14:10:04.139+0800 [DEBUG] [org.gradle.launcher.daemon.server.DefaultDaemonConnection] thread 74: Received end-of-input from client.
2021-02-10T14:10:04.139+0800 [DEBUG] [org.gradle.launcher.daemon.server.SynchronizedDispatchConnection] thread 19: stopping connection
2021-02-10T14:10:05.831+0800 [DEBUG] [org.gradle.cache.internal.DefaultFileLockManager] Waiting to acquire shared lock on daemon addresses registry.
2021-02-10T14:10:05.833+0800 [DEBUG] [org.gradle.cache.internal.DefaultFileLockManager] Lock acquired on daemon addresses registry.
2021-02-10T14:10:05.833+0800 [DEBUG] [org.gradle.cache.internal.DefaultFileLockManager] Releasing lock on daemon addresses registry.
2021-02-10T14:10:05.834+0800 [DEBUG] [org.gradle.cache.internal.DefaultFileLockManager] Waiting to acquire shared lock on daemon addresses registry.
2021-02-10T14:10:05.835+0800 [DEBUG] [org.gradle.cache.internal.DefaultFileLockManager] Lock acquired on daemon addresses registry.
2021-02-10T14:10:05.835+0800 [DEBUG] [org.gradle.cache.internal.DefaultFileLockManager] Releasing lock on daemon addresses registry.
2021-02-10T14:10:06.441+0800 [DEBUG] [org.gradle.internal.remote.internal.inet.TcpIncomingConnector] Accepted connection from /127.0.0.1:49412 to /127.0.0.1:49362.
2021-02-10T14:10:06.449+0800 [DEBUG] [org.gradle.launcher.daemon.server.SynchronizedDispatchConnection] thread 103: received class org.gradle.launcher.daemon.protocol.StopWhenIdle
2021-02-10T14:10:06.449+0800 [DEBUG] [org.gradle.launcher.daemon.server.DefaultDaemonConnection] thread 103: Received non-IO message from client: StopWhenIdle[id=32d7200e-521b-44b4-a381-a5fe548bdca4]
2021-02-10T14:10:06.449+0800 [INFO] [org.gradle.launcher.daemon.server.DefaultIncomingConnectionHandler] Received command: StopWhenIdle[id=32d7200e-521b-44b4-a381-a5fe548bdca4].
2021-02-10T14:10:06.449+0800 [DEBUG] [org.gradle.launcher.daemon.server.DefaultIncomingConnectionHandler] Starting executing command: StopWhenIdle[id=32d7200e-521b-44b4-a381-a5fe548bdca4] with connection: socket connection from /127.0.0.1:49362 to /127.0.0.1:49412.
2021-02-10T14:10:06.449+0800 [DEBUG] [org.gradle.launcher.daemon.server.DaemonRegistryUpdater] Storing daemon stop event: stop command received
2021-02-10T14:10:06.450+0800 [DEBUG] [org.gradle.launcher.daemon.registry.PersistentDaemonRegistry] Storing daemon stop event with timestamp 1612937406450
2021-02-10T14:10:06.450+0800 [DEBUG] [org.gradle.cache.internal.DefaultFileLockManager] Waiting to acquire exclusive lock on daemon addresses registry.
2021-02-10T14:10:06.451+0800 [DEBUG] [org.gradle.cache.internal.DefaultFileLockManager] Lock acquired on daemon addresses registry.
2021-02-10T14:10:06.451+0800 [DEBUG] [org.gradle.cache.internal.DefaultFileLockManager] Releasing lock on daemon addresses registry.
2021-02-10T14:10:06.451+0800 [LIFECYCLE] [org.gradle.launcher.daemon.server.DaemonStateCoordinator] Daemon will be stopped at the end of the build stop command received
2021-02-10T14:10:06.451+0800 [DEBUG] [org.gradle.launcher.daemon.server.DaemonStateCoordinator] Marking daemon stopped due to stop command received. The daemon is running a build: false
2021-02-10T14:10:06.452+0800 [DEBUG] [org.gradle.launcher.daemon.server.SynchronizedDispatchConnection] thread 19: dispatching Success[value=null]
2021-02-10T14:10:06.452+0800 [DEBUG] [org.gradle.launcher.daemon.server.DaemonStateCoordinator] daemon has stopped.
2021-02-10T14:10:06.452+0800 [DEBUG] [org.gradle.launcher.daemon.server.Daemon] stop() called on daemon
2021-02-10T14:10:06.452+0800 [INFO] [org.gradle.launcher.daemon.server.Daemon] Stop requested. Daemon is removing its presence from the registry...
2021-02-10T14:10:06.452+0800 [DEBUG] [org.gradle.launcher.daemon.server.DefaultIncomingConnectionHandler] Finishing executing command: StopWhenIdle[id=32d7200e-521b-44b4-a381-a5fe548bdca4]
2021-02-10T14:10:06.452+0800 [DEBUG] [org.gradle.launcher.daemon.server.DaemonRegistryUpdater] Removing our presence to clients, eg. removing this address from the registry: [bd784054-4819-44c3-a049-475152f58fcc port:49362, addresses:[localhost/127.0.0.1]]
2021-02-10T14:10:06.452+0800 [DEBUG] [org.gradle.launcher.daemon.registry.PersistentDaemonRegistry] Removing daemon address: [bd784054-4819-44c3-a049-475152f58fcc port:49362, addresses:[localhost/127.0.0.1]]
2021-02-10T14:10:06.453+0800 [DEBUG] [org.gradle.cache.internal.DefaultFileLockManager] Waiting to acquire exclusive lock on daemon addresses registry.
2021-02-10T14:10:06.453+0800 [DEBUG] [org.gradle.cache.internal.DefaultFileLockManager] Lock acquired on daemon addresses registry.
2021-02-10T14:10:06.453+0800 [DEBUG] [org.gradle.cache.internal.DefaultFileLockManager] Releasing lock on daemon addresses registry.
2021-02-10T14:10:06.453+0800 [DEBUG] [org.gradle.launcher.daemon.server.SynchronizedDispatchConnection] thread 103: received class org.gradle.launcher.daemon.protocol.Finished
2021-02-10T14:10:06.453+0800 [DEBUG] [org.gradle.launcher.daemon.server.DefaultDaemonConnection] thread 103: Received non-IO message from client: org.gradle.launcher.daemon.protocol.Finished@b10ea10
2021-02-10T14:10:06.454+0800 [DEBUG] [org.gradle.launcher.daemon.server.DaemonRegistryUpdater] Address removed from registry.
2021-02-10T14:10:06.454+0800 [DEBUG] [org.gradle.launcher.daemon.server.DefaultIncomingConnectionHandler] Received finished message: org.gradle.launcher.daemon.protocol.Finished@b10ea10
2021-02-10T14:10:06.454+0800 [DEBUG] [org.gradle.launcher.daemon.server.SynchronizedDispatchConnection] thread 19: stopping connection
2021-02-10T14:10:06.454+0800 [DEBUG] [org.gradle.internal.remote.internal.inet.SocketConnection] Discarding EOFException: java.io.EOFException
2021-02-10T14:10:06.455+0800 [DEBUG] [org.gradle.launcher.daemon.server.SynchronizedDispatchConnection] thread 103: received null
2021-02-10T14:10:06.456+0800 [DEBUG] [org.gradle.launcher.daemon.server.DefaultDaemonConnection] thread 103: Received end-of-input from client.
2021-02-10T14:10:06.456+0800 [DEBUG] [org.gradle.launcher.daemon.server.SynchronizedDispatchConnection] thread 19: stopping connection
2021-02-10T14:10:06.458+0800 [DEBUG] [org.gradle.cache.internal.LockOnDemandCrossProcessCacheAccess] Releasing file lock for jars (/Users/adityabanerjee/Downloads/ip-master/src/main/java/duke/caches/jars-8)
2021-02-10T14:10:06.458+0800 [DEBUG] [org.gradle.cache.internal.DefaultFileLockManager] Releasing lock on jars (/Users/adityabanerjee/Downloads/ip-master/src/main/java/duke/caches/jars-8).
2021-02-10T14:10:06.458+0800 [DEBUG] [org.gradle.cache.internal.DefaultPersistentDirectoryStore] jars (/Users/adityabanerjee/Downloads/ip-master/src/main/java/duke/caches/jars-8) has last been fully cleaned up 15 hours ago
2021-02-10T14:10:06.459+0800 [DEBUG] [org.gradle.cache.internal.LockOnDemandCrossProcessCacheAccess] Releasing file lock for file content cache (/Users/adityabanerjee/Downloads/ip-master/src/main/java/duke/caches/6.7/fileContent)
2021-02-10T14:10:06.459+0800 [DEBUG] [org.gradle.cache.internal.DefaultFileLockManager] Releasing lock on file content cache (/Users/adityabanerjee/Downloads/ip-master/src/main/java/duke/caches/6.7/fileContent).
2021-02-10T14:10:06.460+0800 [DEBUG] [org.gradle.cache.internal.DefaultPersistentDirectoryStore] Artifact transforms cache (/Users/adityabanerjee/Downloads/ip-master/src/main/java/duke/caches/transforms-2) has last been fully cleaned up 15 hours ago
2021-02-10T14:10:06.460+0800 [DEBUG] [org.gradle.cache.internal.DefaultCacheAccess] Cache Artifact transforms cache (/Users/adityabanerjee/Downloads/ip-master/src/main/java/duke/caches/transforms-2) was closed 0 times.
2021-02-10T14:10:06.460+0800 [DEBUG] [org.gradle.cache.internal.LockOnDemandCrossProcessCacheAccess] Releasing file lock for artifact cache (/Users/adityabanerjee/Downloads/ip-master/src/main/java/duke/caches/modules-2)
2021-02-10T14:10:06.461+0800 [DEBUG] [org.gradle.cache.internal.btree.BTreePersistentIndexedCache] Closing cache module-artifacts.bin (/Users/adityabanerjee/Downloads/ip-master/src/main/java/duke/caches/modules-2/metadata-2.96/module-artifacts.bin)
2021-02-10T14:10:06.461+0800 [DEBUG] [org.gradle.cache.internal.btree.BTreePersistentIndexedCache] Closing cache module-metadata.bin (/Users/adityabanerjee/Downloads/ip-master/src/main/java/duke/caches/modules-2/metadata-2.96/module-metadata.bin)
2021-02-10T14:10:06.462+0800 [DEBUG] [org.gradle.cache.internal.btree.BTreePersistentIndexedCache] Closing cache module-artifact.bin (/Users/adityabanerjee/Downloads/ip-master/src/main/java/duke/caches/modules-2/metadata-2.96/module-artifact.bin)
2021-02-10T14:10:06.462+0800 [DEBUG] [org.gradle.cache.internal.DefaultFileLockManager] Releasing lock on artifact cache (/Users/adityabanerjee/Downloads/ip-master/src/main/java/duke/caches/modules-2).
2021-02-10T14:10:06.463+0800 [DEBUG] [org.gradle.cache.internal.DefaultPersistentDirectoryStore] artifact cache (/Users/adityabanerjee/Downloads/ip-master/src/main/java/duke/caches/modules-2) has last been fully cleaned up 15 hours ago
2021-02-10T14:10:06.463+0800 [DEBUG] [org.gradle.cache.internal.DefaultCacheAccess] Cache Generated Gradle JARs cache (/Users/adityabanerjee/Downloads/ip-master/src/main/java/duke/caches/6.7/generated-gradle-jars) was closed 0 times.
2021-02-10T14:10:06.463+0800 [DEBUG] [org.gradle.cache.internal.LockOnDemandCrossProcessCacheAccess] Releasing file lock for journal cache (/Users/adityabanerjee/Downloads/ip-master/src/main/java/duke/caches/journal-1)
2021-02-10T14:10:06.463+0800 [DEBUG] [org.gradle.cache.internal.btree.BTreePersistentIndexedCache] Closing cache file-access.bin (/Users/adityabanerjee/Downloads/ip-master/src/main/java/duke/caches/journal-1/file-access.bin)
2021-02-10T14:10:06.463+0800 [DEBUG] [org.gradle.cache.internal.DefaultFileLockManager] Releasing lock on journal cache (/Users/adityabanerjee/Downloads/ip-master/src/main/java/duke/caches/journal-1).
2021-02-10T14:10:06.464+0800 [DEBUG] [org.gradle.cache.internal.LockOnDemandCrossProcessCacheAccess] Releasing file lock for file hash cache (/Users/adityabanerjee/Downloads/ip-master/src/main/java/duke/caches/6.7/fileHashes)
2021-02-10T14:10:06.464+0800 [DEBUG] [org.gradle.cache.internal.btree.BTreePersistentIndexedCache] Closing cache fileHashes.bin (/Users/adityabanerjee/Downloads/ip-master/src/main/java/duke/caches/6.7/fileHashes/fileHashes.bin)
2021-02-10T14:10:06.464+0800 [DEBUG] [org.gradle.cache.internal.btree.BTreePersistentIndexedCache] Closing cache resourceHashesCache.bin (/Users/adityabanerjee/Downloads/ip-master/src/main/java/duke/caches/6.7/fileHashes/resourceHashesCache.bin)
2021-02-10T14:10:06.464+0800 [DEBUG] [org.gradle.cache.internal.DefaultFileLockManager] Releasing lock on file hash cache (/Users/adityabanerjee/Downloads/ip-master/src/main/java/duke/caches/6.7/fileHashes).
2021-02-10T14:10:06.465+0800 [DEBUG] [org.gradle.cache.internal.LockOnDemandCrossProcessCacheAccess] Releasing file lock for execution history cache (/Users/adityabanerjee/Downloads/ip-master/src/main/java/duke/caches/6.7/executionHistory)
2021-02-10T14:10:06.466+0800 [DEBUG] [org.gradle.cache.internal.DefaultFileLockManager] Releasing lock on execution history cache (/Users/adityabanerjee/Downloads/ip-master/src/main/java/duke/caches/6.7/executionHistory).
Daemon vm is shutting down... The daemon has exited normally or was terminated in response to a user interrupt.
2021-02-10T14:10:06.470+0800 [DEBUG] [org.gradle.launcher.daemon.registry.PersistentDaemonRegistry] Removing daemon address: [bd784054-4819-44c3-a049-475152f58fcc port:49362, addresses:[localhost/127.0.0.1]]
2021-02-10T14:10:06.471+0800 [DEBUG] [org.gradle.cache.internal.DefaultFileLockManager] Waiting to acquire exclusive lock on daemon addresses registry.
2021-02-10T14:10:06.472+0800 [DEBUG] [org.gradle.cache.internal.DefaultFileLockManager] Lock acquired on daemon addresses registry.
2021-02-10T14:10:06.472+0800 [DEBUG] [org.gradle.cache.internal.DefaultFileLockManager] Releasing lock on daemon addresses registry.
