2021-02-09T22:05:14.403+0800 [DEBUG] [org.gradle.launcher.daemon.bootstrap.DaemonMain] Assuming the daemon was started with following jvm opts: [--add-opens, java.base/java.util=ALL-UNNAMED, --add-opens, java.base/java.lang=ALL-UNNAMED, --add-opens, java.base/java.lang.invoke=ALL-UNNAMED, --add-opens, java.prefs/java.util.prefs=ALL-UNNAMED, -XX:MaxMetaspaceSize=256m, -XX:+HeapDumpOnOutOfMemoryError, -Xms256m, -Xmx512m, -Dfile.encoding=UTF-8, -Duser.country=SG, -Duser.language=en, -Duser.variant]
2021-02-09T22:05:14.601+0800 [INFO] [org.gradle.launcher.daemon.server.Daemon] start() called on daemon - DefaultDaemonContext[uid=235618c3-dbbe-43c3-b026-ca33670235f9,javaHome=/Users/adityabanerjee/Library/Java/JavaVirtualMachines/openjdk-15.0.2/Contents/Home,daemonRegistryDir=/Users/adityabanerjee/Downloads/ip-master/src/main/java/duke/daemon,pid=21286,idleTimeout=10800000,priority=NORMAL,daemonOpts=--add-opens,java.base/java.util=ALL-UNNAMED,--add-opens,java.base/java.lang=ALL-UNNAMED,--add-opens,java.base/java.lang.invoke=ALL-UNNAMED,--add-opens,java.prefs/java.util.prefs=ALL-UNNAMED,-XX:MaxMetaspaceSize=256m,-XX:+HeapDumpOnOutOfMemoryError,-Xms256m,-Xmx512m,-Dfile.encoding=UTF-8,-Duser.country=SG,-Duser.language=en,-Duser.variant]
2021-02-09T22:05:14.643+0800 [DEBUG] [org.gradle.internal.remote.internal.inet.InetAddresses] Adding IP addresses for network interface utun5
2021-02-09T22:05:14.645+0800 [DEBUG] [org.gradle.internal.remote.internal.inet.InetAddresses] Is this a loopback interface? false
2021-02-09T22:05:14.645+0800 [DEBUG] [org.gradle.internal.remote.internal.inet.InetAddresses] Adding remote address /fe80:0:0:0:b6c7:507a:9355:bc78%utun5
2021-02-09T22:05:14.645+0800 [DEBUG] [org.gradle.internal.remote.internal.inet.InetAddresses] Adding IP addresses for network interface utun4
2021-02-09T22:05:14.645+0800 [DEBUG] [org.gradle.internal.remote.internal.inet.InetAddresses] Is this a loopback interface? false
2021-02-09T22:05:14.648+0800 [DEBUG] [org.gradle.internal.remote.internal.inet.InetAddresses] Adding remote address /fe80:0:0:0:9adb:4527:7241:31%utun4
2021-02-09T22:05:14.648+0800 [DEBUG] [org.gradle.internal.remote.internal.inet.InetAddresses] Adding IP addresses for network interface utun3
2021-02-09T22:05:14.648+0800 [DEBUG] [org.gradle.internal.remote.internal.inet.InetAddresses] Is this a loopback interface? false
2021-02-09T22:05:14.648+0800 [DEBUG] [org.gradle.internal.remote.internal.inet.InetAddresses] Adding remote address /fe80:0:0:0:8c34:d600:45ba:8c0c%utun3
2021-02-09T22:05:14.649+0800 [DEBUG] [org.gradle.internal.remote.internal.inet.InetAddresses] Adding IP addresses for network interface utun2
2021-02-09T22:05:14.649+0800 [DEBUG] [org.gradle.internal.remote.internal.inet.InetAddresses] Is this a loopback interface? false
2021-02-09T22:05:14.649+0800 [DEBUG] [org.gradle.internal.remote.internal.inet.InetAddresses] Adding remote address /fe80:0:0:0:8ba8:389d:91cb:4cff%utun2
2021-02-09T22:05:14.649+0800 [DEBUG] [org.gradle.internal.remote.internal.inet.InetAddresses] Adding IP addresses for network interface utun1
2021-02-09T22:05:14.650+0800 [DEBUG] [org.gradle.internal.remote.internal.inet.InetAddresses] Is this a loopback interface? false
2021-02-09T22:05:14.651+0800 [DEBUG] [org.gradle.internal.remote.internal.inet.InetAddresses] Adding remote address /fe80:0:0:0:5b9a:8661:7f4:4ade%utun1
2021-02-09T22:05:14.651+0800 [DEBUG] [org.gradle.internal.remote.internal.inet.InetAddresses] Adding IP addresses for network interface utun0
2021-02-09T22:05:14.651+0800 [DEBUG] [org.gradle.internal.remote.internal.inet.InetAddresses] Is this a loopback interface? false
2021-02-09T22:05:14.652+0800 [DEBUG] [org.gradle.internal.remote.internal.inet.InetAddresses] Adding remote address /fe80:0:0:0:7daf:99d9:168b:e0fe%utun0
2021-02-09T22:05:14.652+0800 [DEBUG] [org.gradle.internal.remote.internal.inet.InetAddresses] Adding IP addresses for network interface llw0
2021-02-09T22:05:14.652+0800 [DEBUG] [org.gradle.internal.remote.internal.inet.InetAddresses] Is this a loopback interface? false
2021-02-09T22:05:14.652+0800 [DEBUG] [org.gradle.internal.remote.internal.inet.InetAddresses] Adding remote address /fe80:0:0:0:2c28:31ff:fe82:b339%llw0
2021-02-09T22:05:14.652+0800 [DEBUG] [org.gradle.internal.remote.internal.inet.InetAddresses] Adding IP addresses for network interface awdl0
2021-02-09T22:05:14.652+0800 [DEBUG] [org.gradle.internal.remote.internal.inet.InetAddresses] Is this a loopback interface? false
2021-02-09T22:05:14.654+0800 [DEBUG] [org.gradle.internal.remote.internal.inet.InetAddresses] Adding remote address /fe80:0:0:0:2c28:31ff:fe82:b339%awdl0
2021-02-09T22:05:14.654+0800 [DEBUG] [org.gradle.internal.remote.internal.inet.InetAddresses] Adding IP addresses for network interface anpi0
2021-02-09T22:05:14.655+0800 [DEBUG] [org.gradle.internal.remote.internal.inet.InetAddresses] Is this a loopback interface? false
2021-02-09T22:05:14.655+0800 [DEBUG] [org.gradle.internal.remote.internal.inet.InetAddresses] Adding remote address /fe80:0:0:0:1c00:f2ff:fe0c:6b50%anpi0
2021-02-09T22:05:14.656+0800 [DEBUG] [org.gradle.internal.remote.internal.inet.InetAddresses] Adding IP addresses for network interface anpi1
2021-02-09T22:05:14.656+0800 [DEBUG] [org.gradle.internal.remote.internal.inet.InetAddresses] Is this a loopback interface? false
2021-02-09T22:05:14.657+0800 [DEBUG] [org.gradle.internal.remote.internal.inet.InetAddresses] Adding remote address /fe80:0:0:0:1c00:f2ff:fe0c:6b51%anpi1
2021-02-09T22:05:14.657+0800 [DEBUG] [org.gradle.internal.remote.internal.inet.InetAddresses] Adding IP addresses for network interface en0
2021-02-09T22:05:14.658+0800 [DEBUG] [org.gradle.internal.remote.internal.inet.InetAddresses] Is this a loopback interface? false
2021-02-09T22:05:14.658+0800 [DEBUG] [org.gradle.internal.remote.internal.inet.InetAddresses] Adding remote address /fe80:0:0:0:cd8:7de5:6df7:4b9e%en0
2021-02-09T22:05:14.658+0800 [DEBUG] [org.gradle.internal.remote.internal.inet.InetAddresses] Adding remote address /172.31.81.57
2021-02-09T22:05:14.658+0800 [DEBUG] [org.gradle.internal.remote.internal.inet.InetAddresses] Adding IP addresses for network interface lo0
2021-02-09T22:05:14.658+0800 [DEBUG] [org.gradle.internal.remote.internal.inet.InetAddresses] Is this a loopback interface? true
2021-02-09T22:05:14.658+0800 [DEBUG] [org.gradle.internal.remote.internal.inet.InetAddresses] Ignoring remote address on loopback interface /fe80:0:0:0:0:0:0:1%lo0
2021-02-09T22:05:14.659+0800 [DEBUG] [org.gradle.internal.remote.internal.inet.InetAddresses] Adding loopback address /0:0:0:0:0:0:0:1%lo0
2021-02-09T22:05:14.659+0800 [DEBUG] [org.gradle.internal.remote.internal.inet.InetAddresses] Adding loopback address /127.0.0.1
2021-02-09T22:05:14.662+0800 [DEBUG] [org.gradle.internal.remote.internal.inet.TcpIncomingConnector] Listening on [14a94671-3376-462c-a41b-b17e3bf5f98a port:50472, addresses:[localhost/127.0.0.1]].
2021-02-09T22:05:14.674+0800 [DEBUG] [org.gradle.launcher.daemon.server.Daemon] Daemon starting at: Tue Feb 09 22:05:14 SGT 2021, with address: [14a94671-3376-462c-a41b-b17e3bf5f98a port:50472, addresses:[localhost/127.0.0.1]]
2021-02-09T22:05:14.675+0800 [INFO] [org.gradle.launcher.daemon.server.DaemonRegistryUpdater] Advertising the daemon address to the clients: [14a94671-3376-462c-a41b-b17e3bf5f98a port:50472, addresses:[localhost/127.0.0.1]]
2021-02-09T22:05:14.675+0800 [DEBUG] [org.gradle.launcher.daemon.server.DaemonRegistryUpdater] Advertised daemon context: DefaultDaemonContext[uid=235618c3-dbbe-43c3-b026-ca33670235f9,javaHome=/Users/adityabanerjee/Library/Java/JavaVirtualMachines/openjdk-15.0.2/Contents/Home,daemonRegistryDir=/Users/adityabanerjee/Downloads/ip-master/src/main/java/duke/daemon,pid=21286,idleTimeout=10800000,priority=NORMAL,daemonOpts=--add-opens,java.base/java.util=ALL-UNNAMED,--add-opens,java.base/java.lang=ALL-UNNAMED,--add-opens,java.base/java.lang.invoke=ALL-UNNAMED,--add-opens,java.prefs/java.util.prefs=ALL-UNNAMED,-XX:MaxMetaspaceSize=256m,-XX:+HeapDumpOnOutOfMemoryError,-Xms256m,-Xmx512m,-Dfile.encoding=UTF-8,-Duser.country=SG,-Duser.language=en,-Duser.variant]
2021-02-09T22:05:14.676+0800 [DEBUG] [org.gradle.launcher.daemon.registry.PersistentDaemonRegistry] Storing daemon address: [14a94671-3376-462c-a41b-b17e3bf5f98a port:50472, addresses:[localhost/127.0.0.1]], context: DefaultDaemonContext[uid=235618c3-dbbe-43c3-b026-ca33670235f9,javaHome=/Users/adityabanerjee/Library/Java/JavaVirtualMachines/openjdk-15.0.2/Contents/Home,daemonRegistryDir=/Users/adityabanerjee/Downloads/ip-master/src/main/java/duke/daemon,pid=21286,idleTimeout=10800000,priority=NORMAL,daemonOpts=--add-opens,java.base/java.util=ALL-UNNAMED,--add-opens,java.base/java.lang=ALL-UNNAMED,--add-opens,java.base/java.lang.invoke=ALL-UNNAMED,--add-opens,java.prefs/java.util.prefs=ALL-UNNAMED,-XX:MaxMetaspaceSize=256m,-XX:+HeapDumpOnOutOfMemoryError,-Xms256m,-Xmx512m,-Dfile.encoding=UTF-8,-Duser.country=SG,-Duser.language=en,-Duser.variant]
2021-02-09T22:05:14.687+0800 [DEBUG] [org.gradle.cache.internal.DefaultFileLockManager] Waiting to acquire exclusive lock on daemon addresses registry.
2021-02-09T22:05:14.689+0800 [DEBUG] [org.gradle.cache.internal.DefaultFileLockManager] Lock acquired on daemon addresses registry.
2021-02-09T22:05:14.694+0800 [DEBUG] [org.gradle.cache.internal.DefaultFileLockManager] Releasing lock on daemon addresses registry.
2021-02-09T22:05:14.695+0800 [LIFECYCLE] [org.gradle.launcher.daemon.server.Daemon] Daemon server started.
2021-02-09T22:05:14.698+0800 [DEBUG] [org.gradle.launcher.daemon.bootstrap.DaemonStartupCommunication] Completed writing the daemon greeting. Closing streams...
2021-02-09T22:05:14.701+0800 [DEBUG] [org.gradle.launcher.daemon.server.Daemon] stopOnExpiration() called on daemon
2021-02-09T22:05:14.703+0800 [DEBUG] [org.gradle.launcher.daemon.server.Daemon] awaitExpiration() called on daemon
2021-02-09T22:05:14.704+0800 [DEBUG] [org.gradle.launcher.daemon.server.DaemonStateCoordinator] daemon is running. Sleeping until state changes.
2021-02-09T22:05:14.714+0800 [DEBUG] [org.gradle.internal.remote.internal.inet.TcpIncomingConnector] Accepted connection from /127.0.0.1:50473 to /127.0.0.1:50472.
2021-02-09T22:05:14.801+0800 [DEBUG] [org.gradle.launcher.daemon.server.SynchronizedDispatchConnection] thread 20: received class org.gradle.launcher.daemon.protocol.Build
2021-02-09T22:05:14.802+0800 [DEBUG] [org.gradle.launcher.daemon.server.DefaultDaemonConnection] thread 20: Received non-IO message from client: Build{id=a8064f27-c036-4f9c-a7c2-04816223356f, currentDir=/}
2021-02-09T22:05:14.802+0800 [INFO] [org.gradle.launcher.daemon.server.DefaultIncomingConnectionHandler] Received command: Build{id=a8064f27-c036-4f9c-a7c2-04816223356f, currentDir=/}.
2021-02-09T22:05:14.802+0800 [DEBUG] [org.gradle.launcher.daemon.server.DefaultIncomingConnectionHandler] Starting executing command: Build{id=a8064f27-c036-4f9c-a7c2-04816223356f, currentDir=/} with connection: socket connection from /127.0.0.1:50472 to /127.0.0.1:50473.
2021-02-09T22:05:14.804+0800 [ERROR] [org.gradle.launcher.daemon.server.DaemonStateCoordinator] Command execution: started DaemonCommandExecution[command = Build{id=a8064f27-c036-4f9c-a7c2-04816223356f, currentDir=/}, connection = DefaultDaemonConnection: socket connection from /127.0.0.1:50472 to /127.0.0.1:50473] after 0.0 minutes of idle
2021-02-09T22:05:14.804+0800 [INFO] [org.gradle.launcher.daemon.server.DaemonRegistryUpdater] Marking the daemon as busy, address: [14a94671-3376-462c-a41b-b17e3bf5f98a port:50472, addresses:[localhost/127.0.0.1]]
2021-02-09T22:05:14.805+0800 [DEBUG] [org.gradle.launcher.daemon.registry.PersistentDaemonRegistry] Marking busy by address: [14a94671-3376-462c-a41b-b17e3bf5f98a port:50472, addresses:[localhost/127.0.0.1]]
2021-02-09T22:05:14.805+0800 [DEBUG] [org.gradle.cache.internal.DefaultFileLockManager] Waiting to acquire exclusive lock on daemon addresses registry.
2021-02-09T22:05:14.806+0800 [DEBUG] [org.gradle.cache.internal.DefaultFileLockManager] Lock acquired on daemon addresses registry.
2021-02-09T22:05:14.808+0800 [DEBUG] [org.gradle.cache.internal.DefaultFileLockManager] Releasing lock on daemon addresses registry.
2021-02-09T22:05:14.810+0800 [DEBUG] [org.gradle.launcher.daemon.server.DaemonStateCoordinator] resetting idle timer
2021-02-09T22:05:14.810+0800 [DEBUG] [org.gradle.launcher.daemon.server.DaemonStateCoordinator] daemon is running. Sleeping until state changes.
2021-02-09T22:05:14.811+0800 [INFO] [org.gradle.launcher.daemon.server.exec.StartBuildOrRespondWithBusy] Daemon is about to start building Build{id=a8064f27-c036-4f9c-a7c2-04816223356f, currentDir=/}. Dispatching build started information...
2021-02-09T22:05:14.811+0800 [DEBUG] [org.gradle.launcher.daemon.server.SynchronizedDispatchConnection] thread 22: dispatching org.gradle.launcher.daemon.protocol.BuildStarted@65874896
2021-02-09T22:05:14.814+0800 [DEBUG] [org.gradle.launcher.daemon.server.exec.EstablishBuildEnvironment] Configuring env variables: [PATH, __CFBundleIdentifier, SHELL, OLDPWD, USER, COMMAND_MODE, TMPDIR, SSH_AUTH_SOCK, XPC_FLAGS, VERSIONER_PYTHON_VERSION, __CF_USER_TEXT_ENCODING, LOGNAME, LC_CTYPE, XPC_SERVICE_NAME, HOME]
2021-02-09T22:05:14.816+0800 [DEBUG] [org.gradle.launcher.daemon.server.SynchronizedDispatchConnection] thread 20: received class org.gradle.launcher.daemon.protocol.CloseInput
2021-02-09T22:05:14.816+0800 [DEBUG] [org.gradle.launcher.daemon.server.DefaultDaemonConnection] thread 20: Received IO message from client: org.gradle.launcher.daemon.protocol.CloseInput@7ba6f8f2
2021-02-09T22:05:14.822+0800 [DEBUG] [org.gradle.launcher.daemon.server.exec.LogToClient] About to start relaying all logs to the client via the connection.
2021-02-09T22:05:14.822+0800 [INFO] [org.gradle.launcher.daemon.server.exec.LogToClient] The client will now receive all logging from the daemon (pid: 21286). The daemon log file: /Users/adityabanerjee/Downloads/ip-master/src/main/java/duke/daemon/6.7/daemon-21286.out.log
2021-02-09T22:05:14.824+0800 [INFO] [org.gradle.launcher.daemon.server.exec.LogAndCheckHealth] Starting build in new daemon [memory: 536.9 MB]
2021-02-09T22:05:14.826+0800 [INFO] [org.gradle.launcher.daemon.server.exec.ForwardClientInput] Closing daemon's stdin at end of input.
2021-02-09T22:05:14.827+0800 [INFO] [org.gradle.launcher.daemon.server.exec.ForwardClientInput] The daemon will no longer process any standard input.
2021-02-09T22:05:14.829+0800 [DEBUG] [org.gradle.launcher.daemon.server.exec.ExecuteBuild] The daemon has started executing the build.
2021-02-09T22:05:14.830+0800 [DEBUG] [org.gradle.launcher.daemon.server.exec.ExecuteBuild] Executing build with daemon context: DefaultDaemonContext[uid=235618c3-dbbe-43c3-b026-ca33670235f9,javaHome=/Users/adityabanerjee/Library/Java/JavaVirtualMachines/openjdk-15.0.2/Contents/Home,daemonRegistryDir=/Users/adityabanerjee/Downloads/ip-master/src/main/java/duke/daemon,pid=21286,idleTimeout=10800000,priority=NORMAL,daemonOpts=--add-opens,java.base/java.util=ALL-UNNAMED,--add-opens,java.base/java.lang=ALL-UNNAMED,--add-opens,java.base/java.lang.invoke=ALL-UNNAMED,--add-opens,java.prefs/java.util.prefs=ALL-UNNAMED,-XX:MaxMetaspaceSize=256m,-XX:+HeapDumpOnOutOfMemoryError,-Xms256m,-Xmx512m,-Dfile.encoding=UTF-8,-Duser.country=SG,-Duser.language=en,-Duser.variant]

Deprecated Gradle features were used in this build, making it incompatible with Gradle 7.0.
Use '--warning-mode all' to show the individual deprecation warnings.
See https://docs.gradle.org/6.7/userguide/command_line_interface.html#sec:command_line_warnings

BUILD SUCCESSFUL in 27s
1 actionable task: 1 executed
2021-02-09T22:05:40.315+0800 [DEBUG] [org.gradle.launcher.daemon.server.exec.ExecuteBuild] The daemon has finished executing the build.
2021-02-09T22:05:40.329+0800 [DEBUG] [org.gradle.launcher.daemon.server.DaemonStateCoordinator] daemon is running. Sleeping until state changes.
2021-02-09T22:05:40.330+0800 [DEBUG] [org.gradle.launcher.daemon.server.DaemonStateCoordinator] Command execution: finished waiting for DaemonCommandExecution[command = Build{id=a8064f27-c036-4f9c-a7c2-04816223356f, currentDir=/}, connection = DefaultDaemonConnection: socket connection from /127.0.0.1:50472 to /127.0.0.1:50473]. Result org.gradle.launcher.daemon.server.DaemonStateCoordinator@72c9d418 with state Busy
2021-02-09T22:05:40.330+0800 [DEBUG] [org.gradle.launcher.daemon.server.DaemonStateCoordinator] Command execution: completed DaemonCommandExecution[command = Build{id=a8064f27-c036-4f9c-a7c2-04816223356f, currentDir=/}, connection = DefaultDaemonConnection: socket connection from /127.0.0.1:50472 to /127.0.0.1:50473]
2021-02-09T22:05:40.330+0800 [DEBUG] [org.gradle.launcher.daemon.server.DaemonStateCoordinator] resetting idle timer
2021-02-09T22:05:40.330+0800 [INFO] [org.gradle.launcher.daemon.server.DaemonRegistryUpdater] Marking the daemon as idle, address: [14a94671-3376-462c-a41b-b17e3bf5f98a port:50472, addresses:[localhost/127.0.0.1]]
2021-02-09T22:05:40.331+0800 [DEBUG] [org.gradle.launcher.daemon.registry.PersistentDaemonRegistry] Marking busy by address: [14a94671-3376-462c-a41b-b17e3bf5f98a port:50472, addresses:[localhost/127.0.0.1]]
2021-02-09T22:05:40.331+0800 [DEBUG] [org.gradle.cache.internal.DefaultFileLockManager] Waiting to acquire exclusive lock on daemon addresses registry.
2021-02-09T22:05:40.332+0800 [DEBUG] [org.gradle.cache.internal.DefaultFileLockManager] Lock acquired on daemon addresses registry.
2021-02-09T22:05:40.332+0800 [DEBUG] [org.gradle.cache.internal.DefaultFileLockManager] Releasing lock on daemon addresses registry.
2021-02-09T22:05:40.332+0800 [DEBUG] [org.gradle.launcher.daemon.server.DaemonStateCoordinator] daemon is running. Sleeping until state changes.
2021-02-09T22:05:40.332+0800 [DEBUG] [org.gradle.launcher.daemon.server.exec.ReturnResult] Daemon is dispatching the build result: Success[value=org.gradle.launcher.exec.BuildActionResult@3b965045]
2021-02-09T22:05:40.333+0800 [DEBUG] [org.gradle.launcher.daemon.server.SynchronizedDispatchConnection] thread 19: dispatching Success[value=org.gradle.launcher.exec.BuildActionResult@3b965045]
2021-02-09T22:05:40.333+0800 [DEBUG] [org.gradle.launcher.daemon.server.DefaultIncomingConnectionHandler] Finishing executing command: Build{id=a8064f27-c036-4f9c-a7c2-04816223356f, currentDir=/}
2021-02-09T22:05:40.337+0800 [DEBUG] [org.gradle.launcher.daemon.server.SynchronizedDispatchConnection] thread 20: received class org.gradle.launcher.daemon.protocol.Finished
2021-02-09T22:05:40.337+0800 [DEBUG] [org.gradle.launcher.daemon.server.DefaultDaemonConnection] thread 20: Received non-IO message from client: org.gradle.launcher.daemon.protocol.Finished@623a70be
2021-02-09T22:05:40.338+0800 [DEBUG] [org.gradle.launcher.daemon.server.DefaultIncomingConnectionHandler] Received finished message: org.gradle.launcher.daemon.protocol.Finished@623a70be
2021-02-09T22:05:40.338+0800 [DEBUG] [org.gradle.launcher.daemon.server.SynchronizedDispatchConnection] thread 19: stopping connection
2021-02-09T22:05:40.340+0800 [DEBUG] [org.gradle.internal.remote.internal.inet.SocketConnection] Discarding EOFException: java.io.EOFException
2021-02-09T22:05:40.340+0800 [DEBUG] [org.gradle.launcher.daemon.server.SynchronizedDispatchConnection] thread 20: received null
2021-02-09T22:05:40.340+0800 [DEBUG] [org.gradle.launcher.daemon.server.DefaultDaemonConnection] thread 20: Received end-of-input from client.
2021-02-09T22:05:40.340+0800 [DEBUG] [org.gradle.launcher.daemon.server.SynchronizedDispatchConnection] thread 19: stopping connection
2021-02-09T22:05:42.462+0800 [DEBUG] [org.gradle.internal.remote.internal.inet.TcpIncomingConnector] Accepted connection from /127.0.0.1:50492 to /127.0.0.1:50472.
2021-02-09T22:05:42.496+0800 [DEBUG] [org.gradle.launcher.daemon.server.SynchronizedDispatchConnection] thread 70: received class org.gradle.launcher.daemon.protocol.Build
2021-02-09T22:05:42.497+0800 [DEBUG] [org.gradle.launcher.daemon.server.DefaultDaemonConnection] thread 70: Received non-IO message from client: Build{id=ec103f6e-087d-4619-99eb-3e9d79bf1985, currentDir=/Users/adityabanerjee/Downloads/ip-master}
2021-02-09T22:05:42.497+0800 [INFO] [org.gradle.launcher.daemon.server.DefaultIncomingConnectionHandler] Received command: Build{id=ec103f6e-087d-4619-99eb-3e9d79bf1985, currentDir=/Users/adityabanerjee/Downloads/ip-master}.
2021-02-09T22:05:42.497+0800 [DEBUG] [org.gradle.launcher.daemon.server.DefaultIncomingConnectionHandler] Starting executing command: Build{id=ec103f6e-087d-4619-99eb-3e9d79bf1985, currentDir=/Users/adityabanerjee/Downloads/ip-master} with connection: socket connection from /127.0.0.1:50472 to /127.0.0.1:50492.
2021-02-09T22:05:42.498+0800 [ERROR] [org.gradle.launcher.daemon.server.DaemonStateCoordinator] Command execution: started DaemonCommandExecution[command = Build{id=ec103f6e-087d-4619-99eb-3e9d79bf1985, currentDir=/Users/adityabanerjee/Downloads/ip-master}, connection = DefaultDaemonConnection: socket connection from /127.0.0.1:50472 to /127.0.0.1:50492] after 0.0 minutes of idle
2021-02-09T22:05:42.499+0800 [INFO] [org.gradle.launcher.daemon.server.DaemonRegistryUpdater] Marking the daemon as busy, address: [14a94671-3376-462c-a41b-b17e3bf5f98a port:50472, addresses:[localhost/127.0.0.1]]
2021-02-09T22:05:42.499+0800 [DEBUG] [org.gradle.launcher.daemon.registry.PersistentDaemonRegistry] Marking busy by address: [14a94671-3376-462c-a41b-b17e3bf5f98a port:50472, addresses:[localhost/127.0.0.1]]
2021-02-09T22:05:42.499+0800 [DEBUG] [org.gradle.cache.internal.DefaultFileLockManager] Waiting to acquire exclusive lock on daemon addresses registry.
2021-02-09T22:05:42.500+0800 [DEBUG] [org.gradle.cache.internal.DefaultFileLockManager] Lock acquired on daemon addresses registry.
2021-02-09T22:05:42.501+0800 [DEBUG] [org.gradle.cache.internal.DefaultFileLockManager] Releasing lock on daemon addresses registry.
2021-02-09T22:05:42.502+0800 [DEBUG] [org.gradle.launcher.daemon.server.DaemonStateCoordinator] resetting idle timer
2021-02-09T22:05:42.502+0800 [DEBUG] [org.gradle.launcher.daemon.server.DaemonStateCoordinator] daemon is running. Sleeping until state changes.
2021-02-09T22:05:42.502+0800 [INFO] [org.gradle.launcher.daemon.server.exec.StartBuildOrRespondWithBusy] Daemon is about to start building Build{id=ec103f6e-087d-4619-99eb-3e9d79bf1985, currentDir=/Users/adityabanerjee/Downloads/ip-master}. Dispatching build started information...
2021-02-09T22:05:42.502+0800 [DEBUG] [org.gradle.launcher.daemon.server.SynchronizedDispatchConnection] thread 22: dispatching org.gradle.launcher.daemon.protocol.BuildStarted@5bded2bc
2021-02-09T22:05:42.503+0800 [DEBUG] [org.gradle.launcher.daemon.server.exec.EstablishBuildEnvironment] Configuring env variables: [PATH, __CFBundleIdentifier, SHELL, OLDPWD, USER, COMMAND_MODE, TMPDIR, SSH_AUTH_SOCK, XPC_FLAGS, VERSIONER_PYTHON_VERSION, __CF_USER_TEXT_ENCODING, LOGNAME, LC_CTYPE, XPC_SERVICE_NAME, HOME]
2021-02-09T22:05:42.503+0800 [DEBUG] [org.gradle.launcher.daemon.server.exec.LogToClient] About to start relaying all logs to the client via the connection.
2021-02-09T22:05:42.503+0800 [INFO] [org.gradle.launcher.daemon.server.exec.LogToClient] The client will now receive all logging from the daemon (pid: 21286). The daemon log file: /Users/adityabanerjee/Downloads/ip-master/src/main/java/duke/daemon/6.7/daemon-21286.out.log
2021-02-09T22:05:42.505+0800 [DEBUG] [org.gradle.launcher.daemon.server.SynchronizedDispatchConnection] thread 70: received class org.gradle.launcher.daemon.protocol.CloseInput
2021-02-09T22:05:42.505+0800 [DEBUG] [org.gradle.launcher.daemon.server.DefaultDaemonConnection] thread 70: Received IO message from client: org.gradle.launcher.daemon.protocol.CloseInput@4ea5170b
2021-02-09T22:05:42.508+0800 [INFO] [org.gradle.launcher.daemon.server.exec.LogAndCheckHealth] Starting 2nd build in daemon [uptime: 28.042 secs, performance: 100%, non-heap usage: 19% of 268.4 MB]
2021-02-09T22:05:42.508+0800 [DEBUG] [org.gradle.launcher.daemon.server.exec.ExecuteBuild] The daemon has started executing the build.
2021-02-09T22:05:42.508+0800 [INFO] [org.gradle.launcher.daemon.server.exec.ForwardClientInput] Closing daemon's stdin at end of input.
2021-02-09T22:05:42.508+0800 [INFO] [org.gradle.launcher.daemon.server.exec.ForwardClientInput] The daemon will no longer process any standard input.
2021-02-09T22:05:42.509+0800 [DEBUG] [org.gradle.launcher.daemon.server.exec.ExecuteBuild] Executing build with daemon context: DefaultDaemonContext[uid=235618c3-dbbe-43c3-b026-ca33670235f9,javaHome=/Users/adityabanerjee/Library/Java/JavaVirtualMachines/openjdk-15.0.2/Contents/Home,daemonRegistryDir=/Users/adityabanerjee/Downloads/ip-master/src/main/java/duke/daemon,pid=21286,idleTimeout=10800000,priority=NORMAL,daemonOpts=--add-opens,java.base/java.util=ALL-UNNAMED,--add-opens,java.base/java.lang=ALL-UNNAMED,--add-opens,java.base/java.lang.invoke=ALL-UNNAMED,--add-opens,java.prefs/java.util.prefs=ALL-UNNAMED,-XX:MaxMetaspaceSize=256m,-XX:+HeapDumpOnOutOfMemoryError,-Xms256m,-Xmx512m,-Dfile.encoding=UTF-8,-Duser.country=SG,-Duser.language=en,-Duser.variant]

Deprecated Gradle features were used in this build, making it incompatible with Gradle 7.0.
Use '--warning-mode all' to show the individual deprecation warnings.
See https://docs.gradle.org/6.7/userguide/command_line_interface.html#sec:command_line_warnings

BUILD SUCCESSFUL in 55s
2021-02-09T22:06:35.824+0800 [DEBUG] [org.gradle.launcher.daemon.server.exec.ExecuteBuild] The daemon has finished executing the build.
2021-02-09T22:06:35.840+0800 [DEBUG] [org.gradle.launcher.daemon.server.DaemonStateCoordinator] Command execution: finished waiting for DaemonCommandExecution[command = Build{id=ec103f6e-087d-4619-99eb-3e9d79bf1985, currentDir=/Users/adityabanerjee/Downloads/ip-master}, connection = DefaultDaemonConnection: socket connection from /127.0.0.1:50472 to /127.0.0.1:50492]. Result org.gradle.launcher.daemon.server.DaemonStateCoordinator@72c9d418 with state Busy
2021-02-09T22:06:35.841+0800 [DEBUG] [org.gradle.launcher.daemon.server.DaemonStateCoordinator] Command execution: completed DaemonCommandExecution[command = Build{id=ec103f6e-087d-4619-99eb-3e9d79bf1985, currentDir=/Users/adityabanerjee/Downloads/ip-master}, connection = DefaultDaemonConnection: socket connection from /127.0.0.1:50472 to /127.0.0.1:50492]
2021-02-09T22:06:35.842+0800 [DEBUG] [org.gradle.launcher.daemon.server.DaemonStateCoordinator] resetting idle timer
2021-02-09T22:06:35.842+0800 [INFO] [org.gradle.launcher.daemon.server.DaemonRegistryUpdater] Marking the daemon as idle, address: [14a94671-3376-462c-a41b-b17e3bf5f98a port:50472, addresses:[localhost/127.0.0.1]]
2021-02-09T22:06:35.842+0800 [DEBUG] [org.gradle.launcher.daemon.registry.PersistentDaemonRegistry] Marking busy by address: [14a94671-3376-462c-a41b-b17e3bf5f98a port:50472, addresses:[localhost/127.0.0.1]]
2021-02-09T22:06:35.843+0800 [DEBUG] [org.gradle.cache.internal.DefaultFileLockManager] Waiting to acquire exclusive lock on daemon addresses registry.
2021-02-09T22:06:35.844+0800 [DEBUG] [org.gradle.cache.internal.DefaultFileLockManager] Lock acquired on daemon addresses registry.
2021-02-09T22:06:35.846+0800 [DEBUG] [org.gradle.cache.internal.DefaultFileLockManager] Releasing lock on daemon addresses registry.
2021-02-09T22:06:35.846+0800 [DEBUG] [org.gradle.launcher.daemon.server.exec.ReturnResult] Daemon is dispatching the build result: Success[value=org.gradle.launcher.exec.BuildActionResult@1c8d9aad]
2021-02-09T22:06:35.846+0800 [DEBUG] [org.gradle.launcher.daemon.server.DaemonStateCoordinator] daemon is running. Sleeping until state changes.
2021-02-09T22:06:35.846+0800 [DEBUG] [org.gradle.launcher.daemon.server.SynchronizedDispatchConnection] thread 19: dispatching Success[value=org.gradle.launcher.exec.BuildActionResult@1c8d9aad]
2021-02-09T22:06:35.847+0800 [DEBUG] [org.gradle.launcher.daemon.server.DefaultIncomingConnectionHandler] Finishing executing command: Build{id=ec103f6e-087d-4619-99eb-3e9d79bf1985, currentDir=/Users/adityabanerjee/Downloads/ip-master}
2021-02-09T22:06:35.905+0800 [DEBUG] [org.gradle.launcher.daemon.server.SynchronizedDispatchConnection] thread 70: received class org.gradle.launcher.daemon.protocol.Finished
2021-02-09T22:06:35.906+0800 [DEBUG] [org.gradle.launcher.daemon.server.DefaultDaemonConnection] thread 70: Received non-IO message from client: org.gradle.launcher.daemon.protocol.Finished@61493ae6
2021-02-09T22:06:35.906+0800 [DEBUG] [org.gradle.launcher.daemon.server.DefaultIncomingConnectionHandler] Received finished message: org.gradle.launcher.daemon.protocol.Finished@61493ae6
2021-02-09T22:06:35.906+0800 [DEBUG] [org.gradle.launcher.daemon.server.SynchronizedDispatchConnection] thread 19: stopping connection
2021-02-09T22:06:35.907+0800 [DEBUG] [org.gradle.internal.remote.internal.inet.SocketConnection] Discarding EOFException: java.io.EOFException
2021-02-09T22:06:35.907+0800 [DEBUG] [org.gradle.launcher.daemon.server.SynchronizedDispatchConnection] thread 70: received null
2021-02-09T22:06:35.907+0800 [DEBUG] [org.gradle.launcher.daemon.server.DefaultDaemonConnection] thread 70: Received end-of-input from client.
2021-02-09T22:06:35.908+0800 [DEBUG] [org.gradle.launcher.daemon.server.SynchronizedDispatchConnection] thread 19: stopping connection
2021-02-09T22:06:44.706+0800 [DEBUG] [org.gradle.cache.internal.DefaultFileLockManager] Waiting to acquire shared lock on daemon addresses registry.
2021-02-09T22:06:44.706+0800 [DEBUG] [org.gradle.cache.internal.DefaultFileLockManager] Lock acquired on daemon addresses registry.
2021-02-09T22:06:44.706+0800 [DEBUG] [org.gradle.cache.internal.DefaultFileLockManager] Releasing lock on daemon addresses registry.
2021-02-09T22:06:44.707+0800 [DEBUG] [org.gradle.cache.internal.DefaultFileLockManager] Waiting to acquire shared lock on daemon addresses registry.
2021-02-09T22:06:44.707+0800 [DEBUG] [org.gradle.cache.internal.DefaultFileLockManager] Lock acquired on daemon addresses registry.
2021-02-09T22:06:44.707+0800 [DEBUG] [org.gradle.cache.internal.DefaultFileLockManager] Releasing lock on daemon addresses registry.
2021-02-09T22:06:54.706+0800 [DEBUG] [org.gradle.cache.internal.DefaultFileLockManager] Waiting to acquire shared lock on daemon addresses registry.
2021-02-09T22:06:54.707+0800 [DEBUG] [org.gradle.cache.internal.DefaultFileLockManager] Lock acquired on daemon addresses registry.
2021-02-09T22:06:54.707+0800 [DEBUG] [org.gradle.cache.internal.DefaultFileLockManager] Releasing lock on daemon addresses registry.
2021-02-09T22:06:54.707+0800 [DEBUG] [org.gradle.cache.internal.DefaultFileLockManager] Waiting to acquire shared lock on daemon addresses registry.
2021-02-09T22:06:54.708+0800 [DEBUG] [org.gradle.cache.internal.DefaultFileLockManager] Lock acquired on daemon addresses registry.
2021-02-09T22:06:54.708+0800 [DEBUG] [org.gradle.cache.internal.DefaultFileLockManager] Releasing lock on daemon addresses registry.
2021-02-09T22:06:54.708+0800 [DEBUG] [org.gradle.cache.internal.DefaultFileLockManager] Waiting to acquire shared lock on daemon addresses registry.
2021-02-09T22:06:54.708+0800 [DEBUG] [org.gradle.cache.internal.DefaultFileLockManager] Lock acquired on daemon addresses registry.
2021-02-09T22:06:54.708+0800 [DEBUG] [org.gradle.cache.internal.DefaultFileLockManager] Releasing lock on daemon addresses registry.
2021-02-09T22:07:04.708+0800 [DEBUG] [org.gradle.cache.internal.DefaultFileLockManager] Waiting to acquire shared lock on daemon addresses registry.
2021-02-09T22:07:04.709+0800 [DEBUG] [org.gradle.cache.internal.DefaultFileLockManager] Lock acquired on daemon addresses registry.
2021-02-09T22:07:04.709+0800 [DEBUG] [org.gradle.cache.internal.DefaultFileLockManager] Releasing lock on daemon addresses registry.
2021-02-09T22:07:04.710+0800 [DEBUG] [org.gradle.cache.internal.DefaultFileLockManager] Waiting to acquire shared lock on daemon addresses registry.
2021-02-09T22:07:04.710+0800 [DEBUG] [org.gradle.cache.internal.DefaultFileLockManager] Lock acquired on daemon addresses registry.
2021-02-09T22:07:04.711+0800 [DEBUG] [org.gradle.cache.internal.DefaultFileLockManager] Releasing lock on daemon addresses registry.
2021-02-09T22:07:04.711+0800 [DEBUG] [org.gradle.cache.internal.DefaultFileLockManager] Waiting to acquire shared lock on daemon addresses registry.
2021-02-09T22:07:04.711+0800 [DEBUG] [org.gradle.cache.internal.DefaultFileLockManager] Lock acquired on daemon addresses registry.
2021-02-09T22:07:04.711+0800 [DEBUG] [org.gradle.cache.internal.DefaultFileLockManager] Releasing lock on daemon addresses registry.
2021-02-09T22:07:14.707+0800 [DEBUG] [org.gradle.cache.internal.DefaultFileLockManager] Waiting to acquire shared lock on daemon addresses registry.
2021-02-09T22:07:14.707+0800 [DEBUG] [org.gradle.cache.internal.DefaultFileLockManager] Lock acquired on daemon addresses registry.
2021-02-09T22:07:14.708+0800 [DEBUG] [org.gradle.cache.internal.DefaultFileLockManager] Releasing lock on daemon addresses registry.
2021-02-09T22:07:14.708+0800 [DEBUG] [org.gradle.cache.internal.DefaultFileLockManager] Waiting to acquire shared lock on daemon addresses registry.
2021-02-09T22:07:14.708+0800 [DEBUG] [org.gradle.cache.internal.DefaultFileLockManager] Lock acquired on daemon addresses registry.
2021-02-09T22:07:14.708+0800 [DEBUG] [org.gradle.cache.internal.DefaultFileLockManager] Releasing lock on daemon addresses registry.
2021-02-09T22:07:14.709+0800 [DEBUG] [org.gradle.cache.internal.DefaultFileLockManager] Waiting to acquire shared lock on daemon addresses registry.
2021-02-09T22:07:14.709+0800 [DEBUG] [org.gradle.cache.internal.DefaultFileLockManager] Lock acquired on daemon addresses registry.
2021-02-09T22:07:14.709+0800 [DEBUG] [org.gradle.cache.internal.DefaultFileLockManager] Releasing lock on daemon addresses registry.
2021-02-09T22:07:24.707+0800 [DEBUG] [org.gradle.cache.internal.DefaultFileLockManager] Waiting to acquire shared lock on daemon addresses registry.
2021-02-09T22:07:24.708+0800 [DEBUG] [org.gradle.cache.internal.DefaultFileLockManager] Lock acquired on daemon addresses registry.
2021-02-09T22:07:24.709+0800 [DEBUG] [org.gradle.cache.internal.DefaultFileLockManager] Releasing lock on daemon addresses registry.
2021-02-09T22:07:24.710+0800 [DEBUG] [org.gradle.cache.internal.DefaultFileLockManager] Waiting to acquire shared lock on daemon addresses registry.
2021-02-09T22:07:24.711+0800 [DEBUG] [org.gradle.cache.internal.DefaultFileLockManager] Lock acquired on daemon addresses registry.
2021-02-09T22:07:24.711+0800 [DEBUG] [org.gradle.cache.internal.DefaultFileLockManager] Releasing lock on daemon addresses registry.
2021-02-09T22:07:24.712+0800 [DEBUG] [org.gradle.cache.internal.DefaultFileLockManager] Waiting to acquire shared lock on daemon addresses registry.
2021-02-09T22:07:24.713+0800 [DEBUG] [org.gradle.cache.internal.DefaultFileLockManager] Lock acquired on daemon addresses registry.
2021-02-09T22:07:24.714+0800 [DEBUG] [org.gradle.cache.internal.DefaultFileLockManager] Releasing lock on daemon addresses registry.
2021-02-09T22:07:34.704+0800 [DEBUG] [org.gradle.cache.internal.DefaultFileLockManager] Waiting to acquire shared lock on daemon addresses registry.
2021-02-09T22:07:34.705+0800 [DEBUG] [org.gradle.cache.internal.DefaultFileLockManager] Lock acquired on daemon addresses registry.
2021-02-09T22:07:34.706+0800 [DEBUG] [org.gradle.cache.internal.DefaultFileLockManager] Releasing lock on daemon addresses registry.
2021-02-09T22:07:34.708+0800 [DEBUG] [org.gradle.cache.internal.DefaultFileLockManager] Waiting to acquire shared lock on daemon addresses registry.
2021-02-09T22:07:34.708+0800 [DEBUG] [org.gradle.cache.internal.DefaultFileLockManager] Lock acquired on daemon addresses registry.
2021-02-09T22:07:34.709+0800 [DEBUG] [org.gradle.cache.internal.DefaultFileLockManager] Releasing lock on daemon addresses registry.
2021-02-09T22:07:34.711+0800 [DEBUG] [org.gradle.cache.internal.DefaultFileLockManager] Waiting to acquire shared lock on daemon addresses registry.
2021-02-09T22:07:34.712+0800 [DEBUG] [org.gradle.cache.internal.DefaultFileLockManager] Lock acquired on daemon addresses registry.
2021-02-09T22:07:34.713+0800 [DEBUG] [org.gradle.cache.internal.DefaultFileLockManager] Releasing lock on daemon addresses registry.
2021-02-09T22:07:44.710+0800 [DEBUG] [org.gradle.cache.internal.DefaultFileLockManager] Waiting to acquire shared lock on daemon addresses registry.
2021-02-09T22:07:44.711+0800 [DEBUG] [org.gradle.cache.internal.DefaultFileLockManager] Lock acquired on daemon addresses registry.
2021-02-09T22:07:44.712+0800 [DEBUG] [org.gradle.cache.internal.DefaultFileLockManager] Releasing lock on daemon addresses registry.
2021-02-09T22:07:44.713+0800 [DEBUG] [org.gradle.cache.internal.DefaultFileLockManager] Waiting to acquire shared lock on daemon addresses registry.
2021-02-09T22:07:44.714+0800 [DEBUG] [org.gradle.cache.internal.DefaultFileLockManager] Lock acquired on daemon addresses registry.
2021-02-09T22:07:44.715+0800 [DEBUG] [org.gradle.cache.internal.DefaultFileLockManager] Releasing lock on daemon addresses registry.
2021-02-09T22:07:44.716+0800 [DEBUG] [org.gradle.cache.internal.DefaultFileLockManager] Waiting to acquire shared lock on daemon addresses registry.
2021-02-09T22:07:44.719+0800 [DEBUG] [org.gradle.cache.internal.DefaultFileLockManager] Lock acquired on daemon addresses registry.
2021-02-09T22:07:44.721+0800 [DEBUG] [org.gradle.cache.internal.DefaultFileLockManager] Releasing lock on daemon addresses registry.
2021-02-09T22:07:54.716+0800 [DEBUG] [org.gradle.cache.internal.DefaultFileLockManager] Waiting to acquire shared lock on daemon addresses registry.
2021-02-09T22:07:54.720+0800 [DEBUG] [org.gradle.cache.internal.DefaultFileLockManager] Lock acquired on daemon addresses registry.
2021-02-09T22:07:54.721+0800 [DEBUG] [org.gradle.cache.internal.DefaultFileLockManager] Releasing lock on daemon addresses registry.
2021-02-09T22:07:54.722+0800 [DEBUG] [org.gradle.cache.internal.DefaultFileLockManager] Waiting to acquire shared lock on daemon addresses registry.
2021-02-09T22:07:54.723+0800 [DEBUG] [org.gradle.cache.internal.DefaultFileLockManager] Lock acquired on daemon addresses registry.
2021-02-09T22:07:54.723+0800 [DEBUG] [org.gradle.cache.internal.DefaultFileLockManager] Releasing lock on daemon addresses registry.
2021-02-09T22:07:54.724+0800 [DEBUG] [org.gradle.cache.internal.DefaultFileLockManager] Waiting to acquire shared lock on daemon addresses registry.
2021-02-09T22:07:54.724+0800 [DEBUG] [org.gradle.cache.internal.DefaultFileLockManager] Lock acquired on daemon addresses registry.
2021-02-09T22:07:54.724+0800 [DEBUG] [org.gradle.cache.internal.DefaultFileLockManager] Releasing lock on daemon addresses registry.
2021-02-09T22:08:04.704+0800 [DEBUG] [org.gradle.cache.internal.DefaultFileLockManager] Waiting to acquire shared lock on daemon addresses registry.
2021-02-09T22:08:04.704+0800 [DEBUG] [org.gradle.cache.internal.DefaultFileLockManager] Lock acquired on daemon addresses registry.
2021-02-09T22:08:04.705+0800 [DEBUG] [org.gradle.cache.internal.DefaultFileLockManager] Releasing lock on daemon addresses registry.
2021-02-09T22:08:04.706+0800 [DEBUG] [org.gradle.cache.internal.DefaultFileLockManager] Waiting to acquire shared lock on daemon addresses registry.
2021-02-09T22:08:04.706+0800 [DEBUG] [org.gradle.cache.internal.DefaultFileLockManager] Lock acquired on daemon addresses registry.
2021-02-09T22:08:04.706+0800 [DEBUG] [org.gradle.cache.internal.DefaultFileLockManager] Releasing lock on daemon addresses registry.
2021-02-09T22:08:04.707+0800 [DEBUG] [org.gradle.cache.internal.DefaultFileLockManager] Waiting to acquire shared lock on daemon addresses registry.
2021-02-09T22:08:04.707+0800 [DEBUG] [org.gradle.cache.internal.DefaultFileLockManager] Lock acquired on daemon addresses registry.
2021-02-09T22:08:04.707+0800 [DEBUG] [org.gradle.cache.internal.DefaultFileLockManager] Releasing lock on daemon addresses registry.
2021-02-09T22:08:14.704+0800 [DEBUG] [org.gradle.cache.internal.DefaultFileLockManager] Waiting to acquire shared lock on daemon addresses registry.
2021-02-09T22:08:14.704+0800 [DEBUG] [org.gradle.cache.internal.DefaultFileLockManager] Lock acquired on daemon addresses registry.
2021-02-09T22:08:14.704+0800 [DEBUG] [org.gradle.cache.internal.DefaultFileLockManager] Releasing lock on daemon addresses registry.
2021-02-09T22:08:14.705+0800 [DEBUG] [org.gradle.cache.internal.DefaultFileLockManager] Waiting to acquire shared lock on daemon addresses registry.
2021-02-09T22:08:14.705+0800 [DEBUG] [org.gradle.cache.internal.DefaultFileLockManager] Lock acquired on daemon addresses registry.
2021-02-09T22:08:14.705+0800 [DEBUG] [org.gradle.cache.internal.DefaultFileLockManager] Releasing lock on daemon addresses registry.
2021-02-09T22:08:14.706+0800 [DEBUG] [org.gradle.cache.internal.DefaultFileLockManager] Waiting to acquire shared lock on daemon addresses registry.
2021-02-09T22:08:14.706+0800 [DEBUG] [org.gradle.cache.internal.DefaultFileLockManager] Lock acquired on daemon addresses registry.
2021-02-09T22:08:14.706+0800 [DEBUG] [org.gradle.cache.internal.DefaultFileLockManager] Releasing lock on daemon addresses registry.
2021-02-09T22:08:24.706+0800 [DEBUG] [org.gradle.cache.internal.DefaultFileLockManager] Waiting to acquire shared lock on daemon addresses registry.
2021-02-09T22:08:24.707+0800 [DEBUG] [org.gradle.cache.internal.DefaultFileLockManager] Lock acquired on daemon addresses registry.
2021-02-09T22:08:24.708+0800 [DEBUG] [org.gradle.cache.internal.DefaultFileLockManager] Releasing lock on daemon addresses registry.
2021-02-09T22:08:24.709+0800 [DEBUG] [org.gradle.cache.internal.DefaultFileLockManager] Waiting to acquire shared lock on daemon addresses registry.
2021-02-09T22:08:24.709+0800 [DEBUG] [org.gradle.cache.internal.DefaultFileLockManager] Lock acquired on daemon addresses registry.
2021-02-09T22:08:24.710+0800 [DEBUG] [org.gradle.cache.internal.DefaultFileLockManager] Releasing lock on daemon addresses registry.
2021-02-09T22:08:24.710+0800 [DEBUG] [org.gradle.cache.internal.DefaultFileLockManager] Waiting to acquire shared lock on daemon addresses registry.
2021-02-09T22:08:24.711+0800 [DEBUG] [org.gradle.cache.internal.DefaultFileLockManager] Lock acquired on daemon addresses registry.
2021-02-09T22:08:24.712+0800 [DEBUG] [org.gradle.cache.internal.DefaultFileLockManager] Releasing lock on daemon addresses registry.
2021-02-09T22:08:34.704+0800 [DEBUG] [org.gradle.cache.internal.DefaultFileLockManager] Waiting to acquire shared lock on daemon addresses registry.
2021-02-09T22:08:34.707+0800 [DEBUG] [org.gradle.cache.internal.DefaultFileLockManager] Lock acquired on daemon addresses registry.
2021-02-09T22:08:34.708+0800 [DEBUG] [org.gradle.cache.internal.DefaultFileLockManager] Releasing lock on daemon addresses registry.
2021-02-09T22:08:34.709+0800 [DEBUG] [org.gradle.cache.internal.DefaultFileLockManager] Waiting to acquire shared lock on daemon addresses registry.
2021-02-09T22:08:34.709+0800 [DEBUG] [org.gradle.cache.internal.DefaultFileLockManager] Lock acquired on daemon addresses registry.
2021-02-09T22:08:34.709+0800 [DEBUG] [org.gradle.cache.internal.DefaultFileLockManager] Releasing lock on daemon addresses registry.
2021-02-09T22:08:34.710+0800 [DEBUG] [org.gradle.cache.internal.DefaultFileLockManager] Waiting to acquire shared lock on daemon addresses registry.
2021-02-09T22:08:34.711+0800 [DEBUG] [org.gradle.cache.internal.DefaultFileLockManager] Lock acquired on daemon addresses registry.
2021-02-09T22:08:34.711+0800 [DEBUG] [org.gradle.cache.internal.DefaultFileLockManager] Releasing lock on daemon addresses registry.
2021-02-09T22:08:44.705+0800 [DEBUG] [org.gradle.cache.internal.DefaultFileLockManager] Waiting to acquire shared lock on daemon addresses registry.
2021-02-09T22:08:44.708+0800 [DEBUG] [org.gradle.cache.internal.DefaultFileLockManager] Lock acquired on daemon addresses registry.
2021-02-09T22:08:44.710+0800 [DEBUG] [org.gradle.cache.internal.DefaultFileLockManager] Releasing lock on daemon addresses registry.
2021-02-09T22:08:44.714+0800 [DEBUG] [org.gradle.cache.internal.DefaultFileLockManager] Waiting to acquire shared lock on daemon addresses registry.
2021-02-09T22:08:44.716+0800 [DEBUG] [org.gradle.cache.internal.DefaultFileLockManager] Lock acquired on daemon addresses registry.
2021-02-09T22:08:44.716+0800 [DEBUG] [org.gradle.cache.internal.DefaultFileLockManager] Releasing lock on daemon addresses registry.
2021-02-09T22:08:44.717+0800 [DEBUG] [org.gradle.cache.internal.DefaultFileLockManager] Waiting to acquire shared lock on daemon addresses registry.
2021-02-09T22:08:44.718+0800 [DEBUG] [org.gradle.cache.internal.DefaultFileLockManager] Lock acquired on daemon addresses registry.
2021-02-09T22:08:44.720+0800 [DEBUG] [org.gradle.cache.internal.DefaultFileLockManager] Releasing lock on daemon addresses registry.
2021-02-09T22:08:50.133+0800 [DEBUG] [org.gradle.internal.remote.internal.inet.TcpIncomingConnector] Accepted connection from /127.0.0.1:50524 to /127.0.0.1:50472.
2021-02-09T22:08:50.168+0800 [DEBUG] [org.gradle.launcher.daemon.server.SynchronizedDispatchConnection] thread 100: received class org.gradle.launcher.daemon.protocol.Build
2021-02-09T22:08:50.168+0800 [DEBUG] [org.gradle.launcher.daemon.server.DefaultDaemonConnection] thread 100: Received non-IO message from client: Build{id=9761a3f3-664f-463f-9263-6f3c625fc4ca, currentDir=/Users/adityabanerjee/Downloads/ip-master}
2021-02-09T22:08:50.168+0800 [INFO] [org.gradle.launcher.daemon.server.DefaultIncomingConnectionHandler] Received command: Build{id=9761a3f3-664f-463f-9263-6f3c625fc4ca, currentDir=/Users/adityabanerjee/Downloads/ip-master}.
2021-02-09T22:08:50.168+0800 [DEBUG] [org.gradle.launcher.daemon.server.DefaultIncomingConnectionHandler] Starting executing command: Build{id=9761a3f3-664f-463f-9263-6f3c625fc4ca, currentDir=/Users/adityabanerjee/Downloads/ip-master} with connection: socket connection from /127.0.0.1:50472 to /127.0.0.1:50524.
2021-02-09T22:08:50.170+0800 [ERROR] [org.gradle.launcher.daemon.server.DaemonStateCoordinator] Command execution: started DaemonCommandExecution[command = Build{id=9761a3f3-664f-463f-9263-6f3c625fc4ca, currentDir=/Users/adityabanerjee/Downloads/ip-master}, connection = DefaultDaemonConnection: socket connection from /127.0.0.1:50472 to /127.0.0.1:50524] after 2.0 minutes of idle
2021-02-09T22:08:50.171+0800 [INFO] [org.gradle.launcher.daemon.server.DaemonRegistryUpdater] Marking the daemon as busy, address: [14a94671-3376-462c-a41b-b17e3bf5f98a port:50472, addresses:[localhost/127.0.0.1]]
2021-02-09T22:08:50.172+0800 [DEBUG] [org.gradle.launcher.daemon.registry.PersistentDaemonRegistry] Marking busy by address: [14a94671-3376-462c-a41b-b17e3bf5f98a port:50472, addresses:[localhost/127.0.0.1]]
2021-02-09T22:08:50.172+0800 [DEBUG] [org.gradle.cache.internal.DefaultFileLockManager] Waiting to acquire exclusive lock on daemon addresses registry.
2021-02-09T22:08:50.173+0800 [DEBUG] [org.gradle.cache.internal.DefaultFileLockManager] Lock acquired on daemon addresses registry.
2021-02-09T22:08:50.175+0800 [DEBUG] [org.gradle.cache.internal.DefaultFileLockManager] Releasing lock on daemon addresses registry.
2021-02-09T22:08:50.175+0800 [DEBUG] [org.gradle.launcher.daemon.server.DaemonStateCoordinator] resetting idle timer
2021-02-09T22:08:50.175+0800 [INFO] [org.gradle.launcher.daemon.server.exec.StartBuildOrRespondWithBusy] Daemon is about to start building Build{id=9761a3f3-664f-463f-9263-6f3c625fc4ca, currentDir=/Users/adityabanerjee/Downloads/ip-master}. Dispatching build started information...
2021-02-09T22:08:50.175+0800 [DEBUG] [org.gradle.launcher.daemon.server.DaemonStateCoordinator] daemon is running. Sleeping until state changes.
2021-02-09T22:08:50.176+0800 [DEBUG] [org.gradle.launcher.daemon.server.SynchronizedDispatchConnection] thread 102: dispatching org.gradle.launcher.daemon.protocol.BuildStarted@1aee34be
2021-02-09T22:08:50.177+0800 [DEBUG] [org.gradle.launcher.daemon.server.exec.EstablishBuildEnvironment] Configuring env variables: [PATH, __CFBundleIdentifier, SHELL, OLDPWD, USER, COMMAND_MODE, TMPDIR, SSH_AUTH_SOCK, XPC_FLAGS, VERSIONER_PYTHON_VERSION, __CF_USER_TEXT_ENCODING, LOGNAME, LC_CTYPE, XPC_SERVICE_NAME, HOME]
2021-02-09T22:08:50.179+0800 [DEBUG] [org.gradle.launcher.daemon.server.exec.LogToClient] About to start relaying all logs to the client via the connection.
2021-02-09T22:08:50.180+0800 [INFO] [org.gradle.launcher.daemon.server.exec.LogToClient] The client will now receive all logging from the daemon (pid: 21286). The daemon log file: /Users/adityabanerjee/Downloads/ip-master/src/main/java/duke/daemon/6.7/daemon-21286.out.log
2021-02-09T22:08:50.182+0800 [INFO] [org.gradle.launcher.daemon.server.exec.LogAndCheckHealth] Starting 3rd build in daemon [uptime: 3 mins 35.724 secs, performance: 100%, non-heap usage: 26% of 268.4 MB]
2021-02-09T22:08:50.183+0800 [DEBUG] [org.gradle.launcher.daemon.server.exec.ExecuteBuild] The daemon has started executing the build.
2021-02-09T22:08:50.183+0800 [DEBUG] [org.gradle.launcher.daemon.server.exec.ExecuteBuild] Executing build with daemon context: DefaultDaemonContext[uid=235618c3-dbbe-43c3-b026-ca33670235f9,javaHome=/Users/adityabanerjee/Library/Java/JavaVirtualMachines/openjdk-15.0.2/Contents/Home,daemonRegistryDir=/Users/adityabanerjee/Downloads/ip-master/src/main/java/duke/daemon,pid=21286,idleTimeout=10800000,priority=NORMAL,daemonOpts=--add-opens,java.base/java.util=ALL-UNNAMED,--add-opens,java.base/java.lang=ALL-UNNAMED,--add-opens,java.base/java.lang.invoke=ALL-UNNAMED,--add-opens,java.prefs/java.util.prefs=ALL-UNNAMED,-XX:MaxMetaspaceSize=256m,-XX:+HeapDumpOnOutOfMemoryError,-Xms256m,-Xmx512m,-Dfile.encoding=UTF-8,-Duser.country=SG,-Duser.language=en,-Duser.variant]
Error: Could not find or load main class duke.Launcher
Caused by: java.lang.ClassNotFoundException: duke.Launcher

FAILURE: Build failed with an exception.

* What went wrong:
Execution failed for task ':run'.
> Process 'command '/Users/adityabanerjee/Library/Java/JavaVirtualMachines/openjdk-15.0.2/Contents/Home/bin/java'' finished with non-zero exit value 1

* Try:
Run with --stacktrace option to get the stack trace. Run with --info or --debug option to get more log output. Run with --scan to get full insights.

* Get more help at https://help.gradle.org

Deprecated Gradle features were used in this build, making it incompatible with Gradle 7.0.
Use '--warning-mode all' to show the individual deprecation warnings.
See https://docs.gradle.org/6.7/userguide/command_line_interface.html#sec:command_line_warnings

BUILD FAILED in 7s
2 actionable tasks: 2 executed
2021-02-09T22:08:57.362+0800 [DEBUG] [org.gradle.launcher.daemon.server.exec.ExecuteBuild] The daemon has finished executing the build.
2021-02-09T22:08:57.381+0800 [DEBUG] [org.gradle.launcher.daemon.server.DaemonStateCoordinator] Command execution: finished waiting for DaemonCommandExecution[command = Build{id=9761a3f3-664f-463f-9263-6f3c625fc4ca, currentDir=/Users/adityabanerjee/Downloads/ip-master}, connection = DefaultDaemonConnection: socket connection from /127.0.0.1:50472 to /127.0.0.1:50524]. Result org.gradle.launcher.daemon.server.DaemonStateCoordinator@72c9d418 with state Busy
2021-02-09T22:08:57.382+0800 [DEBUG] [org.gradle.launcher.daemon.server.DaemonStateCoordinator] Command execution: completed DaemonCommandExecution[command = Build{id=9761a3f3-664f-463f-9263-6f3c625fc4ca, currentDir=/Users/adityabanerjee/Downloads/ip-master}, connection = DefaultDaemonConnection: socket connection from /127.0.0.1:50472 to /127.0.0.1:50524]
2021-02-09T22:08:57.382+0800 [DEBUG] [org.gradle.launcher.daemon.server.DaemonStateCoordinator] resetting idle timer
2021-02-09T22:08:57.382+0800 [INFO] [org.gradle.launcher.daemon.server.DaemonRegistryUpdater] Marking the daemon as idle, address: [14a94671-3376-462c-a41b-b17e3bf5f98a port:50472, addresses:[localhost/127.0.0.1]]
2021-02-09T22:08:57.382+0800 [DEBUG] [org.gradle.launcher.daemon.registry.PersistentDaemonRegistry] Marking busy by address: [14a94671-3376-462c-a41b-b17e3bf5f98a port:50472, addresses:[localhost/127.0.0.1]]
2021-02-09T22:08:57.384+0800 [DEBUG] [org.gradle.cache.internal.DefaultFileLockManager] Waiting to acquire exclusive lock on daemon addresses registry.
2021-02-09T22:08:57.386+0800 [DEBUG] [org.gradle.cache.internal.DefaultFileLockManager] Lock acquired on daemon addresses registry.
2021-02-09T22:08:57.388+0800 [DEBUG] [org.gradle.cache.internal.DefaultFileLockManager] Releasing lock on daemon addresses registry.
2021-02-09T22:08:57.388+0800 [DEBUG] [org.gradle.launcher.daemon.server.DaemonStateCoordinator] daemon is running. Sleeping until state changes.
2021-02-09T22:08:57.388+0800 [DEBUG] [org.gradle.launcher.daemon.server.exec.ReturnResult] Daemon is dispatching the build result: Success[value=org.gradle.launcher.exec.BuildActionResult@38fc930e]
2021-02-09T22:08:57.388+0800 [DEBUG] [org.gradle.launcher.daemon.server.SynchronizedDispatchConnection] thread 99: dispatching Success[value=org.gradle.launcher.exec.BuildActionResult@38fc930e]
2021-02-09T22:08:57.392+0800 [DEBUG] [org.gradle.launcher.daemon.server.DefaultIncomingConnectionHandler] Finishing executing command: Build{id=9761a3f3-664f-463f-9263-6f3c625fc4ca, currentDir=/Users/adityabanerjee/Downloads/ip-master}
2021-02-09T22:08:57.428+0800 [DEBUG] [org.gradle.launcher.daemon.server.SynchronizedDispatchConnection] thread 100: received class org.gradle.launcher.daemon.protocol.CloseInput
2021-02-09T22:08:57.429+0800 [DEBUG] [org.gradle.launcher.daemon.server.DefaultDaemonConnection] thread 100: Received IO message from client: org.gradle.launcher.daemon.protocol.CloseInput@6c31408c
2021-02-09T22:08:57.430+0800 [DEBUG] [org.gradle.launcher.daemon.server.SynchronizedDispatchConnection] thread 100: received class org.gradle.launcher.daemon.protocol.Finished
2021-02-09T22:08:57.430+0800 [DEBUG] [org.gradle.launcher.daemon.server.DefaultDaemonConnection] thread 100: Received non-IO message from client: org.gradle.launcher.daemon.protocol.Finished@2933c36e
2021-02-09T22:08:57.430+0800 [DEBUG] [org.gradle.launcher.daemon.server.DefaultIncomingConnectionHandler] Received finished message: org.gradle.launcher.daemon.protocol.Finished@2933c36e
2021-02-09T22:08:57.430+0800 [DEBUG] [org.gradle.launcher.daemon.server.SynchronizedDispatchConnection] thread 99: stopping connection
2021-02-09T22:08:57.431+0800 [DEBUG] [org.gradle.internal.remote.internal.inet.SocketConnection] Discarding EOFException: java.io.EOFException
2021-02-09T22:08:57.431+0800 [DEBUG] [org.gradle.launcher.daemon.server.SynchronizedDispatchConnection] thread 100: received null
2021-02-09T22:08:57.432+0800 [DEBUG] [org.gradle.launcher.daemon.server.DefaultDaemonConnection] thread 100: Received end-of-input from client.
2021-02-09T22:08:57.433+0800 [DEBUG] [org.gradle.launcher.daemon.server.SynchronizedDispatchConnection] thread 99: stopping connection
2021-02-09T22:09:04.706+0800 [DEBUG] [org.gradle.cache.internal.DefaultFileLockManager] Waiting to acquire shared lock on daemon addresses registry.
2021-02-09T22:09:04.710+0800 [DEBUG] [org.gradle.cache.internal.DefaultFileLockManager] Lock acquired on daemon addresses registry.
2021-02-09T22:09:04.711+0800 [DEBUG] [org.gradle.cache.internal.DefaultFileLockManager] Releasing lock on daemon addresses registry.
2021-02-09T22:09:04.713+0800 [DEBUG] [org.gradle.cache.internal.DefaultFileLockManager] Waiting to acquire shared lock on daemon addresses registry.
2021-02-09T22:09:04.714+0800 [DEBUG] [org.gradle.cache.internal.DefaultFileLockManager] Lock acquired on daemon addresses registry.
2021-02-09T22:09:04.714+0800 [DEBUG] [org.gradle.cache.internal.DefaultFileLockManager] Releasing lock on daemon addresses registry.
2021-02-09T22:09:14.702+0800 [DEBUG] [org.gradle.cache.internal.DefaultFileLockManager] Waiting to acquire shared lock on daemon addresses registry.
2021-02-09T22:09:14.702+0800 [DEBUG] [org.gradle.cache.internal.DefaultFileLockManager] Lock acquired on daemon addresses registry.
2021-02-09T22:09:14.703+0800 [DEBUG] [org.gradle.cache.internal.DefaultFileLockManager] Releasing lock on daemon addresses registry.
2021-02-09T22:09:14.704+0800 [DEBUG] [org.gradle.cache.internal.DefaultFileLockManager] Waiting to acquire shared lock on daemon addresses registry.
2021-02-09T22:09:14.704+0800 [DEBUG] [org.gradle.cache.internal.DefaultFileLockManager] Lock acquired on daemon addresses registry.
2021-02-09T22:09:14.704+0800 [DEBUG] [org.gradle.cache.internal.DefaultFileLockManager] Releasing lock on daemon addresses registry.
2021-02-09T22:09:14.704+0800 [DEBUG] [org.gradle.cache.internal.DefaultFileLockManager] Waiting to acquire shared lock on daemon addresses registry.
2021-02-09T22:09:14.704+0800 [DEBUG] [org.gradle.cache.internal.DefaultFileLockManager] Lock acquired on daemon addresses registry.
2021-02-09T22:09:14.704+0800 [DEBUG] [org.gradle.cache.internal.DefaultFileLockManager] Releasing lock on daemon addresses registry.
2021-02-09T22:09:19.579+0800 [DEBUG] [org.gradle.internal.remote.internal.inet.TcpIncomingConnector] Accepted connection from /127.0.0.1:50527 to /127.0.0.1:50472.
2021-02-09T22:09:19.593+0800 [DEBUG] [org.gradle.launcher.daemon.server.SynchronizedDispatchConnection] thread 148: received class org.gradle.launcher.daemon.protocol.Build
2021-02-09T22:09:19.593+0800 [DEBUG] [org.gradle.launcher.daemon.server.DefaultDaemonConnection] thread 148: Received non-IO message from client: Build{id=10b993ff-cffa-4797-8307-45d8dbb11898, currentDir=/Users/adityabanerjee/Downloads/ip-master}
2021-02-09T22:09:19.593+0800 [INFO] [org.gradle.launcher.daemon.server.DefaultIncomingConnectionHandler] Received command: Build{id=10b993ff-cffa-4797-8307-45d8dbb11898, currentDir=/Users/adityabanerjee/Downloads/ip-master}.
2021-02-09T22:09:19.593+0800 [DEBUG] [org.gradle.launcher.daemon.server.DefaultIncomingConnectionHandler] Starting executing command: Build{id=10b993ff-cffa-4797-8307-45d8dbb11898, currentDir=/Users/adityabanerjee/Downloads/ip-master} with connection: socket connection from /127.0.0.1:50472 to /127.0.0.1:50527.
2021-02-09T22:09:19.594+0800 [ERROR] [org.gradle.launcher.daemon.server.DaemonStateCoordinator] Command execution: started DaemonCommandExecution[command = Build{id=10b993ff-cffa-4797-8307-45d8dbb11898, currentDir=/Users/adityabanerjee/Downloads/ip-master}, connection = DefaultDaemonConnection: socket connection from /127.0.0.1:50472 to /127.0.0.1:50527] after 0.0 minutes of idle
2021-02-09T22:09:19.594+0800 [INFO] [org.gradle.launcher.daemon.server.DaemonRegistryUpdater] Marking the daemon as busy, address: [14a94671-3376-462c-a41b-b17e3bf5f98a port:50472, addresses:[localhost/127.0.0.1]]
2021-02-09T22:09:19.595+0800 [DEBUG] [org.gradle.launcher.daemon.registry.PersistentDaemonRegistry] Marking busy by address: [14a94671-3376-462c-a41b-b17e3bf5f98a port:50472, addresses:[localhost/127.0.0.1]]
2021-02-09T22:09:19.595+0800 [DEBUG] [org.gradle.cache.internal.DefaultFileLockManager] Waiting to acquire exclusive lock on daemon addresses registry.
2021-02-09T22:09:19.595+0800 [DEBUG] [org.gradle.cache.internal.DefaultFileLockManager] Lock acquired on daemon addresses registry.
2021-02-09T22:09:19.596+0800 [DEBUG] [org.gradle.cache.internal.DefaultFileLockManager] Releasing lock on daemon addresses registry.
2021-02-09T22:09:19.596+0800 [DEBUG] [org.gradle.launcher.daemon.server.DaemonStateCoordinator] resetting idle timer
2021-02-09T22:09:19.596+0800 [DEBUG] [org.gradle.launcher.daemon.server.DaemonStateCoordinator] daemon is running. Sleeping until state changes.
2021-02-09T22:09:19.596+0800 [INFO] [org.gradle.launcher.daemon.server.exec.StartBuildOrRespondWithBusy] Daemon is about to start building Build{id=10b993ff-cffa-4797-8307-45d8dbb11898, currentDir=/Users/adityabanerjee/Downloads/ip-master}. Dispatching build started information...
2021-02-09T22:09:19.596+0800 [DEBUG] [org.gradle.launcher.daemon.server.SynchronizedDispatchConnection] thread 102: dispatching org.gradle.launcher.daemon.protocol.BuildStarted@472b1a90
2021-02-09T22:09:19.599+0800 [DEBUG] [org.gradle.launcher.daemon.server.exec.EstablishBuildEnvironment] Configuring env variables: [PATH, __CFBundleIdentifier, SHELL, OLDPWD, USER, COMMAND_MODE, TMPDIR, SSH_AUTH_SOCK, XPC_FLAGS, VERSIONER_PYTHON_VERSION, __CF_USER_TEXT_ENCODING, LOGNAME, LC_CTYPE, XPC_SERVICE_NAME, HOME]
2021-02-09T22:09:19.600+0800 [DEBUG] [org.gradle.launcher.daemon.server.exec.LogToClient] About to start relaying all logs to the client via the connection.
2021-02-09T22:09:19.601+0800 [INFO] [org.gradle.launcher.daemon.server.exec.LogToClient] The client will now receive all logging from the daemon (pid: 21286). The daemon log file: /Users/adityabanerjee/Downloads/ip-master/src/main/java/duke/daemon/6.7/daemon-21286.out.log
2021-02-09T22:09:19.602+0800 [INFO] [org.gradle.launcher.daemon.server.exec.LogAndCheckHealth] Starting 4th build in daemon [uptime: 4 mins 5.145 secs, performance: 100%, non-heap usage: 30% of 268.4 MB]
2021-02-09T22:09:19.603+0800 [DEBUG] [org.gradle.launcher.daemon.server.exec.ExecuteBuild] The daemon has started executing the build.
2021-02-09T22:09:19.603+0800 [DEBUG] [org.gradle.launcher.daemon.server.exec.ExecuteBuild] Executing build with daemon context: DefaultDaemonContext[uid=235618c3-dbbe-43c3-b026-ca33670235f9,javaHome=/Users/adityabanerjee/Library/Java/JavaVirtualMachines/openjdk-15.0.2/Contents/Home,daemonRegistryDir=/Users/adityabanerjee/Downloads/ip-master/src/main/java/duke/daemon,pid=21286,idleTimeout=10800000,priority=NORMAL,daemonOpts=--add-opens,java.base/java.util=ALL-UNNAMED,--add-opens,java.base/java.lang=ALL-UNNAMED,--add-opens,java.base/java.lang.invoke=ALL-UNNAMED,--add-opens,java.prefs/java.util.prefs=ALL-UNNAMED,-XX:MaxMetaspaceSize=256m,-XX:+HeapDumpOnOutOfMemoryError,-Xms256m,-Xmx512m,-Dfile.encoding=UTF-8,-Duser.country=SG,-Duser.language=en,-Duser.variant]
Hello from
 ____        _        
|  _ \ _   _| | _____ 
| | | | | | | |/ / _ \
| |_| | |_| |   <  __/
|____/ \__,_|_|\_\___|

Hello! I'm Duke
What can I do for you?
Exception in thread "main" java.lang.NullPointerException: Cannot invoke "String.split(String, int)" because the return value of "java.io.BufferedReader.readLine()" is null
	at duke.Parser.process(Parser.java:34)
	at duke.Duke.run(Duke.java:21)
	at duke.Duke.main(Duke.java:27)

FAILURE: Build failed with an exception.

* What went wrong:
Execution failed for task ':Duke.main()'.
> Build cancelled while executing task ':Duke.main()'

* Try:
Run with --stacktrace option to get the stack trace. Run with --info or --debug option to get more log output. Run with --scan to get full insights.

* Get more help at https://help.gradle.org

Deprecated Gradle features were used in this build, making it incompatible with Gradle 7.0.
Use '--warning-mode all' to show the individual deprecation warnings.
See https://docs.gradle.org/6.7/userguide/command_line_interface.html#sec:command_line_warnings

BUILD FAILED in 33m 30s
2 actionable tasks: 1 executed, 1 up-to-date
2021-02-09T22:42:50.311+0800 [DEBUG] [org.gradle.launcher.daemon.server.exec.ExecuteBuild] The daemon has finished executing the build.
2021-02-09T22:42:50.328+0800 [DEBUG] [org.gradle.launcher.daemon.server.DaemonStateCoordinator] Cancel: daemon is busy, sleeping until state changes.
2021-02-09T22:42:50.330+0800 [DEBUG] [org.gradle.launcher.daemon.server.DaemonStateCoordinator] Command execution: finished waiting for DaemonCommandExecution[command = Build{id=10b993ff-cffa-4797-8307-45d8dbb11898, currentDir=/Users/adityabanerjee/Downloads/ip-master}, connection = DefaultDaemonConnection: socket connection from /127.0.0.1:50472 to /127.0.0.1:50527]. Result org.gradle.launcher.daemon.server.DaemonStateCoordinator@72c9d418 with state Canceled
2021-02-09T22:42:50.330+0800 [DEBUG] [org.gradle.launcher.daemon.server.DaemonStateCoordinator] Command execution: completed DaemonCommandExecution[command = Build{id=10b993ff-cffa-4797-8307-45d8dbb11898, currentDir=/Users/adityabanerjee/Downloads/ip-master}, connection = DefaultDaemonConnection: socket connection from /127.0.0.1:50472 to /127.0.0.1:50527]
2021-02-09T22:42:50.332+0800 [DEBUG] [org.gradle.launcher.daemon.server.DaemonStateCoordinator] resetting idle timer
2021-02-09T22:42:50.332+0800 [INFO] [org.gradle.launcher.daemon.server.DaemonRegistryUpdater] Marking the daemon as idle, address: [14a94671-3376-462c-a41b-b17e3bf5f98a port:50472, addresses:[localhost/127.0.0.1]]
2021-02-09T22:42:50.332+0800 [DEBUG] [org.gradle.launcher.daemon.registry.PersistentDaemonRegistry] Marking busy by address: [14a94671-3376-462c-a41b-b17e3bf5f98a port:50472, addresses:[localhost/127.0.0.1]]
2021-02-09T22:42:50.333+0800 [DEBUG] [org.gradle.cache.internal.DefaultFileLockManager] Waiting to acquire exclusive lock on daemon addresses registry.
2021-02-09T22:42:50.333+0800 [DEBUG] [org.gradle.cache.internal.DefaultFileLockManager] Lock acquired on daemon addresses registry.
2021-02-09T22:42:50.334+0800 [DEBUG] [org.gradle.cache.internal.DefaultFileLockManager] Releasing lock on daemon addresses registry.
2021-02-09T22:42:50.334+0800 [DEBUG] [org.gradle.launcher.daemon.server.DaemonStateCoordinator] Cancel: daemon is idle now.
2021-02-09T22:42:50.335+0800 [DEBUG] [org.gradle.launcher.daemon.server.DaemonStateCoordinator] daemon is running. Sleeping until state changes.
2021-02-09T22:42:50.334+0800 [DEBUG] [org.gradle.launcher.daemon.server.exec.ReturnResult] Daemon is dispatching the build result: Success[value=org.gradle.launcher.exec.BuildActionResult@7cba20f1]
2021-02-09T22:42:50.335+0800 [DEBUG] [org.gradle.launcher.daemon.server.SynchronizedDispatchConnection] thread 99: dispatching Success[value=org.gradle.launcher.exec.BuildActionResult@7cba20f1]
2021-02-09T22:42:50.344+0800 [DEBUG] [org.gradle.launcher.daemon.server.DefaultIncomingConnectionHandler] Finishing executing command: Build{id=10b993ff-cffa-4797-8307-45d8dbb11898, currentDir=/Users/adityabanerjee/Downloads/ip-master}
2021-02-09T22:42:50.354+0800 [DEBUG] [org.gradle.launcher.daemon.server.SynchronizedDispatchConnection] thread 148: received class org.gradle.launcher.daemon.protocol.Finished
2021-02-09T22:42:50.356+0800 [DEBUG] [org.gradle.launcher.daemon.server.DefaultDaemonConnection] thread 148: Received non-IO message from client: org.gradle.launcher.daemon.protocol.Finished@1b6365
2021-02-09T22:42:50.358+0800 [DEBUG] [org.gradle.launcher.daemon.server.DefaultIncomingConnectionHandler] Received finished message: org.gradle.launcher.daemon.protocol.Finished@1b6365
2021-02-09T22:42:50.358+0800 [DEBUG] [org.gradle.launcher.daemon.server.SynchronizedDispatchConnection] thread 99: stopping connection
2021-02-09T22:42:50.359+0800 [DEBUG] [org.gradle.internal.remote.internal.inet.SocketConnection] Discarding EOFException: java.io.EOFException
2021-02-09T22:42:50.359+0800 [DEBUG] [org.gradle.launcher.daemon.server.SynchronizedDispatchConnection] thread 148: received null
2021-02-09T22:42:50.359+0800 [DEBUG] [org.gradle.launcher.daemon.server.DefaultDaemonConnection] thread 148: Received end-of-input from client.
2021-02-09T22:42:50.360+0800 [DEBUG] [org.gradle.launcher.daemon.server.SynchronizedDispatchConnection] thread 99: stopping connection
2021-02-09T22:42:51.805+0800 [DEBUG] [org.gradle.cache.internal.LockOnDemandCrossProcessCacheAccess] Lock on artifact cache (/Users/adityabanerjee/Downloads/ip-master/src/main/java/duke/caches/modules-2) requested by another process - releasing lock.
2021-02-09T22:42:51.805+0800 [DEBUG] [org.gradle.cache.internal.LockOnDemandCrossProcessCacheAccess] Releasing file lock for artifact cache (/Users/adityabanerjee/Downloads/ip-master/src/main/java/duke/caches/modules-2)
2021-02-09T22:42:51.806+0800 [DEBUG] [org.gradle.cache.internal.DefaultFileLockManager] Releasing lock on artifact cache (/Users/adityabanerjee/Downloads/ip-master/src/main/java/duke/caches/modules-2).
2021-02-09T22:42:51.807+0800 [DEBUG] [org.gradle.cache.internal.locklistener.FileLockCommunicator] Confirming lock release to Gradle process at port 60242 for lock with id 8438336598879725825.
2021-02-09T22:42:51.807+0800 [DEBUG] [org.gradle.cache.internal.locklistener.FileLockCommunicator] Confirming lock release to Gradle process at port 60242 for lock with id 8438336598879725825.
2021-02-09T22:42:52.749+0800 [DEBUG] [org.gradle.internal.remote.internal.inet.TcpIncomingConnector] Accepted connection from /127.0.0.1:50732 to /127.0.0.1:50472.
2021-02-09T22:42:52.779+0800 [DEBUG] [org.gradle.launcher.daemon.server.SynchronizedDispatchConnection] thread 181: received class org.gradle.launcher.daemon.protocol.StopWhenIdle
2021-02-09T22:42:52.779+0800 [DEBUG] [org.gradle.launcher.daemon.server.DefaultDaemonConnection] thread 181: Received non-IO message from client: StopWhenIdle[id=05513642-35e3-4fea-acd7-09bb05e9b18b]
2021-02-09T22:42:52.779+0800 [INFO] [org.gradle.launcher.daemon.server.DefaultIncomingConnectionHandler] Received command: StopWhenIdle[id=05513642-35e3-4fea-acd7-09bb05e9b18b].
2021-02-09T22:42:52.779+0800 [DEBUG] [org.gradle.launcher.daemon.server.DefaultIncomingConnectionHandler] Starting executing command: StopWhenIdle[id=05513642-35e3-4fea-acd7-09bb05e9b18b] with connection: socket connection from /127.0.0.1:50472 to /127.0.0.1:50732.
2021-02-09T22:42:52.780+0800 [DEBUG] [org.gradle.launcher.daemon.server.DaemonRegistryUpdater] Storing daemon stop event: stop command received
2021-02-09T22:42:52.785+0800 [DEBUG] [org.gradle.launcher.daemon.registry.PersistentDaemonRegistry] Storing daemon stop event with timestamp 1612881772781
2021-02-09T22:42:52.786+0800 [DEBUG] [org.gradle.cache.internal.DefaultFileLockManager] Waiting to acquire exclusive lock on daemon addresses registry.
2021-02-09T22:42:52.786+0800 [DEBUG] [org.gradle.cache.internal.DefaultFileLockManager] Lock acquired on daemon addresses registry.
2021-02-09T22:42:52.787+0800 [DEBUG] [org.gradle.cache.internal.DefaultFileLockManager] Releasing lock on daemon addresses registry.
2021-02-09T22:42:52.787+0800 [LIFECYCLE] [org.gradle.launcher.daemon.server.DaemonStateCoordinator] Daemon will be stopped at the end of the build stop command received
2021-02-09T22:42:52.788+0800 [DEBUG] [org.gradle.launcher.daemon.server.DaemonStateCoordinator] Marking daemon stopped due to stop command received. The daemon is running a build: false
2021-02-09T22:42:52.788+0800 [DEBUG] [org.gradle.launcher.daemon.server.DaemonStateCoordinator] daemon has stopped.
2021-02-09T22:42:52.788+0800 [DEBUG] [org.gradle.launcher.daemon.server.SynchronizedDispatchConnection] thread 99: dispatching Success[value=null]
2021-02-09T22:42:52.788+0800 [DEBUG] [org.gradle.launcher.daemon.server.Daemon] stop() called on daemon
2021-02-09T22:42:52.789+0800 [DEBUG] [org.gradle.launcher.daemon.server.DefaultIncomingConnectionHandler] Finishing executing command: StopWhenIdle[id=05513642-35e3-4fea-acd7-09bb05e9b18b]
2021-02-09T22:42:52.789+0800 [DEBUG] [org.gradle.launcher.daemon.server.SynchronizedDispatchConnection] thread 181: received class org.gradle.launcher.daemon.protocol.Finished
2021-02-09T22:42:52.789+0800 [INFO] [org.gradle.launcher.daemon.server.Daemon] Stop requested. Daemon is removing its presence from the registry...
2021-02-09T22:42:52.793+0800 [DEBUG] [org.gradle.launcher.daemon.server.DefaultDaemonConnection] thread 181: Received non-IO message from client: org.gradle.launcher.daemon.protocol.Finished@3511c6a2
2021-02-09T22:42:52.795+0800 [DEBUG] [org.gradle.launcher.daemon.server.DefaultIncomingConnectionHandler] Received finished message: org.gradle.launcher.daemon.protocol.Finished@3511c6a2
2021-02-09T22:42:52.798+0800 [DEBUG] [org.gradle.launcher.daemon.server.SynchronizedDispatchConnection] thread 99: stopping connection
2021-02-09T22:42:52.797+0800 [DEBUG] [org.gradle.launcher.daemon.server.DaemonRegistryUpdater] Removing our presence to clients, eg. removing this address from the registry: [14a94671-3376-462c-a41b-b17e3bf5f98a port:50472, addresses:[localhost/127.0.0.1]]
2021-02-09T22:42:52.795+0800 [DEBUG] [org.gradle.internal.remote.internal.inet.SocketConnection] Discarding EOFException: java.io.EOFException
2021-02-09T22:42:52.798+0800 [DEBUG] [org.gradle.launcher.daemon.server.SynchronizedDispatchConnection] thread 181: received null
2021-02-09T22:42:52.798+0800 [DEBUG] [org.gradle.launcher.daemon.server.DefaultDaemonConnection] thread 181: Received end-of-input from client.
2021-02-09T22:42:52.798+0800 [DEBUG] [org.gradle.launcher.daemon.registry.PersistentDaemonRegistry] Removing daemon address: [14a94671-3376-462c-a41b-b17e3bf5f98a port:50472, addresses:[localhost/127.0.0.1]]
2021-02-09T22:42:52.799+0800 [DEBUG] [org.gradle.launcher.daemon.server.SynchronizedDispatchConnection] thread 99: stopping connection
2021-02-09T22:42:52.800+0800 [DEBUG] [org.gradle.cache.internal.DefaultFileLockManager] Waiting to acquire exclusive lock on daemon addresses registry.
2021-02-09T22:42:52.800+0800 [DEBUG] [org.gradle.cache.internal.DefaultFileLockManager] Lock acquired on daemon addresses registry.
2021-02-09T22:42:52.802+0800 [DEBUG] [org.gradle.cache.internal.DefaultFileLockManager] Releasing lock on daemon addresses registry.
2021-02-09T22:42:52.803+0800 [DEBUG] [org.gradle.launcher.daemon.server.DaemonRegistryUpdater] Address removed from registry.
2021-02-09T22:42:52.819+0800 [DEBUG] [org.gradle.cache.internal.DefaultCacheAccess] Cache Artifact transforms cache (/Users/adityabanerjee/Downloads/ip-master/src/main/java/duke/caches/transforms-2) was closed 0 times.
2021-02-09T22:42:52.819+0800 [DEBUG] [org.gradle.cache.internal.DefaultCacheAccess] Cache artifact cache (/Users/adityabanerjee/Downloads/ip-master/src/main/java/duke/caches/modules-2) was closed 2 times.
2021-02-09T22:42:52.819+0800 [DEBUG] [org.gradle.cache.internal.DefaultCacheAccess] Cache Generated Gradle JARs cache (/Users/adityabanerjee/Downloads/ip-master/src/main/java/duke/caches/6.7/generated-gradle-jars) was closed 0 times.
2021-02-09T22:42:52.830+0800 [DEBUG] [org.gradle.cache.internal.VersionSpecificCacheCleanupAction] Processed version-specific caches at /Users/adityabanerjee/Downloads/ip-master/src/main/java/duke/caches for cleanup in 0.007 secs
2021-02-09T22:42:52.850+0800 [DEBUG] [org.gradle.launcher.daemon.registry.PersistentDaemonRegistry] Removing daemon address: [14a94671-3376-462c-a41b-b17e3bf5f98a port:50472, addresses:[localhost/127.0.0.1]]
Daemon vm is shutting down... The daemon has exited normally or was terminated in response to a user interrupt.
2021-02-09T22:42:52.850+0800 [DEBUG] [org.gradle.cache.internal.DefaultFileLockManager] Waiting to acquire exclusive lock on daemon addresses registry.
2021-02-09T22:42:52.850+0800 [DEBUG] [org.gradle.cache.internal.DefaultFileLockManager] Lock acquired on daemon addresses registry.
2021-02-09T22:42:52.852+0800 [DEBUG] [org.gradle.cache.internal.DefaultFileLockManager] Releasing lock on daemon addresses registry.
